#
# There is insufficient memory for the Java Runtime Environment to continue.
# Native memory allocation (malloc) failed to allocate 576416 bytes. Error detail: Chunk::new
# Possible reasons:
#   The system is out of physical RAM or swap space
#   This process is running with CompressedOops enabled, and the Java Heap may be blocking the growth of the native heap
# Possible solutions:
#   Reduce memory load on the system
#   Increase physical memory or swap space
#   Check if swap backing store is full
#   Decrease Java heap size (-Xmx/-Xms)
#   Decrease number of Java threads
#   Decrease Java thread stack sizes (-Xss)
#   Set larger code cache with -XX:ReservedCodeCacheSize=
#   JVM is running with Zero Based Compressed Oops mode in which the Java heap is
#     placed in the first 32GB address space. The Java Heap base address is the
#     maximum limit for the native heap growth. Please use -XX:HeapBaseMinAddress
#     to set the Java Heap base and to place the Java Heap above 32GB virtual address.
# This output file may be truncated or incomplete.
#
#  Out of Memory Error (arena.cpp:149), pid=88468, tid=108964
#
# JRE version: Java(TM) SE Runtime Environment (23.0+37) (build 23+37-2369)
# Java VM: Java HotSpot(TM) 64-Bit Server VM (23+37-2369, mixed mode, sharing, tiered, compressed oops, compressed class ptrs, g1 gc, windows-amd64)
# No core dump will be written. Minidumps are not enabled by default on client versions of Windows
#

---------------  S U M M A R Y ------------

Command Line: -Dfile.encoding=UTF-8 --module-path=C:\Users\carlo\Documents\NetBeansProjects\Electricity_Bills_System\build\classes electricity_bills_system.Login

Host: AMD Ryzen 7 7800X3D 8-Core Processor           , 16 cores, 31G,  Windows 11 , 64 bit Build 22621 (10.0.22621.4391)
Time: Fri Dec  6 02:56:17 2024 Hora estándar romance elapsed time: 0.352633 seconds (0d 0h 0m 0s)

---------------  T H R E A D  ---------------

Current thread (0x00000282f1249630):  JavaThread "C2 CompilerThread1" daemon [_thread_in_native, id=108964, stack(0x000000bd8cb00000,0x000000bd8cc00000) (1024K)]


Current CompileTask:
C2:352 1350   !   4       sun.font.TrueTypeFont::getTableBuffer (208 bytes)

Stack: [0x000000bd8cb00000,0x000000bd8cc00000]
Native frames: (J=compiled Java code, j=interpreted, Vv=VM code, C=native code)
V  [jvm.dll+0x6e08a9]  (no source info available)
V  [jvm.dll+0x87da63]  (no source info available)
V  [jvm.dll+0x87feee]  (no source info available)
V  [jvm.dll+0x8805c3]  (no source info available)
V  [jvm.dll+0x27aee6]  (no source info available)
V  [jvm.dll+0xbc06f]  (no source info available)
V  [jvm.dll+0xbc2cb]  (no source info available)
V  [jvm.dll+0x3b3a9c]  (no source info available)
V  [jvm.dll+0x1dc19c]  (no source info available)
V  [jvm.dll+0x244be5]  (no source info available)
V  [jvm.dll+0x243dff]  (no source info available)
V  [jvm.dll+0x1c33a0]  (no source info available)
V  [jvm.dll+0x253cf1]  (no source info available)
V  [jvm.dll+0x251faa]  (no source info available)
V  [jvm.dll+0x3ee036]  (no source info available)
V  [jvm.dll+0x824f1b]  (no source info available)
V  [jvm.dll+0x6df055]  (no source info available)
C  [ucrtbase.dll+0x29333]  (no source info available)
C  [KERNEL32.DLL+0x1259d]  (no source info available)
C  [ntdll.dll+0x5af38]  (no source info available)

Lock stack of current Java thread (top to bottom):


---------------  P R O C E S S  ---------------

Threads class SMR info:
_java_thread_list=0x00000282f1c12460, length=20, elements={
0x0000028284efbcb0, 0x00000282f10004a0, 0x00000282f1001ac0, 0x00000282f1007ff0,
0x00000282f1004b70, 0x00000282f10065b0, 0x00000282f1006c40, 0x00000282f1012330,
0x00000282f1016e30, 0x00000282f107ade0, 0x00000282f1005200, 0x00000282f11f7ee0,
0x00000282f1005890, 0x00000282f1249630, 0x00000282f1005f20, 0x00000282f10072d0,
0x00000282f1007960, 0x00000282fb911870, 0x00000282fb928770, 0x00000282fb910b50
}

Java Threads: ( => current thread )
  0x0000028284efbcb0 JavaThread "main"                              [_thread_in_native, id=107548, stack(0x000000bd8b700000,0x000000bd8b800000) (1024K)]
  0x00000282f10004a0 JavaThread "Reference Handler"          daemon [_thread_blocked, id=106756, stack(0x000000bd8bf00000,0x000000bd8c000000) (1024K)]
  0x00000282f1001ac0 JavaThread "Finalizer"                  daemon [_thread_blocked, id=96092, stack(0x000000bd8c000000,0x000000bd8c100000) (1024K)]
  0x00000282f1007ff0 JavaThread "Signal Dispatcher"          daemon [_thread_blocked, id=104244, stack(0x000000bd8c100000,0x000000bd8c200000) (1024K)]
  0x00000282f1004b70 JavaThread "Attach Listener"            daemon [_thread_blocked, id=108244, stack(0x000000bd8c200000,0x000000bd8c300000) (1024K)]
  0x00000282f10065b0 JavaThread "Service Thread"             daemon [_thread_blocked, id=99928, stack(0x000000bd8c300000,0x000000bd8c400000) (1024K)]
  0x00000282f1006c40 JavaThread "Monitor Deflation Thread"   daemon [_thread_blocked, id=108020, stack(0x000000bd8c400000,0x000000bd8c500000) (1024K)]
  0x00000282f1012330 JavaThread "C2 CompilerThread0"         daemon [_thread_blocked, id=86140, stack(0x000000bd8c500000,0x000000bd8c600000) (1024K)]
  0x00000282f1016e30 JavaThread "C1 CompilerThread0"         daemon [_thread_blocked, id=108816, stack(0x000000bd8c600000,0x000000bd8c700000) (1024K)]
  0x00000282f107ade0 JavaThread "C1 CompilerThread1"         daemon [_thread_blocked, id=105156, stack(0x000000bd8c700000,0x000000bd8c800000) (1024K)]
  0x00000282f1005200 JavaThread "Common-Cleaner"             daemon [_thread_blocked, id=97720, stack(0x000000bd8c800000,0x000000bd8c900000) (1024K)]
  0x00000282f11f7ee0 JavaThread "C1 CompilerThread2"         daemon [_thread_blocked, id=103836, stack(0x000000bd8c900000,0x000000bd8ca00000) (1024K)]
  0x00000282f1005890 JavaThread "Notification Thread"        daemon [_thread_blocked, id=74904, stack(0x000000bd8ca00000,0x000000bd8cb00000) (1024K)]
=>0x00000282f1249630 JavaThread "C2 CompilerThread1"         daemon [_thread_in_native, id=108964, stack(0x000000bd8cb00000,0x000000bd8cc00000) (1024K)]
  0x00000282f1005f20 JavaThread "Java2D Disposer"            daemon [_thread_blocked, id=62024, stack(0x000000bd8cc00000,0x000000bd8cd00000) (1024K)]
  0x00000282f10072d0 JavaThread "AWT-Shutdown"                      [_thread_blocked, id=109072, stack(0x000000bd8cd00000,0x000000bd8ce00000) (1024K)]
  0x00000282f1007960 JavaThread "AWT-Windows"                daemon [_thread_in_native, id=102196, stack(0x000000bd8ce00000,0x000000bd8cf00000) (1024K)]
  0x00000282fb911870 JavaThread "Image Fetcher 0"            daemon [_thread_blocked, id=108536, stack(0x000000bd8df00000,0x000000bd8e000000) (1024K)]
  0x00000282fb928770 JavaThread "C1 CompilerThread3"         daemon [_thread_blocked, id=18072, stack(0x000000bd8e000000,0x000000bd8e100000) (1024K)]
  0x00000282fb910b50 JavaThread "AWT-EventQueue-0"                  [_thread_in_native, id=106420, stack(0x000000bd8e100000,0x000000bd8e200000) (1024K)]
Total: 20

Other Threads:
  0x00000282ab2e75d0 VMThread "VM Thread"                           [id=98892, stack(0x000000bd8be00000,0x000000bd8bf00000) (1024K)]
  0x00000282ab2d10e0 WatcherThread "VM Periodic Task Thread"        [id=108560, stack(0x000000bd8bd00000,0x000000bd8be00000) (1024K)]
  0x00000282873be450 WorkerThread "GC Thread#0"                     [id=107616, stack(0x000000bd8b800000,0x000000bd8b900000) (1024K)]
  0x00000282873d2df0 ConcurrentGCThread "G1 Main Marker"            [id=109344, stack(0x000000bd8b900000,0x000000bd8ba00000) (1024K)]
  0x00000282873d50b0 WorkerThread "G1 Conc#0"                       [id=107460, stack(0x000000bd8ba00000,0x000000bd8bb00000) (1024K)]
  0x00000282ab1a59f0 ConcurrentGCThread "G1 Refine#0"               [id=109020, stack(0x000000bd8bb00000,0x000000bd8bc00000) (1024K)]
  0x00000282ab1a6570 ConcurrentGCThread "G1 Service"                [id=107888, stack(0x000000bd8bc00000,0x000000bd8bd00000) (1024K)]
Total: 7

Threads with active compile tasks:
C2 CompilerThread1  372 1350   !   4       sun.font.TrueTypeFont::getTableBuffer (208 bytes)
Total: 1

VM state: not at safepoint (normal execution)

VM Mutex/Monitor currently owned by a thread: None

Heap address: 0x000000060d400000, size: 7980 MB, Compressed Oops mode: Zero based, Oop shift amount: 3

CDS archive(s) mapped at: [0x00000282ac000000-0x00000282acd70000-0x00000282acd70000), size 14090240, SharedBaseAddress: 0x00000282ac000000, ArchiveRelocationMode: 1.
Compressed class space mapped at: 0x00000282ad000000-0x00000282ed000000, reserved size: 1073741824
Narrow klass base: 0x00000282ac000000, Narrow klass shift: 0, Narrow klass range: 0x41000000

GC Precious Log:
 CardTable entry size: 512
 Card Set container configuration: InlinePtr #cards 4 size 8 Array Of Cards #cards 32 size 80 Howl #buckets 8 coarsen threshold 7372 Howl Bitmap #cards 1024 size 144 coarsen threshold 921 Card regions per heap region 1 cards per card region 8192
 CPUs: 16 total, 16 available
 Memory: 31904M
 Large Page Support: Disabled
 NUMA Support: Disabled
 Compressed Oops: Enabled (Zero based)
 Heap Region Size: 4M
 Heap Min Capacity: 8M
 Heap Initial Capacity: 500M
 Heap Max Capacity: 7980M
 Pre-touch: Disabled
 Parallel Workers: 13
 Concurrent Workers: 3
 Concurrent Refinement Workers: 13
 Periodic GC: Disabled

Heap:
 garbage-first heap   total reserved 8171520K, committed 512000K, used 24576K [0x000000060d400000, 0x0000000800000000)
  region size 4096K, 6 young (24576K), 0 survivors (0K)
 Metaspace       used 8074K, committed 8320K, reserved 1114112K
  class space    used 901K, committed 1024K, reserved 1048576K

Heap Regions: E=young(eden), S=young(survivor), O=old, HS=humongous(starts), HC=humongous(continues), CS=collection set, F=free, TAMS=top-at-mark-start, PB=parsable bottom
|   0|0x000000060d400000, 0x000000060d800000, 0x000000060d800000|100%|HS|  |TAMS 0x000000060d400000| PB 0x000000060d400000| Complete |  0
|   1|0x000000060d800000, 0x000000060d800000, 0x000000060dc00000|  0%| F|  |TAMS 0x000000060d800000| PB 0x000000060d800000| Untracked |  0
|   2|0x000000060dc00000, 0x000000060dc00000, 0x000000060e000000|  0%| F|  |TAMS 0x000000060dc00000| PB 0x000000060dc00000| Untracked |  0
|   3|0x000000060e000000, 0x000000060e000000, 0x000000060e400000|  0%| F|  |TAMS 0x000000060e000000| PB 0x000000060e000000| Untracked |  0
|   4|0x000000060e400000, 0x000000060e400000, 0x000000060e800000|  0%| F|  |TAMS 0x000000060e400000| PB 0x000000060e400000| Untracked |  0
|   5|0x000000060e800000, 0x000000060e800000, 0x000000060ec00000|  0%| F|  |TAMS 0x000000060e800000| PB 0x000000060e800000| Untracked |  0
|   6|0x000000060ec00000, 0x000000060ec00000, 0x000000060f000000|  0%| F|  |TAMS 0x000000060ec00000| PB 0x000000060ec00000| Untracked |  0
|   7|0x000000060f000000, 0x000000060f000000, 0x000000060f400000|  0%| F|  |TAMS 0x000000060f000000| PB 0x000000060f000000| Untracked |  0
|   8|0x000000060f400000, 0x000000060f400000, 0x000000060f800000|  0%| F|  |TAMS 0x000000060f400000| PB 0x000000060f400000| Untracked |  0
|   9|0x000000060f800000, 0x000000060f800000, 0x000000060fc00000|  0%| F|  |TAMS 0x000000060f800000| PB 0x000000060f800000| Untracked |  0
|  10|0x000000060fc00000, 0x000000060fc00000, 0x0000000610000000|  0%| F|  |TAMS 0x000000060fc00000| PB 0x000000060fc00000| Untracked |  0
|  11|0x0000000610000000, 0x0000000610000000, 0x0000000610400000|  0%| F|  |TAMS 0x0000000610000000| PB 0x0000000610000000| Untracked |  0
|  12|0x0000000610400000, 0x0000000610400000, 0x0000000610800000|  0%| F|  |TAMS 0x0000000610400000| PB 0x0000000610400000| Untracked |  0
|  13|0x0000000610800000, 0x0000000610800000, 0x0000000610c00000|  0%| F|  |TAMS 0x0000000610800000| PB 0x0000000610800000| Untracked |  0
|  14|0x0000000610c00000, 0x0000000610c00000, 0x0000000611000000|  0%| F|  |TAMS 0x0000000610c00000| PB 0x0000000610c00000| Untracked |  0
|  15|0x0000000611000000, 0x0000000611000000, 0x0000000611400000|  0%| F|  |TAMS 0x0000000611000000| PB 0x0000000611000000| Untracked |  0
|  16|0x0000000611400000, 0x0000000611400000, 0x0000000611800000|  0%| F|  |TAMS 0x0000000611400000| PB 0x0000000611400000| Untracked |  0
|  17|0x0000000611800000, 0x0000000611800000, 0x0000000611c00000|  0%| F|  |TAMS 0x0000000611800000| PB 0x0000000611800000| Untracked |  0
|  18|0x0000000611c00000, 0x0000000611c00000, 0x0000000612000000|  0%| F|  |TAMS 0x0000000611c00000| PB 0x0000000611c00000| Untracked |  0
|  19|0x0000000612000000, 0x0000000612000000, 0x0000000612400000|  0%| F|  |TAMS 0x0000000612000000| PB 0x0000000612000000| Untracked |  0
|  20|0x0000000612400000, 0x0000000612400000, 0x0000000612800000|  0%| F|  |TAMS 0x0000000612400000| PB 0x0000000612400000| Untracked |  0
|  21|0x0000000612800000, 0x0000000612800000, 0x0000000612c00000|  0%| F|  |TAMS 0x0000000612800000| PB 0x0000000612800000| Untracked |  0
|  22|0x0000000612c00000, 0x0000000612c00000, 0x0000000613000000|  0%| F|  |TAMS 0x0000000612c00000| PB 0x0000000612c00000| Untracked |  0
|  23|0x0000000613000000, 0x0000000613000000, 0x0000000613400000|  0%| F|  |TAMS 0x0000000613000000| PB 0x0000000613000000| Untracked |  0
|  24|0x0000000613400000, 0x0000000613400000, 0x0000000613800000|  0%| F|  |TAMS 0x0000000613400000| PB 0x0000000613400000| Untracked |  0
|  25|0x0000000613800000, 0x0000000613800000, 0x0000000613c00000|  0%| F|  |TAMS 0x0000000613800000| PB 0x0000000613800000| Untracked |  0
|  26|0x0000000613c00000, 0x0000000613c00000, 0x0000000614000000|  0%| F|  |TAMS 0x0000000613c00000| PB 0x0000000613c00000| Untracked |  0
|  27|0x0000000614000000, 0x0000000614000000, 0x0000000614400000|  0%| F|  |TAMS 0x0000000614000000| PB 0x0000000614000000| Untracked |  0
|  28|0x0000000614400000, 0x0000000614400000, 0x0000000614800000|  0%| F|  |TAMS 0x0000000614400000| PB 0x0000000614400000| Untracked |  0
|  29|0x0000000614800000, 0x0000000614800000, 0x0000000614c00000|  0%| F|  |TAMS 0x0000000614800000| PB 0x0000000614800000| Untracked |  0
|  30|0x0000000614c00000, 0x0000000614c00000, 0x0000000615000000|  0%| F|  |TAMS 0x0000000614c00000| PB 0x0000000614c00000| Untracked |  0
|  31|0x0000000615000000, 0x0000000615000000, 0x0000000615400000|  0%| F|  |TAMS 0x0000000615000000| PB 0x0000000615000000| Untracked |  0
|  32|0x0000000615400000, 0x0000000615400000, 0x0000000615800000|  0%| F|  |TAMS 0x0000000615400000| PB 0x0000000615400000| Untracked |  0
|  33|0x0000000615800000, 0x0000000615800000, 0x0000000615c00000|  0%| F|  |TAMS 0x0000000615800000| PB 0x0000000615800000| Untracked |  0
|  34|0x0000000615c00000, 0x0000000615c00000, 0x0000000616000000|  0%| F|  |TAMS 0x0000000615c00000| PB 0x0000000615c00000| Untracked |  0
|  35|0x0000000616000000, 0x0000000616000000, 0x0000000616400000|  0%| F|  |TAMS 0x0000000616000000| PB 0x0000000616000000| Untracked |  0
|  36|0x0000000616400000, 0x0000000616400000, 0x0000000616800000|  0%| F|  |TAMS 0x0000000616400000| PB 0x0000000616400000| Untracked |  0
|  37|0x0000000616800000, 0x0000000616800000, 0x0000000616c00000|  0%| F|  |TAMS 0x0000000616800000| PB 0x0000000616800000| Untracked |  0
|  38|0x0000000616c00000, 0x0000000616c00000, 0x0000000617000000|  0%| F|  |TAMS 0x0000000616c00000| PB 0x0000000616c00000| Untracked |  0
|  39|0x0000000617000000, 0x0000000617000000, 0x0000000617400000|  0%| F|  |TAMS 0x0000000617000000| PB 0x0000000617000000| Untracked |  0
|  40|0x0000000617400000, 0x0000000617400000, 0x0000000617800000|  0%| F|  |TAMS 0x0000000617400000| PB 0x0000000617400000| Untracked |  0
|  41|0x0000000617800000, 0x0000000617800000, 0x0000000617c00000|  0%| F|  |TAMS 0x0000000617800000| PB 0x0000000617800000| Untracked |  0
|  42|0x0000000617c00000, 0x0000000617c00000, 0x0000000618000000|  0%| F|  |TAMS 0x0000000617c00000| PB 0x0000000617c00000| Untracked |  0
|  43|0x0000000618000000, 0x0000000618000000, 0x0000000618400000|  0%| F|  |TAMS 0x0000000618000000| PB 0x0000000618000000| Untracked |  0
|  44|0x0000000618400000, 0x0000000618400000, 0x0000000618800000|  0%| F|  |TAMS 0x0000000618400000| PB 0x0000000618400000| Untracked |  0
|  45|0x0000000618800000, 0x0000000618800000, 0x0000000618c00000|  0%| F|  |TAMS 0x0000000618800000| PB 0x0000000618800000| Untracked |  0
|  46|0x0000000618c00000, 0x0000000618c00000, 0x0000000619000000|  0%| F|  |TAMS 0x0000000618c00000| PB 0x0000000618c00000| Untracked |  0
|  47|0x0000000619000000, 0x0000000619000000, 0x0000000619400000|  0%| F|  |TAMS 0x0000000619000000| PB 0x0000000619000000| Untracked |  0
|  48|0x0000000619400000, 0x0000000619400000, 0x0000000619800000|  0%| F|  |TAMS 0x0000000619400000| PB 0x0000000619400000| Untracked |  0
|  49|0x0000000619800000, 0x0000000619800000, 0x0000000619c00000|  0%| F|  |TAMS 0x0000000619800000| PB 0x0000000619800000| Untracked |  0
|  50|0x0000000619c00000, 0x0000000619c00000, 0x000000061a000000|  0%| F|  |TAMS 0x0000000619c00000| PB 0x0000000619c00000| Untracked |  0
|  51|0x000000061a000000, 0x000000061a000000, 0x000000061a400000|  0%| F|  |TAMS 0x000000061a000000| PB 0x000000061a000000| Untracked |  0
|  52|0x000000061a400000, 0x000000061a400000, 0x000000061a800000|  0%| F|  |TAMS 0x000000061a400000| PB 0x000000061a400000| Untracked |  0
|  53|0x000000061a800000, 0x000000061a800000, 0x000000061ac00000|  0%| F|  |TAMS 0x000000061a800000| PB 0x000000061a800000| Untracked |  0
|  54|0x000000061ac00000, 0x000000061ac00000, 0x000000061b000000|  0%| F|  |TAMS 0x000000061ac00000| PB 0x000000061ac00000| Untracked |  0
|  55|0x000000061b000000, 0x000000061b000000, 0x000000061b400000|  0%| F|  |TAMS 0x000000061b000000| PB 0x000000061b000000| Untracked |  0
|  56|0x000000061b400000, 0x000000061b400000, 0x000000061b800000|  0%| F|  |TAMS 0x000000061b400000| PB 0x000000061b400000| Untracked |  0
|  57|0x000000061b800000, 0x000000061b800000, 0x000000061bc00000|  0%| F|  |TAMS 0x000000061b800000| PB 0x000000061b800000| Untracked |  0
|  58|0x000000061bc00000, 0x000000061bc00000, 0x000000061c000000|  0%| F|  |TAMS 0x000000061bc00000| PB 0x000000061bc00000| Untracked |  0
|  59|0x000000061c000000, 0x000000061c000000, 0x000000061c400000|  0%| F|  |TAMS 0x000000061c000000| PB 0x000000061c000000| Untracked |  0
|  60|0x000000061c400000, 0x000000061c400000, 0x000000061c800000|  0%| F|  |TAMS 0x000000061c400000| PB 0x000000061c400000| Untracked |  0
|  61|0x000000061c800000, 0x000000061c800000, 0x000000061cc00000|  0%| F|  |TAMS 0x000000061c800000| PB 0x000000061c800000| Untracked |  0
|  62|0x000000061cc00000, 0x000000061cc00000, 0x000000061d000000|  0%| F|  |TAMS 0x000000061cc00000| PB 0x000000061cc00000| Untracked |  0
|  63|0x000000061d000000, 0x000000061d000000, 0x000000061d400000|  0%| F|  |TAMS 0x000000061d000000| PB 0x000000061d000000| Untracked |  0
|  64|0x000000061d400000, 0x000000061d400000, 0x000000061d800000|  0%| F|  |TAMS 0x000000061d400000| PB 0x000000061d400000| Untracked |  0
|  65|0x000000061d800000, 0x000000061d800000, 0x000000061dc00000|  0%| F|  |TAMS 0x000000061d800000| PB 0x000000061d800000| Untracked |  0
|  66|0x000000061dc00000, 0x000000061dc00000, 0x000000061e000000|  0%| F|  |TAMS 0x000000061dc00000| PB 0x000000061dc00000| Untracked |  0
|  67|0x000000061e000000, 0x000000061e000000, 0x000000061e400000|  0%| F|  |TAMS 0x000000061e000000| PB 0x000000061e000000| Untracked |  0
|  68|0x000000061e400000, 0x000000061e400000, 0x000000061e800000|  0%| F|  |TAMS 0x000000061e400000| PB 0x000000061e400000| Untracked |  0
|  69|0x000000061e800000, 0x000000061e800000, 0x000000061ec00000|  0%| F|  |TAMS 0x000000061e800000| PB 0x000000061e800000| Untracked |  0
|  70|0x000000061ec00000, 0x000000061ec00000, 0x000000061f000000|  0%| F|  |TAMS 0x000000061ec00000| PB 0x000000061ec00000| Untracked |  0
|  71|0x000000061f000000, 0x000000061f000000, 0x000000061f400000|  0%| F|  |TAMS 0x000000061f000000| PB 0x000000061f000000| Untracked |  0
|  72|0x000000061f400000, 0x000000061f400000, 0x000000061f800000|  0%| F|  |TAMS 0x000000061f400000| PB 0x000000061f400000| Untracked |  0
|  73|0x000000061f800000, 0x000000061f800000, 0x000000061fc00000|  0%| F|  |TAMS 0x000000061f800000| PB 0x000000061f800000| Untracked |  0
|  74|0x000000061fc00000, 0x000000061fc00000, 0x0000000620000000|  0%| F|  |TAMS 0x000000061fc00000| PB 0x000000061fc00000| Untracked |  0
|  75|0x0000000620000000, 0x0000000620000000, 0x0000000620400000|  0%| F|  |TAMS 0x0000000620000000| PB 0x0000000620000000| Untracked |  0
|  76|0x0000000620400000, 0x0000000620400000, 0x0000000620800000|  0%| F|  |TAMS 0x0000000620400000| PB 0x0000000620400000| Untracked |  0
|  77|0x0000000620800000, 0x0000000620800000, 0x0000000620c00000|  0%| F|  |TAMS 0x0000000620800000| PB 0x0000000620800000| Untracked |  0
|  78|0x0000000620c00000, 0x0000000620c00000, 0x0000000621000000|  0%| F|  |TAMS 0x0000000620c00000| PB 0x0000000620c00000| Untracked |  0
|  79|0x0000000621000000, 0x0000000621000000, 0x0000000621400000|  0%| F|  |TAMS 0x0000000621000000| PB 0x0000000621000000| Untracked |  0
|  80|0x0000000621400000, 0x0000000621400000, 0x0000000621800000|  0%| F|  |TAMS 0x0000000621400000| PB 0x0000000621400000| Untracked |  0
|  81|0x0000000621800000, 0x0000000621800000, 0x0000000621c00000|  0%| F|  |TAMS 0x0000000621800000| PB 0x0000000621800000| Untracked |  0
|  82|0x0000000621c00000, 0x0000000621c00000, 0x0000000622000000|  0%| F|  |TAMS 0x0000000621c00000| PB 0x0000000621c00000| Untracked |  0
|  83|0x0000000622000000, 0x0000000622000000, 0x0000000622400000|  0%| F|  |TAMS 0x0000000622000000| PB 0x0000000622000000| Untracked |  0
|  84|0x0000000622400000, 0x0000000622400000, 0x0000000622800000|  0%| F|  |TAMS 0x0000000622400000| PB 0x0000000622400000| Untracked |  0
|  85|0x0000000622800000, 0x0000000622800000, 0x0000000622c00000|  0%| F|  |TAMS 0x0000000622800000| PB 0x0000000622800000| Untracked |  0
|  86|0x0000000622c00000, 0x0000000622c00000, 0x0000000623000000|  0%| F|  |TAMS 0x0000000622c00000| PB 0x0000000622c00000| Untracked |  0
|  87|0x0000000623000000, 0x0000000623000000, 0x0000000623400000|  0%| F|  |TAMS 0x0000000623000000| PB 0x0000000623000000| Untracked |  0
|  88|0x0000000623400000, 0x0000000623400000, 0x0000000623800000|  0%| F|  |TAMS 0x0000000623400000| PB 0x0000000623400000| Untracked |  0
|  89|0x0000000623800000, 0x0000000623800000, 0x0000000623c00000|  0%| F|  |TAMS 0x0000000623800000| PB 0x0000000623800000| Untracked |  0
|  90|0x0000000623c00000, 0x0000000623c00000, 0x0000000624000000|  0%| F|  |TAMS 0x0000000623c00000| PB 0x0000000623c00000| Untracked |  0
|  91|0x0000000624000000, 0x0000000624000000, 0x0000000624400000|  0%| F|  |TAMS 0x0000000624000000| PB 0x0000000624000000| Untracked |  0
|  92|0x0000000624400000, 0x0000000624400000, 0x0000000624800000|  0%| F|  |TAMS 0x0000000624400000| PB 0x0000000624400000| Untracked |  0
|  93|0x0000000624800000, 0x0000000624800000, 0x0000000624c00000|  0%| F|  |TAMS 0x0000000624800000| PB 0x0000000624800000| Untracked |  0
|  94|0x0000000624c00000, 0x0000000624c00000, 0x0000000625000000|  0%| F|  |TAMS 0x0000000624c00000| PB 0x0000000624c00000| Untracked |  0
|  95|0x0000000625000000, 0x0000000625000000, 0x0000000625400000|  0%| F|  |TAMS 0x0000000625000000| PB 0x0000000625000000| Untracked |  0
|  96|0x0000000625400000, 0x0000000625400000, 0x0000000625800000|  0%| F|  |TAMS 0x0000000625400000| PB 0x0000000625400000| Untracked |  0
|  97|0x0000000625800000, 0x0000000625800000, 0x0000000625c00000|  0%| F|  |TAMS 0x0000000625800000| PB 0x0000000625800000| Untracked |  0
|  98|0x0000000625c00000, 0x0000000625c00000, 0x0000000626000000|  0%| F|  |TAMS 0x0000000625c00000| PB 0x0000000625c00000| Untracked |  0
|  99|0x0000000626000000, 0x0000000626000000, 0x0000000626400000|  0%| F|  |TAMS 0x0000000626000000| PB 0x0000000626000000| Untracked |  0
| 100|0x0000000626400000, 0x0000000626400000, 0x0000000626800000|  0%| F|  |TAMS 0x0000000626400000| PB 0x0000000626400000| Untracked |  0
| 101|0x0000000626800000, 0x0000000626800000, 0x0000000626c00000|  0%| F|  |TAMS 0x0000000626800000| PB 0x0000000626800000| Untracked |  0
| 102|0x0000000626c00000, 0x0000000626c00000, 0x0000000627000000|  0%| F|  |TAMS 0x0000000626c00000| PB 0x0000000626c00000| Untracked |  0
| 103|0x0000000627000000, 0x0000000627000000, 0x0000000627400000|  0%| F|  |TAMS 0x0000000627000000| PB 0x0000000627000000| Untracked |  0
| 104|0x0000000627400000, 0x0000000627400000, 0x0000000627800000|  0%| F|  |TAMS 0x0000000627400000| PB 0x0000000627400000| Untracked |  0
| 105|0x0000000627800000, 0x0000000627800000, 0x0000000627c00000|  0%| F|  |TAMS 0x0000000627800000| PB 0x0000000627800000| Untracked |  0
| 106|0x0000000627c00000, 0x0000000627c00000, 0x0000000628000000|  0%| F|  |TAMS 0x0000000627c00000| PB 0x0000000627c00000| Untracked |  0
| 107|0x0000000628000000, 0x0000000628000000, 0x0000000628400000|  0%| F|  |TAMS 0x0000000628000000| PB 0x0000000628000000| Untracked |  0
| 108|0x0000000628400000, 0x0000000628400000, 0x0000000628800000|  0%| F|  |TAMS 0x0000000628400000| PB 0x0000000628400000| Untracked |  0
| 109|0x0000000628800000, 0x0000000628800000, 0x0000000628c00000|  0%| F|  |TAMS 0x0000000628800000| PB 0x0000000628800000| Untracked |  0
| 110|0x0000000628c00000, 0x0000000628c00000, 0x0000000629000000|  0%| F|  |TAMS 0x0000000628c00000| PB 0x0000000628c00000| Untracked |  0
| 111|0x0000000629000000, 0x0000000629000000, 0x0000000629400000|  0%| F|  |TAMS 0x0000000629000000| PB 0x0000000629000000| Untracked |  0
| 112|0x0000000629400000, 0x0000000629400000, 0x0000000629800000|  0%| F|  |TAMS 0x0000000629400000| PB 0x0000000629400000| Untracked |  0
| 113|0x0000000629800000, 0x0000000629800000, 0x0000000629c00000|  0%| F|  |TAMS 0x0000000629800000| PB 0x0000000629800000| Untracked |  0
| 114|0x0000000629c00000, 0x0000000629c00000, 0x000000062a000000|  0%| F|  |TAMS 0x0000000629c00000| PB 0x0000000629c00000| Untracked |  0
| 115|0x000000062a000000, 0x000000062a000000, 0x000000062a400000|  0%| F|  |TAMS 0x000000062a000000| PB 0x000000062a000000| Untracked |  0
| 116|0x000000062a400000, 0x000000062a400000, 0x000000062a800000|  0%| F|  |TAMS 0x000000062a400000| PB 0x000000062a400000| Untracked |  0
| 117|0x000000062a800000, 0x000000062a800000, 0x000000062ac00000|  0%| F|  |TAMS 0x000000062a800000| PB 0x000000062a800000| Untracked |  0
| 118|0x000000062ac00000, 0x000000062ac00000, 0x000000062b000000|  0%| F|  |TAMS 0x000000062ac00000| PB 0x000000062ac00000| Untracked |  0
| 119|0x000000062b000000, 0x000000062b3dbb20, 0x000000062b400000| 96%| E|  |TAMS 0x000000062b000000| PB 0x000000062b000000| Complete |  0
| 120|0x000000062b400000, 0x000000062b800000, 0x000000062b800000|100%| E|CS|TAMS 0x000000062b400000| PB 0x000000062b400000| Complete |  0
| 121|0x000000062b800000, 0x000000062bc00000, 0x000000062bc00000|100%| E|CS|TAMS 0x000000062b800000| PB 0x000000062b800000| Complete |  0
| 122|0x000000062bc00000, 0x000000062c000000, 0x000000062c000000|100%| E|CS|TAMS 0x000000062bc00000| PB 0x000000062bc00000| Complete |  0
| 123|0x000000062c000000, 0x000000062c400000, 0x000000062c400000|100%| E|CS|TAMS 0x000000062c000000| PB 0x000000062c000000| Complete |  0
| 124|0x000000062c400000, 0x000000062c800000, 0x000000062c800000|100%| E|CS|TAMS 0x000000062c400000| PB 0x000000062c400000| Complete |  0

Card table byte_map: [0x00000282a0290000,0x00000282a1230000] _byte_map_base: 0x000002829d226000

Marking Bits: (CMBitMap*) 0x00000282873beb60
 Bits: [0x00000282a1230000, 0x00000282a8ee0000)

Polling page: 0x0000028285140000

Metaspace:

Usage:
  Non-class:      7.01 MB used.
      Class:    901.29 KB used.
       Both:      7.89 MB used.

Virtual space:
  Non-class space:       64.00 MB reserved,       7.12 MB ( 11%) committed,  1 nodes.
      Class space:        1.00 GB reserved,       1.00 MB ( <1%) committed,  1 nodes.
             Both:        1.06 GB reserved,       8.12 MB ( <1%) committed. 

Chunk freelists:
   Non-Class:  8.48 MB
       Class:  15.04 MB
        Both:  23.52 MB

MaxMetaspaceSize: unlimited
CompressedClassSpaceSize: 1.00 GB
Initial GC threshold: 21.00 MB
Current GC threshold: 21.00 MB
CDS: on
 - commit_granule_bytes: 65536.
 - commit_granule_words: 8192.
 - virtual_space_node_default_size: 8388608.
 - enlarge_chunks_in_place: 1.
 - use_allocation_guard: 0.


Internal statistics:

num_allocs_failed_limit: 0.
num_arena_births: 148.
num_arena_deaths: 0.
num_vsnodes_births: 2.
num_vsnodes_deaths: 0.
num_space_committed: 130.
num_space_uncommitted: 0.
num_chunks_returned_to_freelist: 0.
num_chunks_taken_from_freelist: 196.
num_chunk_merges: 0.
num_chunk_splits: 111.
num_chunks_enlarged: 41.
num_inconsistent_stats: 0.

CodeHeap 'non-profiled nmethods': size=119232Kb used=347Kb max_used=347Kb free=118884Kb
 bounds [0x00000282975e0000, 0x0000028297850000, 0x000002829ea50000]
CodeHeap 'profiled nmethods': size=119104Kb used=1805Kb max_used=1805Kb free=117299Kb
 bounds [0x000002828fa50000, 0x000002828fcc0000, 0x0000028296ea0000]
CodeHeap 'non-nmethods': size=7424Kb used=3390Kb max_used=3399Kb free=4033Kb
 bounds [0x0000028296ea0000, 0x0000028297200000, 0x00000282975e0000]
CodeCache: size=245760Kb, used=5542Kb, max_used=5551Kb, free=240216Kb
 total_blobs=2030, nmethods=1392, adapters=541, full_count=0
Compilation: enabled, stopped_count=0, restarted_count=0

Compilation events (20 events):
Event: 0.343 Thread 0x00000282f1016e30 1369   !   3       sun.font.TrueTypeFont::getAllFullNames (30 bytes)
Event: 0.343 Thread 0x00000282f11f7ee0 1370   !   3       sun.font.TrueTypeFont::getAllFamilyNames (30 bytes)
Event: 0.343 Thread 0x00000282fb928770 1371  s    3       sun.font.FontFamily::addLocaleNames (45 bytes)
Event: 0.343 Thread 0x00000282f1016e30 nmethod 1369 0x000002828fc0d988 code [0x000002828fc0db20, 0x000002828fc0e3f0]
Event: 0.343 Thread 0x00000282f11f7ee0 nmethod 1370 0x000002828fc0e488 code [0x000002828fc0e620, 0x000002828fc0eef0]
Event: 0.343 Thread 0x00000282fb928770 nmethod 1371 0x000002828fc0ef88 code [0x000002828fc0f140, 0x000002828fc0fa68]
Event: 0.343 Thread 0x00000282f1012330 nmethod 1367 0x0000028297632d88 code [0x0000028297632ec0, 0x0000028297633408]
Event: 0.343 Thread 0x00000282f1012330 1368       4       java.nio.ByteBuffer::limit (6 bytes)
Event: 0.344 Thread 0x00000282f1012330 nmethod 1368 0x0000028297633508 code [0x0000028297633620, 0x0000028297633758]
Event: 0.344 Thread 0x00000282f1012330 1372       4       jdk.internal.util.ArraysSupport::hashCodeOfUnsigned (55 bytes)
Event: 0.344 Thread 0x00000282f1012330 nmethod 1372 0x0000028297633808 code [0x0000028297633940, 0x0000028297633c00]
Event: 0.344 Thread 0x00000282f1012330 1373       4       java.lang.String::hashCode (60 bytes)
Event: 0.345 Thread 0x00000282f1012330 nmethod 1373 0x0000028297633c88 code [0x0000028297633de0, 0x0000028297634130]
Event: 0.346 Thread 0x00000282f1012330 1374       4       java.nio.charset.Charset::lookup (44 bytes)
Event: 0.347 Thread 0x00000282f1012330 nmethod 1374 0x0000028297634188 code [0x00000282976342c0, 0x00000282976345d8]
Event: 0.347 Thread 0x00000282f1012330 1375   !   4       java.lang.String::<init> (880 bytes)
Event: 0.348 Thread 0x00000282fb928770 1376       3       java.nio.ByteBufferAsCharBufferB::get (30 bytes)
Event: 0.348 Thread 0x00000282f107ade0 1377       3       java.nio.ByteBufferAsCharBufferB::byteOffset (9 bytes)
Event: 0.348 Thread 0x00000282f107ade0 nmethod 1377 0x000002828fc0fb08 code [0x000002828fc0fc20, 0x000002828fc0fd40]
Event: 0.348 Thread 0x00000282fb928770 nmethod 1376 0x000002828fc0fe08 code [0x000002828fc0ffe0, 0x000002828fc108b0]

GC Heap History (0 events):
No events

Dll operation events (10 events):
Event: 0.004 Loaded shared library C:\Program Files\Java\jdk-23\bin\java.dll
Event: 0.018 Loaded shared library C:\Program Files\Java\jdk-23\bin\jsvml.dll
Event: 0.031 Loaded shared library C:\Program Files\Java\jdk-23\bin\net.dll
Event: 0.032 Loaded shared library C:\Program Files\Java\jdk-23\bin\nio.dll
Event: 0.041 Loaded shared library C:\Program Files\Java\jdk-23\bin\zip.dll
Event: 0.047 Loaded shared library C:\Program Files\Java\jdk-23\bin\jimage.dll
Event: 0.054 Loaded shared library C:\Program Files\Java\jdk-23\bin\awt.dll
Event: 0.209 Loaded shared library C:\Program Files\Java\jdk-23\bin\javajpeg.dll
Event: 0.243 Loaded shared library C:\Program Files\Java\jdk-23\bin\freetype.dll
Event: 0.244 Loaded shared library C:\Program Files\Java\jdk-23\bin\fontmanager.dll

Deoptimization events (20 events):
Event: 0.233 Thread 0x00000282f1007960 Uncommon trap: trap_request=0xffffffc6 fr.pc=0x000002829761aa84 relative=0x0000000000000324
Event: 0.233 Thread 0x00000282f1007960 Uncommon trap: reason=bimorphic_or_optimized_type_check action=maybe_recompile pc=0x000002829761aa84 method=java.util.HashMap.getNode(Ljava/lang/Object;)Ljava/util/HashMap$Node; @ 128 c2
Event: 0.233 Thread 0x00000282f1007960 DEOPT PACKING pc=0x000002829761aa84 sp=0x000000bd8cefe200
Event: 0.233 Thread 0x00000282f1007960 DEOPT UNPACKING pc=0x0000028296ef7982 sp=0x000000bd8cefe108 mode 2
Event: 0.246 Thread 0x0000028284efbcb0 Uncommon trap: trap_request=0xffffff45 fr.pc=0x0000028297612c68 relative=0x00000000000001e8
Event: 0.246 Thread 0x0000028284efbcb0 Uncommon trap: reason=unstable_if action=reinterpret pc=0x0000028297612c68 method=java.lang.StringUTF16.compress([CI[BII)I @ 20 c2
Event: 0.246 Thread 0x0000028284efbcb0 DEOPT PACKING pc=0x0000028297612c68 sp=0x000000bd8b7fdbc0
Event: 0.246 Thread 0x0000028284efbcb0 DEOPT UNPACKING pc=0x0000028296ef7982 sp=0x000000bd8b7fdb30 mode 2
Event: 0.268 Thread 0x00000282f1007960 Uncommon trap: trap_request=0xffffff45 fr.pc=0x0000028297620964 relative=0x0000000000000064
Event: 0.268 Thread 0x00000282f1007960 Uncommon trap: reason=unstable_if action=reinterpret pc=0x0000028297620964 method=java.lang.CharacterDataLatin1.toLowerCase(I)I @ 16 c2
Event: 0.268 Thread 0x00000282f1007960 DEOPT PACKING pc=0x0000028297620964 sp=0x000000bd8cefc160
Event: 0.268 Thread 0x00000282f1007960 DEOPT UNPACKING pc=0x0000028296ef7982 sp=0x000000bd8cefc0e0 mode 2
Event: 0.331 Thread 0x00000282f1007960 Uncommon trap: trap_request=0xffffff45 fr.pc=0x00000282975ed54c relative=0x000000000000028c
Event: 0.331 Thread 0x00000282f1007960 Uncommon trap: reason=unstable_if action=reinterpret pc=0x00000282975ed54c method=java.lang.String.isLatin1()Z @ 10 c2
Event: 0.331 Thread 0x00000282f1007960 DEOPT PACKING pc=0x00000282975ed54c sp=0x000000bd8cefc7b0
Event: 0.331 Thread 0x00000282f1007960 DEOPT UNPACKING pc=0x0000028296ef7982 sp=0x000000bd8cefc6e0 mode 2
Event: 0.337 Thread 0x00000282f1007960 Uncommon trap: trap_request=0xffffff45 fr.pc=0x000002829762e4fc relative=0x00000000000003bc
Event: 0.337 Thread 0x00000282f1007960 Uncommon trap: reason=unstable_if action=reinterpret pc=0x000002829762e4fc method=java.lang.Character.isSurrogate(C)Z @ 3 c2
Event: 0.337 Thread 0x00000282f1007960 DEOPT PACKING pc=0x000002829762e4fc sp=0x000000bd8cefc480
Event: 0.337 Thread 0x00000282f1007960 DEOPT UNPACKING pc=0x0000028296ef7982 sp=0x000000bd8cefc388 mode 2

Classes loaded (20 events):
Event: 0.347 Loading class sun/font/FontScaler
Event: 0.347 Loading class sun/font/FontScaler done
Event: 0.347 Loading class sun/font/FreetypeFontScaler
Event: 0.347 Loading class sun/font/FreetypeFontScaler done
Event: 0.347 Loading class sun/font/TrueTypeGlyphMapper
Event: 0.347 Loading class sun/font/TrueTypeGlyphMapper done
Event: 0.347 Loading class sun/font/CMap
Event: 0.348 Loading class sun/font/CMap done
Event: 0.348 Loading class sun/font/CMap$NullCMapClass
Event: 0.348 Loading class sun/font/CMap$NullCMapClass done
Event: 0.348 Loading class sun/font/CMap$CMapFormat4
Event: 0.348 Loading class sun/font/CMap$CMapFormat4 done
Event: 0.348 Loading class java/nio/ByteBufferAsCharBufferB
Event: 0.348 Loading class java/nio/ByteBufferAsCharBufferB done
Event: 0.348 Loading class sun/font/FontDesignMetrics$KeyReference
Event: 0.348 Loading class sun/font/FontDesignMetrics$KeyReference done
Event: 0.352 Loading class sun/awt/windows/WChoicePeer$1
Event: 0.352 Loading class java/awt/event/WindowAdapter
Event: 0.352 Loading class java/awt/event/WindowAdapter done
Event: 0.352 Loading class sun/awt/windows/WChoicePeer$1 done

Classes unloaded (0 events):
No events

Classes redefined (0 events):
No events

Internal exceptions (13 events):
Event: 0.032 Thread 0x0000028284efbcb0 Exception <a 'sun/nio/fs/WindowsException'{0x000000062c637808}> (0x000000062c637808) 
thrown [s\open\src\hotspot\share\prims\jni.cpp, line 520]
Event: 0.033 Thread 0x0000028284efbcb0 Exception <a 'sun/nio/fs/WindowsException'{0x000000062c639fa8}> (0x000000062c639fa8) 
thrown [s\open\src\hotspot\share\prims\jni.cpp, line 520]
Event: 0.033 Thread 0x0000028284efbcb0 Exception <a 'sun/nio/fs/WindowsException'{0x000000062c63aad8}> (0x000000062c63aad8) 
thrown [s\open\src\hotspot\share\prims\jni.cpp, line 520]
Event: 0.049 Thread 0x0000028284efbcb0 Exception <a 'java/lang/ClassNotFoundException'{0x000000062c7fd490}: sun/awt/resources/spi/awtProvider> (0x000000062c7fd490) 
thrown [s\open\src\hotspot\share\classfile\systemDictionary.cpp, line 313]
Event: 0.058 Thread 0x0000028284efbcb0 Exception <a 'java/io/FileNotFoundException'{0x000000062c051290}> (0x000000062c051290) 
thrown [s\open\src\hotspot\share\prims\jni.cpp, line 520]
Event: 0.062 Thread 0x0000028284efbcb0 Exception <a 'java/io/FileNotFoundException'{0x000000062c07f828}> (0x000000062c07f828) 
thrown [s\open\src\hotspot\share\prims\jni.cpp, line 520]
Event: 0.168 Thread 0x0000028284efbcb0 Exception <a 'java/lang/NoSuchMethodError'{0x000000062c2105d8}: 'void java.lang.invoke.DirectMethodHandle$Holder.invokeSpecial(java.lang.Object, java.lang.Object, java.lang.Object)'> (0x000000062c2105d8) 
thrown [s\open\src\hotspot\share\interpreter\linkResolver.cpp, line 796]
Event: 0.173 Thread 0x0000028284efbcb0 Exception <a 'java/lang/NoSuchMethodError'{0x000000062c25fd28}: 'java.lang.Object java.lang.invoke.DirectMethodHandle$Holder.invokeStatic(java.lang.Object, int, java.lang.Object)'> (0x000000062c25fd28) 
thrown [s\open\src\hotspot\share\interpreter\linkResolver.cpp, line 796]
Event: 0.182 Thread 0x0000028284efbcb0 Exception <a 'java/lang/ClassNotFoundException'{0x000000062c306c58}: com/sun/swing/internal/plaf/metal/resources/spi/metalProvider> (0x000000062c306c58) 
thrown [s\open\src\hotspot\share\classfile\systemDictionary.cpp, line 313]
Event: 0.182 Thread 0x0000028284efbcb0 Exception <a 'java/lang/ClassNotFoundException'{0x000000062c30ac68}: com/sun/swing/internal/plaf/basic/resources/spi/basicProvider> (0x000000062c30ac68) 
thrown [s\open\src\hotspot\share\classfile\systemDictionary.cpp, line 313]
Event: 0.186 Thread 0x0000028284efbcb0 Exception <a 'java/lang/NoSuchMethodError'{0x000000062c32a5d0}: 'int java.lang.invoke.Invokers$Holder.invokeExact_MT(java.lang.Object, java.lang.Object)'> (0x000000062c32a5d0) 
thrown [s\open\src\hotspot\share\interpreter\linkResolver.cpp, line 796]
Event: 0.210 Thread 0x00000282fb911870 Exception <a 'java/lang/NoSuchMethodError'{0x000000062bd830e0}: 'java.lang.Object java.lang.invoke.DirectMethodHandle$Holder.newInvokeSpecial(java.lang.Object, java.lang.Object, java.lang.Object, int, int, int, int, int)'> (0x000000062bd830e0) 
thrown [s\open\src\hotspot\share\interpreter\linkResolver.cpp, line 796]
Event: 0.242 Thread 0x0000028284efbcb0 Exception <a 'java/lang/NoSuchMethodError'{0x000000062ba0f2f8}: 'void java.lang.invoke.DirectMethodHandle$Holder.invokeStaticInit(java.lang.Object)'> (0x000000062ba0f2f8) 
thrown [s\open\src\hotspot\share\interpreter\linkResolver.cpp, line 796]

VM Operations (12 events):
Event: 0.034 Executing VM operation: HandshakeAllThreads (Deoptimize)
Event: 0.034 Executing VM operation: HandshakeAllThreads (Deoptimize) done
Event: 0.066 Executing VM operation: HandshakeAllThreads (Deoptimize)
Event: 0.066 Executing VM operation: HandshakeAllThreads (Deoptimize) done
Event: 0.187 Executing VM operation: HandshakeAllThreads (Deoptimize)
Event: 0.187 Executing VM operation: HandshakeAllThreads (Deoptimize) done
Event: 0.206 Executing VM operation: HandshakeAllThreads (Deoptimize)
Event: 0.206 Executing VM operation: HandshakeAllThreads (Deoptimize) done
Event: 0.348 Executing VM operation: HandshakeAllThreads (Deoptimize)
Event: 0.348 Executing VM operation: HandshakeAllThreads (Deoptimize) done
Event: 0.348 Executing VM operation: HandshakeAllThreads (Deoptimize)
Event: 0.348 Executing VM operation: HandshakeAllThreads (Deoptimize) done

Memory protections (0 events):
No events

Nmethod flushes (0 events):
No events

Events (20 events):
Event: 0.011 Thread 0x0000028284efbcb0 Thread added: 0x0000028284efbcb0
Event: 0.017 Thread 0x0000028284efbcb0 Thread added: 0x00000282f10004a0
Event: 0.017 Thread 0x0000028284efbcb0 Thread added: 0x00000282f1001ac0
Event: 0.017 Thread 0x0000028284efbcb0 Thread added: 0x00000282f1007ff0
Event: 0.017 Thread 0x0000028284efbcb0 Thread added: 0x00000282f1004b70
Event: 0.017 Thread 0x0000028284efbcb0 Thread added: 0x00000282f10065b0
Event: 0.017 Thread 0x0000028284efbcb0 Thread added: 0x00000282f1006c40
Event: 0.017 Thread 0x0000028284efbcb0 Thread added: 0x00000282f1012330
Event: 0.017 Thread 0x0000028284efbcb0 Thread added: 0x00000282f1016e30
Event: 0.018 Thread 0x00000282f1016e30 Thread added: 0x00000282f107ade0
Event: 0.027 Thread 0x0000028284efbcb0 Thread added: 0x00000282f1005200
Event: 0.035 Thread 0x00000282f107ade0 Thread added: 0x00000282f11f7ee0
Event: 0.038 Thread 0x0000028284efbcb0 Thread added: 0x00000282f1005890
Event: 0.039 Thread 0x00000282f107ade0 Thread added: 0x00000282f1249630
Event: 0.082 Thread 0x0000028284efbcb0 Thread added: 0x00000282f1005f20
Event: 0.083 Thread 0x0000028284efbcb0 Thread added: 0x00000282f10072d0
Event: 0.083 Thread 0x0000028284efbcb0 Thread added: 0x00000282f1007960
Event: 0.189 Thread 0x0000028284efbcb0 Thread added: 0x00000282fb911870
Event: 0.194 Thread 0x00000282f11f7ee0 Thread added: 0x00000282fb928770
Event: 0.236 Thread 0x00000282f1007960 Thread added: 0x00000282fb910b50


Dynamic libraries:
0x00007ff6eb1b0000 - 0x00007ff6eb1c0000 	C:\Program Files\Java\jdk-23\bin\java.exe
0x00007ffbe0830000 - 0x00007ffbe0a47000 	C:\Windows\SYSTEM32\ntdll.dll
0x00007ffbdeb00000 - 0x00007ffbdebc4000 	C:\Windows\System32\KERNEL32.DLL
0x00007ffbddb30000 - 0x00007ffbddee9000 	C:\Windows\System32\KERNELBASE.dll
0x00007ffbde080000 - 0x00007ffbde191000 	C:\Windows\System32\ucrtbase.dll
0x00007ffbd8570000 - 0x00007ffbd858b000 	C:\Program Files\Java\jdk-23\bin\VCRUNTIME140.dll
0x00007ffbcd760000 - 0x00007ffbcd777000 	C:\Program Files\Java\jdk-23\bin\jli.dll
0x00007ffbdf760000 - 0x00007ffbdf90e000 	C:\Windows\System32\USER32.dll
0x00007ffbddf90000 - 0x00007ffbddfb6000 	C:\Windows\System32\win32u.dll
0x00007ffbc1100000 - 0x00007ffbc1392000 	C:\Windows\WinSxS\amd64_microsoft.windows.common-controls_6595b64144ccf1df_6.0.22621.4391_none_2715d37f73803e96\COMCTL32.dll
0x00007ffbdf060000 - 0x00007ffbdf089000 	C:\Windows\System32\GDI32.dll
0x00007ffbe06e0000 - 0x00007ffbe0787000 	C:\Windows\System32\msvcrt.dll
0x00007ffbde240000 - 0x00007ffbde35b000 	C:\Windows\System32\gdi32full.dll
0x00007ffbde1a0000 - 0x00007ffbde23a000 	C:\Windows\System32\msvcp_win.dll
0x00007ffbded40000 - 0x00007ffbded71000 	C:\Windows\System32\IMM32.DLL
0x00007ffbd98a0000 - 0x00007ffbd98ac000 	C:\Program Files\Java\jdk-23\bin\vcruntime140_1.dll
0x00007ffbcd990000 - 0x00007ffbcda1e000 	C:\Program Files\Java\jdk-23\bin\msvcp140.dll
0x00007ffb4f650000 - 0x00007ffb5039f000 	C:\Program Files\Java\jdk-23\bin\server\jvm.dll
0x00007ffbdea40000 - 0x00007ffbdeaf2000 	C:\Windows\System32\ADVAPI32.dll
0x00007ffbdf1d0000 - 0x00007ffbdf277000 	C:\Windows\System32\sechost.dll
0x00007ffbddf60000 - 0x00007ffbddf88000 	C:\Windows\System32\bcrypt.dll
0x00007ffbded80000 - 0x00007ffbdee94000 	C:\Windows\System32\RPCRT4.dll
0x00007ffbde560000 - 0x00007ffbde5d1000 	C:\Windows\System32\WS2_32.dll
0x00007ffbdd4d0000 - 0x00007ffbdd51d000 	C:\Windows\SYSTEM32\POWRPROF.dll
0x00007ffbd3be0000 - 0x00007ffbd3c14000 	C:\Windows\SYSTEM32\WINMM.dll
0x00007ffbcf530000 - 0x00007ffbcf53a000 	C:\Windows\SYSTEM32\VERSION.dll
0x00007ffbdd440000 - 0x00007ffbdd453000 	C:\Windows\SYSTEM32\UMPDC.dll
0x00007ffbdcb30000 - 0x00007ffbdcb48000 	C:\Windows\SYSTEM32\kernel.appcore.dll
0x00007ffbd7310000 - 0x00007ffbd731a000 	C:\Program Files\Java\jdk-23\bin\jimage.dll
0x00007ffbd4c70000 - 0x00007ffbd4ea2000 	C:\Windows\SYSTEM32\DBGHELP.DLL
0x00007ffbdf910000 - 0x00007ffbdfc9f000 	C:\Windows\System32\combase.dll
0x00007ffbdeea0000 - 0x00007ffbdef77000 	C:\Windows\System32\OLEAUT32.dll
0x00007ffbc1030000 - 0x00007ffbc1062000 	C:\Windows\SYSTEM32\dbgcore.DLL
0x00007ffbde4d0000 - 0x00007ffbde54b000 	C:\Windows\System32\bcryptPrimitives.dll
0x00007ffbd72c0000 - 0x00007ffbd72de000 	C:\Program Files\Java\jdk-23\bin\java.dll
0x00007ffbde630000 - 0x00007ffbde7d5000 	C:\Windows\System32\ole32.dll
0x00007ffbdfe60000 - 0x00007ffbe06d6000 	C:\Windows\System32\SHELL32.dll
0x00007ffbdba20000 - 0x00007ffbdc323000 	C:\Windows\SYSTEM32\windows.storage.dll
0x00007ffbdb8e0000 - 0x00007ffbdba1f000 	C:\Windows\SYSTEM32\wintypes.dll
0x00007ffbde940000 - 0x00007ffbdea39000 	C:\Windows\System32\SHCORE.dll
0x00007ffbdf700000 - 0x00007ffbdf75e000 	C:\Windows\System32\shlwapi.dll
0x00007ffbdda60000 - 0x00007ffbdda8b000 	C:\Windows\SYSTEM32\profapi.dll
0x00007ffbcdbb0000 - 0x00007ffbcdc87000 	C:\Program Files\Java\jdk-23\bin\jsvml.dll
0x00007ffbcf540000 - 0x00007ffbcf550000 	C:\Program Files\Java\jdk-23\bin\net.dll
0x00007ffbdcfa0000 - 0x00007ffbdd009000 	C:\Windows\system32\mswsock.dll
0x00007ffbce500000 - 0x00007ffbce516000 	C:\Program Files\Java\jdk-23\bin\nio.dll
0x00007ffbce430000 - 0x00007ffbce447000 	C:\Program Files\Java\jdk-23\bin\zip.dll
0x00007ffbcda20000 - 0x00007ffbcdbae000 	C:\Program Files\Java\jdk-23\bin\awt.dll
0x00007ffbd9150000 - 0x00007ffbd91e7000 	C:\Windows\SYSTEM32\apphelp.dll
0x00007ffbdb260000 - 0x00007ffbdb28b000 	C:\Windows\system32\DWMAPI.DLL
0x00007ffbdafc0000 - 0x00007ffbdb071000 	C:\Windows\system32\uxtheme.dll
0x00007ffbab550000 - 0x00007ffbab650000 	C:\Windows\system32\opengl32.dll
0x00007ffbb6580000 - 0x00007ffbb65ad000 	C:\Windows\SYSTEM32\GLU32.dll
0x00007ffbdb110000 - 0x00007ffbdb147000 	C:\Windows\SYSTEM32\dxcore.dll
0x00007ffbdebd0000 - 0x00007ffbded30000 	C:\Windows\System32\MSCTF.dll
0x00007ffbce960000 - 0x00007ffbceb08000 	C:\Windows\system32\d3d9.dll
0x00007ffb8e6a0000 - 0x00007ffb916c7000 	C:\Windows\System32\DriverStore\FileRepository\u0402338.inf_amd64_d4de815aa579b06a\B402197\amdxn64.dll
0x00007ffbdf280000 - 0x00007ffbdf6f4000 	C:\Windows\System32\SETUPAPI.dll
0x00007ffbdb150000 - 0x00007ffbdb247000 	C:\Windows\SYSTEM32\dxgi.dll
0x00007ffbd3a80000 - 0x00007ffbd3ab7000 	C:\Windows\System32\DriverStore\FileRepository\u0402338.inf_amd64_d4de815aa579b06a\B402197\amdihk64.dll
0x00007ffbd67f0000 - 0x00007ffbd6839000 	C:\Windows\SYSTEM32\directxdatabasehelper.dll
0x00007ffbcd730000 - 0x00007ffbcd75e000 	C:\Program Files\Java\jdk-23\bin\javajpeg.dll
0x00007ffbcd900000 - 0x00007ffbcd987000 	C:\Program Files\Java\jdk-23\bin\freetype.dll
0x00007ffbcd820000 - 0x00007ffbcd8f7000 	C:\Program Files\Java\jdk-23\bin\fontmanager.dll
0x00007ffbdef90000 - 0x00007ffbdf040000 	C:\Windows\System32\clbcatq.dll
0x00007ffbdad40000 - 0x00007ffbdaef0000 	C:\Windows\SYSTEM32\WindowsCodecs.dll
0x00007ffbbd2b0000 - 0x00007ffbbd30e000 	C:\Windows\system32\dataexchange.dll
0x00007ffbd3c20000 - 0x00007ffbd3ec4000 	C:\Windows\system32\twinapi.appcore.dll
0x00007ffbbe3c0000 - 0x00007ffbbe505000 	C:\Windows\SYSTEM32\textinputframework.dll

dbghelp: loaded successfully - version: 4.0.5 - missing functions: none
symbol engine: initialized successfully - sym options: 0x614 - pdb path: .;C:\Program Files\Java\jdk-23\bin;C:\Windows\SYSTEM32;C:\Windows\WinSxS\amd64_microsoft.windows.common-controls_6595b64144ccf1df_6.0.22621.4391_none_2715d37f73803e96;C:\Program Files\Java\jdk-23\bin\server;C:\Windows\System32\DriverStore\FileRepository\u0402338.inf_amd64_d4de815aa579b06a\B402197

VM Arguments:
jvm_args: -Dfile.encoding=UTF-8 --module-path=C:\Users\carlo\Documents\NetBeansProjects\Electricity_Bills_System\build\classes 
java_command: electricity_bills_system.Login
java_class_path (initial): A:\PROGRAMACION\SQLJAR\mysql-connector-j-9.0.0\mysql-connector-j-9.0.0.jar;C:\Users\carlo\Documents\NetBeansProjects\Electricity_Bills_System\build\classes
Launcher Type: SUN_STANDARD

[Global flags]
     intx CICompilerCount                          = 12                                        {product} {ergonomic}
     uint ConcGCThreads                            = 3                                         {product} {ergonomic}
     uint G1ConcRefinementThreads                  = 13                                        {product} {ergonomic}
   size_t G1HeapRegionSize                         = 4194304                                   {product} {ergonomic}
   size_t InitialHeapSize                          = 524288000                                 {product} {ergonomic}
   size_t MarkStackSize                            = 4194304                                   {product} {ergonomic}
   size_t MarkStackSizeMax                         = 536870912                                 {product} {ergonomic}
   size_t MaxHeapSize                              = 8367636480                                {product} {ergonomic}
   size_t MaxNewSize                               = 5020581888                                {product} {ergonomic}
   size_t MinHeapDeltaBytes                        = 4194304                                   {product} {ergonomic}
   size_t MinHeapSize                              = 8388608                                   {product} {ergonomic}
    uintx NonNMethodCodeHeapSize                   = 7602176                                {pd product} {ergonomic}
    uintx NonProfiledCodeHeapSize                  = 122093568                              {pd product} {ergonomic}
    uintx ProfiledCodeHeapSize                     = 121962496                              {pd product} {ergonomic}
    uintx ReservedCodeCacheSize                    = 251658240                              {pd product} {ergonomic}
     bool SegmentedCodeCache                       = true                                      {product} {ergonomic}
   size_t SoftMaxHeapSize                          = 8367636480                             {manageable} {ergonomic}
     bool UseCompressedOops                        = true                           {product lp64_product} {ergonomic}
     bool UseG1GC                                  = true                                      {product} {ergonomic}
     bool UseLargePagesIndividualAllocation        = false                                  {pd product} {ergonomic}

Logging:
Log output configuration:
 #0: stdout all=warning uptime,level,tags foldmultilines=false
 #1: stderr all=off uptime,level,tags foldmultilines=false

Environment Variables:
PATH=C:\Program Files\Common Files\Oracle\Java\javapath;C:\Program Files (x86)\NVIDIA Corporation\PhysX\Common;C:\Windows\system32;C:\Windows;C:\Windows\System32\Wbem;C:\Windows\System32\WindowsPowerShell\v1.0\;C:\Windows\System32\OpenSSH\;W:\Programas\Git\cmd;C:\Program Files (x86)\Git\cmd;C:\Program Files\MySQL\MySQL Shell 8.0\bin\;C:\Users\carlo\AppData\Local\Programs\Python\Launcher\;C:\Users\carlo\AppData\Local\Microsoft\WindowsApps;W:\Programas\Microsoft VS Code\bin
USERNAME=carlo
OS=Windows_NT
PROCESSOR_IDENTIFIER=AMD64 Family 25 Model 97 Stepping 2, AuthenticAMD
TMP=C:\Users\carlo\AppData\Local\Temp
TEMP=C:\Users\carlo\AppData\Local\Temp




Periodic native trim disabled

---------------  S Y S T E M  ---------------

OS:
 Windows 11 , 64 bit Build 22621 (10.0.22621.4391)
OS uptime: 5 days 12:53 hours
Hyper-V role detected

CPU: total 16 (initial active 16) (16 cores per cpu, 2 threads per core) family 25 model 97 stepping 2 microcode 0x0, cx8, cmov, fxsr, ht, mmx, 3dnowpref, sse, sse2, sse3, ssse3, sse4a, sse4.1, sse4.2, popcnt, lzcnt, tsc, tscinvbit, avx, avx2, aes, erms, clmul, bmi1, bmi2, adx, avx512f, avx512dq, avx512cd, avx512bw, avx512vl, sha, fma, vzeroupper, avx512_vpopcntdq, avx512_vpclmulqdq, avx512_vaes, avx512_vnni, clflush, clflushopt, avx512_vbmi2, avx512_vbmi, hv, rdtscp, rdpid, fsrm, gfni, avx512_bitalg, f16c, cet_ss, avx512_ifma
Processor Information for the first 16 processors :
  Max Mhz: 4201, Current Mhz: 4201, Mhz Limit: 4201

Memory: 4k page, system-wide physical 31904M (11407M free)
TotalPageFile size 50981M (AvailPageFile size 5M)
current process WorkingSet (physical memory assigned to process): 125M, peak: 125M
current process commit charge ("private bytes"): 670M, peak: 670M

vm_info: Java HotSpot(TM) 64-Bit Server VM (23+37-2369) for windows-amd64 JRE (23+37-2369), built on 2024-08-20T16:01:23Z with MS VC++ 17.6 (VS2022)

END.
