#
# There is insufficient memory for the Java Runtime Environment to continue.
# Native memory allocation (malloc) failed to allocate 65552 bytes. Error detail: Chunk::new
# Possible reasons:
#   The system is out of physical RAM or swap space
#   This process is running with CompressedOops enabled, and the Java Heap may be blocking the growth of the native heap
# Possible solutions:
#   Reduce memory load on the system
#   Increase physical memory or swap space
#   Check if swap backing store is full
#   Decrease Java heap size (-Xmx/-Xms)
#   Decrease number of Java threads
#   Decrease Java thread stack sizes (-Xss)
#   Set larger code cache with -XX:ReservedCodeCacheSize=
#   JVM is running with Zero Based Compressed Oops mode in which the Java heap is
#     placed in the first 32GB address space. The Java Heap base address is the
#     maximum limit for the native heap growth. Please use -XX:HeapBaseMinAddress
#     to set the Java Heap base and to place the Java Heap above 32GB virtual address.
# This output file may be truncated or incomplete.
#
#  Out of Memory Error (arena.cpp:149), pid=90420, tid=109452
#
# JRE version: Java(TM) SE Runtime Environment (23.0+37) (build 23+37-2369)
# Java VM: Java HotSpot(TM) 64-Bit Server VM (23+37-2369, mixed mode, sharing, tiered, compressed oops, compressed class ptrs, g1 gc, windows-amd64)
# No core dump will be written. Minidumps are not enabled by default on client versions of Windows
#

---------------  S U M M A R Y ------------

Command Line: -Dfile.encoding=UTF-8 --module-path=C:\Users\carlo\Documents\NetBeansProjects\Electricity_Bills_System\build\classes electricity_bills_system.Login

Host: AMD Ryzen 7 7800X3D 8-Core Processor           , 16 cores, 31G,  Windows 11 , 64 bit Build 22621 (10.0.22621.4391)
Time: Fri Dec  6 02:56:09 2024 Hora estándar romance elapsed time: 0.334718 seconds (0d 0h 0m 0s)

---------------  T H R E A D  ---------------

Current thread (0x000001a5a00f68a0):  JavaThread "C2 CompilerThread0" daemon [_thread_in_native, id=109452, stack(0x0000002513000000,0x0000002513100000) (1024K)]


Current CompileTask:
C2:334 1347   !   4       sun.font.TrueTypeFont::getTableBuffer (208 bytes)

Stack: [0x0000002513000000,0x0000002513100000]
Native frames: (J=compiled Java code, j=interpreted, Vv=VM code, C=native code)
V  [jvm.dll+0x6e08a9]  (no source info available)
V  [jvm.dll+0x87da63]  (no source info available)
V  [jvm.dll+0x87feee]  (no source info available)
V  [jvm.dll+0x8805c3]  (no source info available)
V  [jvm.dll+0x27aee6]  (no source info available)
V  [jvm.dll+0xbc06f]  (no source info available)
V  [jvm.dll+0xbc45b]  (no source info available)
V  [jvm.dll+0xbbf1b]  (no source info available)
V  [jvm.dll+0x6bc92c]  (no source info available)
V  [jvm.dll+0x24c1a9]  (no source info available)
V  [jvm.dll+0x70520b]  (no source info available)
V  [jvm.dll+0x243bed]  (no source info available)
V  [jvm.dll+0x1c33a0]  (no source info available)
V  [jvm.dll+0x253cf1]  (no source info available)
V  [jvm.dll+0x251faa]  (no source info available)
V  [jvm.dll+0x3ee036]  (no source info available)
V  [jvm.dll+0x824f1b]  (no source info available)
V  [jvm.dll+0x6df055]  (no source info available)
C  [ucrtbase.dll+0x29333]  (no source info available)
C  [KERNEL32.DLL+0x1259d]  (no source info available)
C  [ntdll.dll+0x5af38]  (no source info available)

Lock stack of current Java thread (top to bottom):


---------------  P R O C E S S  ---------------

Threads class SMR info:
_java_thread_list=0x000001a5a0e53b20, length=20, elements={
0x000001a5fb3c92f0, 0x000001a5a00e0290, 0x000001a5a00e21c0, 0x000001a5a00eb040,
0x000001a5a00eca80, 0x000001a5a00ede30, 0x000001a5a00ee4c0, 0x000001a5a00f68a0,
0x000001a5a00fa850, 0x000001a5a01b5010, 0x000001a5a00eb6d0, 0x000001a5a0341420,
0x000001a5a00ed7a0, 0x000001a5a03934e0, 0x000001a5a00ebd60, 0x000001a5a00ec3f0,
0x000001a5a00ed110, 0x000001a5efd49390, 0x000001a5efd54f80, 0x000001a5efd43e40
}

Java Threads: ( => current thread )
  0x000001a5fb3c92f0 JavaThread "main"                              [_thread_in_native, id=108380, stack(0x0000002512200000,0x0000002512300000) (1024K)]
  0x000001a5a00e0290 JavaThread "Reference Handler"          daemon [_thread_blocked, id=107156, stack(0x0000002512a00000,0x0000002512b00000) (1024K)]
  0x000001a5a00e21c0 JavaThread "Finalizer"                  daemon [_thread_blocked, id=107676, stack(0x0000002512b00000,0x0000002512c00000) (1024K)]
  0x000001a5a00eb040 JavaThread "Signal Dispatcher"          daemon [_thread_blocked, id=109356, stack(0x0000002512c00000,0x0000002512d00000) (1024K)]
  0x000001a5a00eca80 JavaThread "Attach Listener"            daemon [_thread_blocked, id=106760, stack(0x0000002512d00000,0x0000002512e00000) (1024K)]
  0x000001a5a00ede30 JavaThread "Service Thread"             daemon [_thread_blocked, id=50564, stack(0x0000002512e00000,0x0000002512f00000) (1024K)]
  0x000001a5a00ee4c0 JavaThread "Monitor Deflation Thread"   daemon [_thread_blocked, id=108744, stack(0x0000002512f00000,0x0000002513000000) (1024K)]
=>0x000001a5a00f68a0 JavaThread "C2 CompilerThread0"         daemon [_thread_in_native, id=109452, stack(0x0000002513000000,0x0000002513100000) (1024K)]
  0x000001a5a00fa850 JavaThread "C1 CompilerThread0"         daemon [_thread_blocked, id=105532, stack(0x0000002513100000,0x0000002513200000) (1024K)]
  0x000001a5a01b5010 JavaThread "C1 CompilerThread1"         daemon [_thread_blocked, id=108612, stack(0x0000002513200000,0x0000002513300000) (1024K)]
  0x000001a5a00eb6d0 JavaThread "Common-Cleaner"             daemon [_thread_blocked, id=104960, stack(0x0000002513300000,0x0000002513400000) (1024K)]
  0x000001a5a0341420 JavaThread "C1 CompilerThread2"         daemon [_thread_in_vm, id=108616, stack(0x0000002513400000,0x0000002513500000) (1024K)]
  0x000001a5a00ed7a0 JavaThread "Notification Thread"        daemon [_thread_blocked, id=108592, stack(0x0000002513500000,0x0000002513600000) (1024K)]
  0x000001a5a03934e0 JavaThread "C2 CompilerThread1"         daemon [_thread_blocked, id=107984, stack(0x0000002513600000,0x0000002513700000) (1024K)]
  0x000001a5a00ebd60 JavaThread "Java2D Disposer"            daemon [_thread_blocked, id=106072, stack(0x0000002513700000,0x0000002513800000) (1024K)]
  0x000001a5a00ec3f0 JavaThread "AWT-Shutdown"                      [_thread_blocked, id=105320, stack(0x0000002513800000,0x0000002513900000) (1024K)]
  0x000001a5a00ed110 JavaThread "AWT-Windows"                daemon [_thread_in_native, id=103392, stack(0x0000002513900000,0x0000002513a00000) (1024K)]
  0x000001a5efd49390 JavaThread "Image Fetcher 0"            daemon [_thread_blocked, id=108288, stack(0x0000002514a00000,0x0000002514b00000) (1024K)]
  0x000001a5efd54f80 JavaThread "C1 CompilerThread3"         daemon [_thread_in_native, id=96028, stack(0x0000002514b00000,0x0000002514c00000) (1024K)]
  0x000001a5efd43e40 JavaThread "AWT-EventQueue-0"                  [_thread_blocked, id=103620, stack(0x0000002514c00000,0x0000002514d00000) (1024K)]
Total: 20

Other Threads:
  0x000001a59f507dc0 VMThread "VM Thread"                           [id=92328, stack(0x0000002512900000,0x0000002512a00000) (1024K)]
  0x000001a59f4f1cd0 WatcherThread "VM Periodic Task Thread"        [id=98288, stack(0x0000002512800000,0x0000002512900000) (1024K)]
  0x000001a5fb46fd60 WorkerThread "GC Thread#0"                     [id=108364, stack(0x0000002512300000,0x0000002512400000) (1024K)]
  0x000001a5fb484700 ConcurrentGCThread "G1 Main Marker"            [id=108100, stack(0x0000002512400000,0x0000002512500000) (1024K)]
  0x000001a5fb486dc0 WorkerThread "G1 Conc#0"                       [id=109324, stack(0x0000002512500000,0x0000002512600000) (1024K)]
  0x000001a59f3c4670 ConcurrentGCThread "G1 Refine#0"               [id=95460, stack(0x0000002512600000,0x0000002512700000) (1024K)]
  0x000001a59f3c51f0 ConcurrentGCThread "G1 Service"                [id=107428, stack(0x0000002512700000,0x0000002512800000) (1024K)]
Total: 7

Threads with active compile tasks:
C2 CompilerThread0  354 1347   !   4       sun.font.TrueTypeFont::getTableBuffer (208 bytes)
Total: 1

VM state: not at safepoint (normal execution)

VM Mutex/Monitor currently owned by a thread: None

Heap address: 0x000000060d400000, size: 7980 MB, Compressed Oops mode: Zero based, Oop shift amount: 3

CDS archive(s) mapped at: [0x000001a5a1000000-0x000001a5a1d70000-0x000001a5a1d70000), size 14090240, SharedBaseAddress: 0x000001a5a1000000, ArchiveRelocationMode: 1.
Compressed class space mapped at: 0x000001a5a2000000-0x000001a5e2000000, reserved size: 1073741824
Narrow klass base: 0x000001a5a1000000, Narrow klass shift: 0, Narrow klass range: 0x41000000

GC Precious Log:
 CardTable entry size: 512
 Card Set container configuration: InlinePtr #cards 4 size 8 Array Of Cards #cards 32 size 80 Howl #buckets 8 coarsen threshold 7372 Howl Bitmap #cards 1024 size 144 coarsen threshold 921 Card regions per heap region 1 cards per card region 8192
 CPUs: 16 total, 16 available
 Memory: 31904M
 Large Page Support: Disabled
 NUMA Support: Disabled
 Compressed Oops: Enabled (Zero based)
 Heap Region Size: 4M
 Heap Min Capacity: 8M
 Heap Initial Capacity: 500M
 Heap Max Capacity: 7980M
 Pre-touch: Disabled
 Parallel Workers: 13
 Concurrent Workers: 3
 Concurrent Refinement Workers: 13
 Periodic GC: Disabled

Heap:
 garbage-first heap   total reserved 8171520K, committed 512000K, used 24576K [0x000000060d400000, 0x0000000800000000)
  region size 4096K, 6 young (24576K), 0 survivors (0K)
 Metaspace       used 7972K, committed 8256K, reserved 1114112K
  class space    used 887K, committed 1024K, reserved 1048576K

Heap Regions: E=young(eden), S=young(survivor), O=old, HS=humongous(starts), HC=humongous(continues), CS=collection set, F=free, TAMS=top-at-mark-start, PB=parsable bottom
|   0|0x000000060d400000, 0x000000060d800000, 0x000000060d800000|100%|HS|  |TAMS 0x000000060d400000| PB 0x000000060d400000| Complete |  0
|   1|0x000000060d800000, 0x000000060d800000, 0x000000060dc00000|  0%| F|  |TAMS 0x000000060d800000| PB 0x000000060d800000| Untracked |  0
|   2|0x000000060dc00000, 0x000000060dc00000, 0x000000060e000000|  0%| F|  |TAMS 0x000000060dc00000| PB 0x000000060dc00000| Untracked |  0
|   3|0x000000060e000000, 0x000000060e000000, 0x000000060e400000|  0%| F|  |TAMS 0x000000060e000000| PB 0x000000060e000000| Untracked |  0
|   4|0x000000060e400000, 0x000000060e400000, 0x000000060e800000|  0%| F|  |TAMS 0x000000060e400000| PB 0x000000060e400000| Untracked |  0
|   5|0x000000060e800000, 0x000000060e800000, 0x000000060ec00000|  0%| F|  |TAMS 0x000000060e800000| PB 0x000000060e800000| Untracked |  0
|   6|0x000000060ec00000, 0x000000060ec00000, 0x000000060f000000|  0%| F|  |TAMS 0x000000060ec00000| PB 0x000000060ec00000| Untracked |  0
|   7|0x000000060f000000, 0x000000060f000000, 0x000000060f400000|  0%| F|  |TAMS 0x000000060f000000| PB 0x000000060f000000| Untracked |  0
|   8|0x000000060f400000, 0x000000060f400000, 0x000000060f800000|  0%| F|  |TAMS 0x000000060f400000| PB 0x000000060f400000| Untracked |  0
|   9|0x000000060f800000, 0x000000060f800000, 0x000000060fc00000|  0%| F|  |TAMS 0x000000060f800000| PB 0x000000060f800000| Untracked |  0
|  10|0x000000060fc00000, 0x000000060fc00000, 0x0000000610000000|  0%| F|  |TAMS 0x000000060fc00000| PB 0x000000060fc00000| Untracked |  0
|  11|0x0000000610000000, 0x0000000610000000, 0x0000000610400000|  0%| F|  |TAMS 0x0000000610000000| PB 0x0000000610000000| Untracked |  0
|  12|0x0000000610400000, 0x0000000610400000, 0x0000000610800000|  0%| F|  |TAMS 0x0000000610400000| PB 0x0000000610400000| Untracked |  0
|  13|0x0000000610800000, 0x0000000610800000, 0x0000000610c00000|  0%| F|  |TAMS 0x0000000610800000| PB 0x0000000610800000| Untracked |  0
|  14|0x0000000610c00000, 0x0000000610c00000, 0x0000000611000000|  0%| F|  |TAMS 0x0000000610c00000| PB 0x0000000610c00000| Untracked |  0
|  15|0x0000000611000000, 0x0000000611000000, 0x0000000611400000|  0%| F|  |TAMS 0x0000000611000000| PB 0x0000000611000000| Untracked |  0
|  16|0x0000000611400000, 0x0000000611400000, 0x0000000611800000|  0%| F|  |TAMS 0x0000000611400000| PB 0x0000000611400000| Untracked |  0
|  17|0x0000000611800000, 0x0000000611800000, 0x0000000611c00000|  0%| F|  |TAMS 0x0000000611800000| PB 0x0000000611800000| Untracked |  0
|  18|0x0000000611c00000, 0x0000000611c00000, 0x0000000612000000|  0%| F|  |TAMS 0x0000000611c00000| PB 0x0000000611c00000| Untracked |  0
|  19|0x0000000612000000, 0x0000000612000000, 0x0000000612400000|  0%| F|  |TAMS 0x0000000612000000| PB 0x0000000612000000| Untracked |  0
|  20|0x0000000612400000, 0x0000000612400000, 0x0000000612800000|  0%| F|  |TAMS 0x0000000612400000| PB 0x0000000612400000| Untracked |  0
|  21|0x0000000612800000, 0x0000000612800000, 0x0000000612c00000|  0%| F|  |TAMS 0x0000000612800000| PB 0x0000000612800000| Untracked |  0
|  22|0x0000000612c00000, 0x0000000612c00000, 0x0000000613000000|  0%| F|  |TAMS 0x0000000612c00000| PB 0x0000000612c00000| Untracked |  0
|  23|0x0000000613000000, 0x0000000613000000, 0x0000000613400000|  0%| F|  |TAMS 0x0000000613000000| PB 0x0000000613000000| Untracked |  0
|  24|0x0000000613400000, 0x0000000613400000, 0x0000000613800000|  0%| F|  |TAMS 0x0000000613400000| PB 0x0000000613400000| Untracked |  0
|  25|0x0000000613800000, 0x0000000613800000, 0x0000000613c00000|  0%| F|  |TAMS 0x0000000613800000| PB 0x0000000613800000| Untracked |  0
|  26|0x0000000613c00000, 0x0000000613c00000, 0x0000000614000000|  0%| F|  |TAMS 0x0000000613c00000| PB 0x0000000613c00000| Untracked |  0
|  27|0x0000000614000000, 0x0000000614000000, 0x0000000614400000|  0%| F|  |TAMS 0x0000000614000000| PB 0x0000000614000000| Untracked |  0
|  28|0x0000000614400000, 0x0000000614400000, 0x0000000614800000|  0%| F|  |TAMS 0x0000000614400000| PB 0x0000000614400000| Untracked |  0
|  29|0x0000000614800000, 0x0000000614800000, 0x0000000614c00000|  0%| F|  |TAMS 0x0000000614800000| PB 0x0000000614800000| Untracked |  0
|  30|0x0000000614c00000, 0x0000000614c00000, 0x0000000615000000|  0%| F|  |TAMS 0x0000000614c00000| PB 0x0000000614c00000| Untracked |  0
|  31|0x0000000615000000, 0x0000000615000000, 0x0000000615400000|  0%| F|  |TAMS 0x0000000615000000| PB 0x0000000615000000| Untracked |  0
|  32|0x0000000615400000, 0x0000000615400000, 0x0000000615800000|  0%| F|  |TAMS 0x0000000615400000| PB 0x0000000615400000| Untracked |  0
|  33|0x0000000615800000, 0x0000000615800000, 0x0000000615c00000|  0%| F|  |TAMS 0x0000000615800000| PB 0x0000000615800000| Untracked |  0
|  34|0x0000000615c00000, 0x0000000615c00000, 0x0000000616000000|  0%| F|  |TAMS 0x0000000615c00000| PB 0x0000000615c00000| Untracked |  0
|  35|0x0000000616000000, 0x0000000616000000, 0x0000000616400000|  0%| F|  |TAMS 0x0000000616000000| PB 0x0000000616000000| Untracked |  0
|  36|0x0000000616400000, 0x0000000616400000, 0x0000000616800000|  0%| F|  |TAMS 0x0000000616400000| PB 0x0000000616400000| Untracked |  0
|  37|0x0000000616800000, 0x0000000616800000, 0x0000000616c00000|  0%| F|  |TAMS 0x0000000616800000| PB 0x0000000616800000| Untracked |  0
|  38|0x0000000616c00000, 0x0000000616c00000, 0x0000000617000000|  0%| F|  |TAMS 0x0000000616c00000| PB 0x0000000616c00000| Untracked |  0
|  39|0x0000000617000000, 0x0000000617000000, 0x0000000617400000|  0%| F|  |TAMS 0x0000000617000000| PB 0x0000000617000000| Untracked |  0
|  40|0x0000000617400000, 0x0000000617400000, 0x0000000617800000|  0%| F|  |TAMS 0x0000000617400000| PB 0x0000000617400000| Untracked |  0
|  41|0x0000000617800000, 0x0000000617800000, 0x0000000617c00000|  0%| F|  |TAMS 0x0000000617800000| PB 0x0000000617800000| Untracked |  0
|  42|0x0000000617c00000, 0x0000000617c00000, 0x0000000618000000|  0%| F|  |TAMS 0x0000000617c00000| PB 0x0000000617c00000| Untracked |  0
|  43|0x0000000618000000, 0x0000000618000000, 0x0000000618400000|  0%| F|  |TAMS 0x0000000618000000| PB 0x0000000618000000| Untracked |  0
|  44|0x0000000618400000, 0x0000000618400000, 0x0000000618800000|  0%| F|  |TAMS 0x0000000618400000| PB 0x0000000618400000| Untracked |  0
|  45|0x0000000618800000, 0x0000000618800000, 0x0000000618c00000|  0%| F|  |TAMS 0x0000000618800000| PB 0x0000000618800000| Untracked |  0
|  46|0x0000000618c00000, 0x0000000618c00000, 0x0000000619000000|  0%| F|  |TAMS 0x0000000618c00000| PB 0x0000000618c00000| Untracked |  0
|  47|0x0000000619000000, 0x0000000619000000, 0x0000000619400000|  0%| F|  |TAMS 0x0000000619000000| PB 0x0000000619000000| Untracked |  0
|  48|0x0000000619400000, 0x0000000619400000, 0x0000000619800000|  0%| F|  |TAMS 0x0000000619400000| PB 0x0000000619400000| Untracked |  0
|  49|0x0000000619800000, 0x0000000619800000, 0x0000000619c00000|  0%| F|  |TAMS 0x0000000619800000| PB 0x0000000619800000| Untracked |  0
|  50|0x0000000619c00000, 0x0000000619c00000, 0x000000061a000000|  0%| F|  |TAMS 0x0000000619c00000| PB 0x0000000619c00000| Untracked |  0
|  51|0x000000061a000000, 0x000000061a000000, 0x000000061a400000|  0%| F|  |TAMS 0x000000061a000000| PB 0x000000061a000000| Untracked |  0
|  52|0x000000061a400000, 0x000000061a400000, 0x000000061a800000|  0%| F|  |TAMS 0x000000061a400000| PB 0x000000061a400000| Untracked |  0
|  53|0x000000061a800000, 0x000000061a800000, 0x000000061ac00000|  0%| F|  |TAMS 0x000000061a800000| PB 0x000000061a800000| Untracked |  0
|  54|0x000000061ac00000, 0x000000061ac00000, 0x000000061b000000|  0%| F|  |TAMS 0x000000061ac00000| PB 0x000000061ac00000| Untracked |  0
|  55|0x000000061b000000, 0x000000061b000000, 0x000000061b400000|  0%| F|  |TAMS 0x000000061b000000| PB 0x000000061b000000| Untracked |  0
|  56|0x000000061b400000, 0x000000061b400000, 0x000000061b800000|  0%| F|  |TAMS 0x000000061b400000| PB 0x000000061b400000| Untracked |  0
|  57|0x000000061b800000, 0x000000061b800000, 0x000000061bc00000|  0%| F|  |TAMS 0x000000061b800000| PB 0x000000061b800000| Untracked |  0
|  58|0x000000061bc00000, 0x000000061bc00000, 0x000000061c000000|  0%| F|  |TAMS 0x000000061bc00000| PB 0x000000061bc00000| Untracked |  0
|  59|0x000000061c000000, 0x000000061c000000, 0x000000061c400000|  0%| F|  |TAMS 0x000000061c000000| PB 0x000000061c000000| Untracked |  0
|  60|0x000000061c400000, 0x000000061c400000, 0x000000061c800000|  0%| F|  |TAMS 0x000000061c400000| PB 0x000000061c400000| Untracked |  0
|  61|0x000000061c800000, 0x000000061c800000, 0x000000061cc00000|  0%| F|  |TAMS 0x000000061c800000| PB 0x000000061c800000| Untracked |  0
|  62|0x000000061cc00000, 0x000000061cc00000, 0x000000061d000000|  0%| F|  |TAMS 0x000000061cc00000| PB 0x000000061cc00000| Untracked |  0
|  63|0x000000061d000000, 0x000000061d000000, 0x000000061d400000|  0%| F|  |TAMS 0x000000061d000000| PB 0x000000061d000000| Untracked |  0
|  64|0x000000061d400000, 0x000000061d400000, 0x000000061d800000|  0%| F|  |TAMS 0x000000061d400000| PB 0x000000061d400000| Untracked |  0
|  65|0x000000061d800000, 0x000000061d800000, 0x000000061dc00000|  0%| F|  |TAMS 0x000000061d800000| PB 0x000000061d800000| Untracked |  0
|  66|0x000000061dc00000, 0x000000061dc00000, 0x000000061e000000|  0%| F|  |TAMS 0x000000061dc00000| PB 0x000000061dc00000| Untracked |  0
|  67|0x000000061e000000, 0x000000061e000000, 0x000000061e400000|  0%| F|  |TAMS 0x000000061e000000| PB 0x000000061e000000| Untracked |  0
|  68|0x000000061e400000, 0x000000061e400000, 0x000000061e800000|  0%| F|  |TAMS 0x000000061e400000| PB 0x000000061e400000| Untracked |  0
|  69|0x000000061e800000, 0x000000061e800000, 0x000000061ec00000|  0%| F|  |TAMS 0x000000061e800000| PB 0x000000061e800000| Untracked |  0
|  70|0x000000061ec00000, 0x000000061ec00000, 0x000000061f000000|  0%| F|  |TAMS 0x000000061ec00000| PB 0x000000061ec00000| Untracked |  0
|  71|0x000000061f000000, 0x000000061f000000, 0x000000061f400000|  0%| F|  |TAMS 0x000000061f000000| PB 0x000000061f000000| Untracked |  0
|  72|0x000000061f400000, 0x000000061f400000, 0x000000061f800000|  0%| F|  |TAMS 0x000000061f400000| PB 0x000000061f400000| Untracked |  0
|  73|0x000000061f800000, 0x000000061f800000, 0x000000061fc00000|  0%| F|  |TAMS 0x000000061f800000| PB 0x000000061f800000| Untracked |  0
|  74|0x000000061fc00000, 0x000000061fc00000, 0x0000000620000000|  0%| F|  |TAMS 0x000000061fc00000| PB 0x000000061fc00000| Untracked |  0
|  75|0x0000000620000000, 0x0000000620000000, 0x0000000620400000|  0%| F|  |TAMS 0x0000000620000000| PB 0x0000000620000000| Untracked |  0
|  76|0x0000000620400000, 0x0000000620400000, 0x0000000620800000|  0%| F|  |TAMS 0x0000000620400000| PB 0x0000000620400000| Untracked |  0
|  77|0x0000000620800000, 0x0000000620800000, 0x0000000620c00000|  0%| F|  |TAMS 0x0000000620800000| PB 0x0000000620800000| Untracked |  0
|  78|0x0000000620c00000, 0x0000000620c00000, 0x0000000621000000|  0%| F|  |TAMS 0x0000000620c00000| PB 0x0000000620c00000| Untracked |  0
|  79|0x0000000621000000, 0x0000000621000000, 0x0000000621400000|  0%| F|  |TAMS 0x0000000621000000| PB 0x0000000621000000| Untracked |  0
|  80|0x0000000621400000, 0x0000000621400000, 0x0000000621800000|  0%| F|  |TAMS 0x0000000621400000| PB 0x0000000621400000| Untracked |  0
|  81|0x0000000621800000, 0x0000000621800000, 0x0000000621c00000|  0%| F|  |TAMS 0x0000000621800000| PB 0x0000000621800000| Untracked |  0
|  82|0x0000000621c00000, 0x0000000621c00000, 0x0000000622000000|  0%| F|  |TAMS 0x0000000621c00000| PB 0x0000000621c00000| Untracked |  0
|  83|0x0000000622000000, 0x0000000622000000, 0x0000000622400000|  0%| F|  |TAMS 0x0000000622000000| PB 0x0000000622000000| Untracked |  0
|  84|0x0000000622400000, 0x0000000622400000, 0x0000000622800000|  0%| F|  |TAMS 0x0000000622400000| PB 0x0000000622400000| Untracked |  0
|  85|0x0000000622800000, 0x0000000622800000, 0x0000000622c00000|  0%| F|  |TAMS 0x0000000622800000| PB 0x0000000622800000| Untracked |  0
|  86|0x0000000622c00000, 0x0000000622c00000, 0x0000000623000000|  0%| F|  |TAMS 0x0000000622c00000| PB 0x0000000622c00000| Untracked |  0
|  87|0x0000000623000000, 0x0000000623000000, 0x0000000623400000|  0%| F|  |TAMS 0x0000000623000000| PB 0x0000000623000000| Untracked |  0
|  88|0x0000000623400000, 0x0000000623400000, 0x0000000623800000|  0%| F|  |TAMS 0x0000000623400000| PB 0x0000000623400000| Untracked |  0
|  89|0x0000000623800000, 0x0000000623800000, 0x0000000623c00000|  0%| F|  |TAMS 0x0000000623800000| PB 0x0000000623800000| Untracked |  0
|  90|0x0000000623c00000, 0x0000000623c00000, 0x0000000624000000|  0%| F|  |TAMS 0x0000000623c00000| PB 0x0000000623c00000| Untracked |  0
|  91|0x0000000624000000, 0x0000000624000000, 0x0000000624400000|  0%| F|  |TAMS 0x0000000624000000| PB 0x0000000624000000| Untracked |  0
|  92|0x0000000624400000, 0x0000000624400000, 0x0000000624800000|  0%| F|  |TAMS 0x0000000624400000| PB 0x0000000624400000| Untracked |  0
|  93|0x0000000624800000, 0x0000000624800000, 0x0000000624c00000|  0%| F|  |TAMS 0x0000000624800000| PB 0x0000000624800000| Untracked |  0
|  94|0x0000000624c00000, 0x0000000624c00000, 0x0000000625000000|  0%| F|  |TAMS 0x0000000624c00000| PB 0x0000000624c00000| Untracked |  0
|  95|0x0000000625000000, 0x0000000625000000, 0x0000000625400000|  0%| F|  |TAMS 0x0000000625000000| PB 0x0000000625000000| Untracked |  0
|  96|0x0000000625400000, 0x0000000625400000, 0x0000000625800000|  0%| F|  |TAMS 0x0000000625400000| PB 0x0000000625400000| Untracked |  0
|  97|0x0000000625800000, 0x0000000625800000, 0x0000000625c00000|  0%| F|  |TAMS 0x0000000625800000| PB 0x0000000625800000| Untracked |  0
|  98|0x0000000625c00000, 0x0000000625c00000, 0x0000000626000000|  0%| F|  |TAMS 0x0000000625c00000| PB 0x0000000625c00000| Untracked |  0
|  99|0x0000000626000000, 0x0000000626000000, 0x0000000626400000|  0%| F|  |TAMS 0x0000000626000000| PB 0x0000000626000000| Untracked |  0
| 100|0x0000000626400000, 0x0000000626400000, 0x0000000626800000|  0%| F|  |TAMS 0x0000000626400000| PB 0x0000000626400000| Untracked |  0
| 101|0x0000000626800000, 0x0000000626800000, 0x0000000626c00000|  0%| F|  |TAMS 0x0000000626800000| PB 0x0000000626800000| Untracked |  0
| 102|0x0000000626c00000, 0x0000000626c00000, 0x0000000627000000|  0%| F|  |TAMS 0x0000000626c00000| PB 0x0000000626c00000| Untracked |  0
| 103|0x0000000627000000, 0x0000000627000000, 0x0000000627400000|  0%| F|  |TAMS 0x0000000627000000| PB 0x0000000627000000| Untracked |  0
| 104|0x0000000627400000, 0x0000000627400000, 0x0000000627800000|  0%| F|  |TAMS 0x0000000627400000| PB 0x0000000627400000| Untracked |  0
| 105|0x0000000627800000, 0x0000000627800000, 0x0000000627c00000|  0%| F|  |TAMS 0x0000000627800000| PB 0x0000000627800000| Untracked |  0
| 106|0x0000000627c00000, 0x0000000627c00000, 0x0000000628000000|  0%| F|  |TAMS 0x0000000627c00000| PB 0x0000000627c00000| Untracked |  0
| 107|0x0000000628000000, 0x0000000628000000, 0x0000000628400000|  0%| F|  |TAMS 0x0000000628000000| PB 0x0000000628000000| Untracked |  0
| 108|0x0000000628400000, 0x0000000628400000, 0x0000000628800000|  0%| F|  |TAMS 0x0000000628400000| PB 0x0000000628400000| Untracked |  0
| 109|0x0000000628800000, 0x0000000628800000, 0x0000000628c00000|  0%| F|  |TAMS 0x0000000628800000| PB 0x0000000628800000| Untracked |  0
| 110|0x0000000628c00000, 0x0000000628c00000, 0x0000000629000000|  0%| F|  |TAMS 0x0000000628c00000| PB 0x0000000628c00000| Untracked |  0
| 111|0x0000000629000000, 0x0000000629000000, 0x0000000629400000|  0%| F|  |TAMS 0x0000000629000000| PB 0x0000000629000000| Untracked |  0
| 112|0x0000000629400000, 0x0000000629400000, 0x0000000629800000|  0%| F|  |TAMS 0x0000000629400000| PB 0x0000000629400000| Untracked |  0
| 113|0x0000000629800000, 0x0000000629800000, 0x0000000629c00000|  0%| F|  |TAMS 0x0000000629800000| PB 0x0000000629800000| Untracked |  0
| 114|0x0000000629c00000, 0x0000000629c00000, 0x000000062a000000|  0%| F|  |TAMS 0x0000000629c00000| PB 0x0000000629c00000| Untracked |  0
| 115|0x000000062a000000, 0x000000062a000000, 0x000000062a400000|  0%| F|  |TAMS 0x000000062a000000| PB 0x000000062a000000| Untracked |  0
| 116|0x000000062a400000, 0x000000062a400000, 0x000000062a800000|  0%| F|  |TAMS 0x000000062a400000| PB 0x000000062a400000| Untracked |  0
| 117|0x000000062a800000, 0x000000062a800000, 0x000000062ac00000|  0%| F|  |TAMS 0x000000062a800000| PB 0x000000062a800000| Untracked |  0
| 118|0x000000062ac00000, 0x000000062ac00000, 0x000000062b000000|  0%| F|  |TAMS 0x000000062ac00000| PB 0x000000062ac00000| Untracked |  0
| 119|0x000000062b000000, 0x000000062b35ef68, 0x000000062b400000| 84%| E|  |TAMS 0x000000062b000000| PB 0x000000062b000000| Complete |  0
| 120|0x000000062b400000, 0x000000062b800000, 0x000000062b800000|100%| E|CS|TAMS 0x000000062b400000| PB 0x000000062b400000| Complete |  0
| 121|0x000000062b800000, 0x000000062bc00000, 0x000000062bc00000|100%| E|CS|TAMS 0x000000062b800000| PB 0x000000062b800000| Complete |  0
| 122|0x000000062bc00000, 0x000000062c000000, 0x000000062c000000|100%| E|CS|TAMS 0x000000062bc00000| PB 0x000000062bc00000| Complete |  0
| 123|0x000000062c000000, 0x000000062c400000, 0x000000062c400000|100%| E|CS|TAMS 0x000000062c000000| PB 0x000000062c000000| Complete |  0
| 124|0x000000062c400000, 0x000000062c800000, 0x000000062c800000|100%| E|CS|TAMS 0x000000062c400000| PB 0x000000062c400000| Complete |  0

Card table byte_map: [0x000001a5fccc0000,0x000001a5fdc60000] _byte_map_base: 0x000001a5f9c56000

Marking Bits: (CMBitMap*) 0x000001a5fb470470
 Bits: [0x000001a597670000, 0x000001a59f320000)

Polling page: 0x000001a5fab90000

Metaspace:

Usage:
  Non-class:      6.92 MB used.
      Class:    887.57 KB used.
       Both:      7.79 MB used.

Virtual space:
  Non-class space:       64.00 MB reserved,       7.06 MB ( 11%) committed,  1 nodes.
      Class space:        1.00 GB reserved,       1.00 MB ( <1%) committed,  1 nodes.
             Both:        1.06 GB reserved,       8.06 MB ( <1%) committed. 

Chunk freelists:
   Non-Class:  8.98 MB
       Class:  15.04 MB
        Both:  24.02 MB

MaxMetaspaceSize: unlimited
CompressedClassSpaceSize: 1.00 GB
Initial GC threshold: 21.00 MB
Current GC threshold: 21.00 MB
CDS: on
 - commit_granule_bytes: 65536.
 - commit_granule_words: 8192.
 - virtual_space_node_default_size: 8388608.
 - enlarge_chunks_in_place: 1.
 - use_allocation_guard: 0.


Internal statistics:

num_allocs_failed_limit: 0.
num_arena_births: 148.
num_arena_deaths: 0.
num_vsnodes_births: 2.
num_vsnodes_deaths: 0.
num_space_committed: 129.
num_space_uncommitted: 0.
num_chunks_returned_to_freelist: 0.
num_chunks_taken_from_freelist: 188.
num_chunk_merges: 0.
num_chunk_splits: 111.
num_chunks_enlarged: 48.
num_inconsistent_stats: 0.

CodeHeap 'non-profiled nmethods': size=119232Kb used=342Kb max_used=342Kb free=118889Kb
 bounds [0x000001a590200000, 0x000001a590470000, 0x000001a597670000]
CodeHeap 'profiled nmethods': size=119104Kb used=1797Kb max_used=1797Kb free=117306Kb
 bounds [0x000001a588670000, 0x000001a5888e0000, 0x000001a58fac0000]
CodeHeap 'non-nmethods': size=7424Kb used=3387Kb max_used=3387Kb free=4037Kb
 bounds [0x000001a58fac0000, 0x000001a58fe20000, 0x000001a590200000]
CodeCache: size=245760Kb, used=5526Kb, max_used=5526Kb, free=240232Kb
 total_blobs=2023, nmethods=1388, adapters=538, full_count=0
Compilation: enabled, stopped_count=0, restarted_count=0

Compilation events (20 events):
Event: 0.321 Thread 0x000001a5efd54f80 nmethod 1342 0x000001a588826688 code [0x000001a5888267c0, 0x000001a588826c40]
Event: 0.321 Thread 0x000001a5a03934e0 nmethod 1329 0x000001a59024ec08 code [0x000001a59024edc0, 0x000001a59024fd78]
Event: 0.321 Thread 0x000001a5a03934e0 1343       4       java.nio.channels.spi.AbstractInterruptibleChannel::begin (38 bytes)
Event: 0.321 Thread 0x000001a5a00f68a0 nmethod 1334 0x000001a59024fe08 code [0x000001a59024ff20, 0x000001a5902500a8]
Event: 0.321 Thread 0x000001a5a00f68a0 1344   !   4       sun.nio.ch.NativeThreadSet::add (177 bytes)
Event: 0.322 Thread 0x000001a5a00f68a0 nmethod 1344 0x000001a590250108 code [0x000001a590250200, 0x000001a590250448]
Event: 0.322 Thread 0x000001a5a00f68a0 1346       4       java.lang.System$2::getUTF16Char (6 bytes)
Event: 0.322 Thread 0x000001a5a00f68a0 nmethod 1346 0x000001a590250488 code [0x000001a590250580, 0x000001a590250600]
Event: 0.322 Thread 0x000001a5a00f68a0 1347   !   4       sun.font.TrueTypeFont::getTableBuffer (208 bytes)
Event: 0.322 Thread 0x000001a5a03934e0 nmethod 1343 0x000001a590250788 code [0x000001a5902508a0, 0x000001a590250c70]
Event: 0.322 Thread 0x000001a5a03934e0 1345   !   4       sun.nio.ch.NativeThreadSet::remove (132 bytes)
Event: 0.322 Thread 0x000001a5a00fa850 1348       3       sun.font.TrueTypeFont::initAllNames (182 bytes)
Event: 0.323 Thread 0x000001a5a03934e0 nmethod 1345 0x000001a590250d08 code [0x000001a590250e20, 0x000001a5902510f0]
Event: 0.323 Thread 0x000001a5a01b5010 1349       3       java.lang.StringUTF16::toBytes (34 bytes)
Event: 0.323 Thread 0x000001a5a00fa850 nmethod 1348 0x000001a588826c88 code [0x000001a588826ee0, 0x000001a588827af0]
Event: 0.323 Thread 0x000001a5a0341420 1350       3       jdk.internal.util.ArraysSupport::utf16hashCode (40 bytes)
Event: 0.323 Thread 0x000001a5a01b5010 nmethod 1349 0x000001a588827b88 code [0x000001a588827cc0, 0x000001a588827fb0]
Event: 0.323 Thread 0x000001a5a0341420 nmethod 1350 0x000001a588828008 code [0x000001a588828140, 0x000001a588828350]
Event: 0.325 Thread 0x000001a5a03934e0 1351       4       java.nio.ByteBuffer::<init> (47 bytes)
Event: 0.325 Thread 0x000001a5a0341420 1353   !   3       sun.nio.cs.UnicodeDecoder::decodeLoop (304 bytes)

GC Heap History (0 events):
No events

Dll operation events (10 events):
Event: 0.004 Loaded shared library C:\Program Files\Java\jdk-23\bin\java.dll
Event: 0.018 Loaded shared library C:\Program Files\Java\jdk-23\bin\jsvml.dll
Event: 0.031 Loaded shared library C:\Program Files\Java\jdk-23\bin\net.dll
Event: 0.032 Loaded shared library C:\Program Files\Java\jdk-23\bin\nio.dll
Event: 0.041 Loaded shared library C:\Program Files\Java\jdk-23\bin\zip.dll
Event: 0.047 Loaded shared library C:\Program Files\Java\jdk-23\bin\jimage.dll
Event: 0.054 Loaded shared library C:\Program Files\Java\jdk-23\bin\awt.dll
Event: 0.198 Loaded shared library C:\Program Files\Java\jdk-23\bin\javajpeg.dll
Event: 0.233 Loaded shared library C:\Program Files\Java\jdk-23\bin\freetype.dll
Event: 0.234 Loaded shared library C:\Program Files\Java\jdk-23\bin\fontmanager.dll

Deoptimization events (20 events):
Event: 0.219 Thread 0x000001a5fb3c92f0 Uncommon trap: trap_request=0xffffffde fr.pc=0x000001a590239d5c relative=0x000000000000029c
Event: 0.219 Thread 0x000001a5fb3c92f0 Uncommon trap: reason=class_check action=maybe_recompile pc=0x000001a590239d5c method=java.util.HashMap.getNode(Ljava/lang/Object;)Ljava/util/HashMap$Node; @ 63 c2
Event: 0.219 Thread 0x000001a5fb3c92f0 DEOPT PACKING pc=0x000001a590239d5c sp=0x00000025122fec90
Event: 0.219 Thread 0x000001a5fb3c92f0 DEOPT UNPACKING pc=0x000001a58fb17982 sp=0x00000025122feb98 mode 2
Event: 0.237 Thread 0x000001a5fb3c92f0 Uncommon trap: trap_request=0xffffff45 fr.pc=0x000001a5902343e8 relative=0x00000000000001e8
Event: 0.237 Thread 0x000001a5fb3c92f0 Uncommon trap: reason=unstable_if action=reinterpret pc=0x000001a5902343e8 method=java.lang.StringUTF16.compress([CI[BII)I @ 20 c2
Event: 0.237 Thread 0x000001a5fb3c92f0 DEOPT PACKING pc=0x000001a5902343e8 sp=0x00000025122fdc30
Event: 0.237 Thread 0x000001a5fb3c92f0 DEOPT UNPACKING pc=0x000001a58fb17982 sp=0x00000025122fdba0 mode 2
Event: 0.257 Thread 0x000001a5a00ed110 Uncommon trap: trap_request=0xffffff45 fr.pc=0x000001a590240c64 relative=0x0000000000000064
Event: 0.257 Thread 0x000001a5a00ed110 Uncommon trap: reason=unstable_if action=reinterpret pc=0x000001a590240c64 method=java.lang.CharacterDataLatin1.toLowerCase(I)I @ 16 c2
Event: 0.257 Thread 0x000001a5a00ed110 DEOPT PACKING pc=0x000001a590240c64 sp=0x00000025139fc230
Event: 0.257 Thread 0x000001a5a00ed110 DEOPT UNPACKING pc=0x000001a58fb17982 sp=0x00000025139fc1b0 mode 2
Event: 0.319 Thread 0x000001a5a00ed110 Uncommon trap: trap_request=0xffffff45 fr.pc=0x000001a59020d54c relative=0x000000000000028c
Event: 0.319 Thread 0x000001a5a00ed110 Uncommon trap: reason=unstable_if action=reinterpret pc=0x000001a59020d54c method=java.lang.String.isLatin1()Z @ 10 c2
Event: 0.319 Thread 0x000001a5a00ed110 DEOPT PACKING pc=0x000001a59020d54c sp=0x00000025139fc880
Event: 0.319 Thread 0x000001a5a00ed110 DEOPT UNPACKING pc=0x000001a58fb17982 sp=0x00000025139fc7b0 mode 2
Event: 0.325 Thread 0x000001a5a00ed110 Uncommon trap: trap_request=0xffffff45 fr.pc=0x000001a59024e6fc relative=0x00000000000003bc
Event: 0.325 Thread 0x000001a5a00ed110 Uncommon trap: reason=unstable_if action=reinterpret pc=0x000001a59024e6fc method=java.lang.Character.isSurrogate(C)Z @ 3 c2
Event: 0.325 Thread 0x000001a5a00ed110 DEOPT PACKING pc=0x000001a59024e6fc sp=0x00000025139fc550
Event: 0.325 Thread 0x000001a5a00ed110 DEOPT UNPACKING pc=0x000001a58fb17982 sp=0x00000025139fc458 mode 2

Classes loaded (20 events):
Event: 0.263 Loading class sun/font/TrueTypeFont$DirectoryEntry
Event: 0.263 Loading class sun/font/TrueTypeFont$DirectoryEntry done
Event: 0.263 Loading class java/nio/ByteBufferAsShortBufferB
Event: 0.263 Loading class java/nio/ShortBuffer
Event: 0.263 Loading class java/nio/ShortBuffer done
Event: 0.263 Loading class java/nio/ByteBufferAsShortBufferB done
Event: 0.263 Loading class sun/nio/cs/UTF_16$Decoder
Event: 0.263 Loading class sun/nio/cs/UTF_16$Decoder done
Event: 0.267 Loading class jdk/internal/foreign/MemorySessionImpl
Event: 0.267 Loading class java/lang/foreign/MemorySegment$Scope
Event: 0.267 Loading class java/lang/foreign/MemorySegment$Scope done
Event: 0.267 Loading class jdk/internal/foreign/MemorySessionImpl done
Event: 0.271 Loading class sun/font/SunFontManager$3
Event: 0.271 Loading class sun/font/SunFontManager$3 done
Event: 0.280 Loading class sun/font/SunFontManager$8
Event: 0.280 Loading class sun/font/SunFontManager$8 done
Event: 0.280 Loading class sun/font/SunFontManager$9
Event: 0.280 Loading class sun/font/SunFontManager$9 done
Event: 0.315 Loading class java/lang/foreign/MemorySegment
Event: 0.315 Loading class java/lang/foreign/MemorySegment done

Classes unloaded (0 events):
No events

Classes redefined (0 events):
No events

Internal exceptions (13 events):
Event: 0.032 Thread 0x000001a5fb3c92f0 Exception <a 'sun/nio/fs/WindowsException'{0x000000062c6377b0}> (0x000000062c6377b0) 
thrown [s\open\src\hotspot\share\prims\jni.cpp, line 520]
Event: 0.033 Thread 0x000001a5fb3c92f0 Exception <a 'sun/nio/fs/WindowsException'{0x000000062c639f50}> (0x000000062c639f50) 
thrown [s\open\src\hotspot\share\prims\jni.cpp, line 520]
Event: 0.033 Thread 0x000001a5fb3c92f0 Exception <a 'sun/nio/fs/WindowsException'{0x000000062c63aa80}> (0x000000062c63aa80) 
thrown [s\open\src\hotspot\share\prims\jni.cpp, line 520]
Event: 0.049 Thread 0x000001a5fb3c92f0 Exception <a 'java/lang/ClassNotFoundException'{0x000000062c7825a8}: sun/awt/resources/spi/awtProvider> (0x000000062c7825a8) 
thrown [s\open\src\hotspot\share\classfile\systemDictionary.cpp, line 313]
Event: 0.058 Thread 0x000001a5fb3c92f0 Exception <a 'java/io/FileNotFoundException'{0x000000062c7d6140}> (0x000000062c7d6140) 
thrown [s\open\src\hotspot\share\prims\jni.cpp, line 520]
Event: 0.061 Thread 0x000001a5fb3c92f0 Exception <a 'java/io/FileNotFoundException'{0x000000062c012ce8}> (0x000000062c012ce8) 
thrown [s\open\src\hotspot\share\prims\jni.cpp, line 520]
Event: 0.156 Thread 0x000001a5fb3c92f0 Exception <a 'java/lang/NoSuchMethodError'{0x000000062c0ade40}: 'void java.lang.invoke.DirectMethodHandle$Holder.invokeSpecial(java.lang.Object, java.lang.Object, java.lang.Object)'> (0x000000062c0ade40) 
thrown [s\open\src\hotspot\share\interpreter\linkResolver.cpp, line 796]
Event: 0.162 Thread 0x000001a5fb3c92f0 Exception <a 'java/lang/NoSuchMethodError'{0x000000062c1f3428}: 'java.lang.Object java.lang.invoke.DirectMethodHandle$Holder.invokeStatic(java.lang.Object, int, java.lang.Object)'> (0x000000062c1f3428) 
thrown [s\open\src\hotspot\share\interpreter\linkResolver.cpp, line 796]
Event: 0.170 Thread 0x000001a5fb3c92f0 Exception <a 'java/lang/ClassNotFoundException'{0x000000062c299dd0}: com/sun/swing/internal/plaf/metal/resources/spi/metalProvider> (0x000000062c299dd0) 
thrown [s\open\src\hotspot\share\classfile\systemDictionary.cpp, line 313]
Event: 0.171 Thread 0x000001a5fb3c92f0 Exception <a 'java/lang/ClassNotFoundException'{0x000000062c29dde0}: com/sun/swing/internal/plaf/basic/resources/spi/basicProvider> (0x000000062c29dde0) 
thrown [s\open\src\hotspot\share\classfile\systemDictionary.cpp, line 313]
Event: 0.174 Thread 0x000001a5fb3c92f0 Exception <a 'java/lang/NoSuchMethodError'{0x000000062c2bd748}: 'int java.lang.invoke.Invokers$Holder.invokeExact_MT(java.lang.Object, java.lang.Object)'> (0x000000062c2bd748) 
thrown [s\open\src\hotspot\share\interpreter\linkResolver.cpp, line 796]
Event: 0.199 Thread 0x000001a5efd49390 Exception <a 'java/lang/NoSuchMethodError'{0x000000062bd0a410}: 'java.lang.Object java.lang.invoke.DirectMethodHandle$Holder.newInvokeSpecial(java.lang.Object, java.lang.Object, java.lang.Object, int, int, int, int, int)'> (0x000000062bd0a410) 
thrown [s\open\src\hotspot\share\interpreter\linkResolver.cpp, line 796]
Event: 0.232 Thread 0x000001a5fb3c92f0 Exception <a 'java/lang/NoSuchMethodError'{0x000000062b925f40}: 'void java.lang.invoke.DirectMethodHandle$Holder.invokeStaticInit(java.lang.Object)'> (0x000000062b925f40) 
thrown [s\open\src\hotspot\share\interpreter\linkResolver.cpp, line 796]

VM Operations (8 events):
Event: 0.034 Executing VM operation: HandshakeAllThreads (Deoptimize)
Event: 0.034 Executing VM operation: HandshakeAllThreads (Deoptimize) done
Event: 0.065 Executing VM operation: HandshakeAllThreads (Deoptimize)
Event: 0.065 Executing VM operation: HandshakeAllThreads (Deoptimize) done
Event: 0.175 Executing VM operation: HandshakeAllThreads (Deoptimize)
Event: 0.175 Executing VM operation: HandshakeAllThreads (Deoptimize) done
Event: 0.194 Executing VM operation: HandshakeAllThreads (Deoptimize)
Event: 0.194 Executing VM operation: HandshakeAllThreads (Deoptimize) done

Memory protections (0 events):
No events

Nmethod flushes (0 events):
No events

Events (20 events):
Event: 0.011 Thread 0x000001a5fb3c92f0 Thread added: 0x000001a5fb3c92f0
Event: 0.017 Thread 0x000001a5fb3c92f0 Thread added: 0x000001a5a00e0290
Event: 0.017 Thread 0x000001a5fb3c92f0 Thread added: 0x000001a5a00e21c0
Event: 0.018 Thread 0x000001a5fb3c92f0 Thread added: 0x000001a5a00eb040
Event: 0.018 Thread 0x000001a5fb3c92f0 Thread added: 0x000001a5a00eca80
Event: 0.018 Thread 0x000001a5fb3c92f0 Thread added: 0x000001a5a00ede30
Event: 0.018 Thread 0x000001a5fb3c92f0 Thread added: 0x000001a5a00ee4c0
Event: 0.018 Thread 0x000001a5fb3c92f0 Thread added: 0x000001a5a00f68a0
Event: 0.018 Thread 0x000001a5fb3c92f0 Thread added: 0x000001a5a00fa850
Event: 0.019 Thread 0x000001a5a00fa850 Thread added: 0x000001a5a01b5010
Event: 0.027 Thread 0x000001a5fb3c92f0 Thread added: 0x000001a5a00eb6d0
Event: 0.035 Thread 0x000001a5a01b5010 Thread added: 0x000001a5a0341420
Event: 0.038 Thread 0x000001a5fb3c92f0 Thread added: 0x000001a5a00ed7a0
Event: 0.039 Thread 0x000001a5a0341420 Thread added: 0x000001a5a03934e0
Event: 0.081 Thread 0x000001a5fb3c92f0 Thread added: 0x000001a5a00ebd60
Event: 0.082 Thread 0x000001a5fb3c92f0 Thread added: 0x000001a5a00ec3f0
Event: 0.082 Thread 0x000001a5fb3c92f0 Thread added: 0x000001a5a00ed110
Event: 0.177 Thread 0x000001a5fb3c92f0 Thread added: 0x000001a5efd49390
Event: 0.182 Thread 0x000001a5a00fa850 Thread added: 0x000001a5efd54f80
Event: 0.226 Thread 0x000001a5a00ed110 Thread added: 0x000001a5efd43e40


Dynamic libraries:
0x00007ff6eb1b0000 - 0x00007ff6eb1c0000 	C:\Program Files\Java\jdk-23\bin\java.exe
0x00007ffbe0830000 - 0x00007ffbe0a47000 	C:\Windows\SYSTEM32\ntdll.dll
0x00007ffbdeb00000 - 0x00007ffbdebc4000 	C:\Windows\System32\KERNEL32.DLL
0x00007ffbddb30000 - 0x00007ffbddee9000 	C:\Windows\System32\KERNELBASE.dll
0x00007ffbde080000 - 0x00007ffbde191000 	C:\Windows\System32\ucrtbase.dll
0x00007ffbd8570000 - 0x00007ffbd858b000 	C:\Program Files\Java\jdk-23\bin\VCRUNTIME140.dll
0x00007ffbcd760000 - 0x00007ffbcd777000 	C:\Program Files\Java\jdk-23\bin\jli.dll
0x00007ffbdf760000 - 0x00007ffbdf90e000 	C:\Windows\System32\USER32.dll
0x00007ffbddf90000 - 0x00007ffbddfb6000 	C:\Windows\System32\win32u.dll
0x00007ffbc1100000 - 0x00007ffbc1392000 	C:\Windows\WinSxS\amd64_microsoft.windows.common-controls_6595b64144ccf1df_6.0.22621.4391_none_2715d37f73803e96\COMCTL32.dll
0x00007ffbdf060000 - 0x00007ffbdf089000 	C:\Windows\System32\GDI32.dll
0x00007ffbe06e0000 - 0x00007ffbe0787000 	C:\Windows\System32\msvcrt.dll
0x00007ffbde240000 - 0x00007ffbde35b000 	C:\Windows\System32\gdi32full.dll
0x00007ffbde1a0000 - 0x00007ffbde23a000 	C:\Windows\System32\msvcp_win.dll
0x00007ffbded40000 - 0x00007ffbded71000 	C:\Windows\System32\IMM32.DLL
0x00007ffbd98a0000 - 0x00007ffbd98ac000 	C:\Program Files\Java\jdk-23\bin\vcruntime140_1.dll
0x00007ffbcd990000 - 0x00007ffbcda1e000 	C:\Program Files\Java\jdk-23\bin\msvcp140.dll
0x00007ffb4f650000 - 0x00007ffb5039f000 	C:\Program Files\Java\jdk-23\bin\server\jvm.dll
0x00007ffbdea40000 - 0x00007ffbdeaf2000 	C:\Windows\System32\ADVAPI32.dll
0x00007ffbdf1d0000 - 0x00007ffbdf277000 	C:\Windows\System32\sechost.dll
0x00007ffbddf60000 - 0x00007ffbddf88000 	C:\Windows\System32\bcrypt.dll
0x00007ffbded80000 - 0x00007ffbdee94000 	C:\Windows\System32\RPCRT4.dll
0x00007ffbde560000 - 0x00007ffbde5d1000 	C:\Windows\System32\WS2_32.dll
0x00007ffbdd4d0000 - 0x00007ffbdd51d000 	C:\Windows\SYSTEM32\POWRPROF.dll
0x00007ffbd3be0000 - 0x00007ffbd3c14000 	C:\Windows\SYSTEM32\WINMM.dll
0x00007ffbcf530000 - 0x00007ffbcf53a000 	C:\Windows\SYSTEM32\VERSION.dll
0x00007ffbdd440000 - 0x00007ffbdd453000 	C:\Windows\SYSTEM32\UMPDC.dll
0x00007ffbdcb30000 - 0x00007ffbdcb48000 	C:\Windows\SYSTEM32\kernel.appcore.dll
0x00007ffbd7310000 - 0x00007ffbd731a000 	C:\Program Files\Java\jdk-23\bin\jimage.dll
0x00007ffbd4c70000 - 0x00007ffbd4ea2000 	C:\Windows\SYSTEM32\DBGHELP.DLL
0x00007ffbdf910000 - 0x00007ffbdfc9f000 	C:\Windows\System32\combase.dll
0x00007ffbdeea0000 - 0x00007ffbdef77000 	C:\Windows\System32\OLEAUT32.dll
0x00007ffbc1030000 - 0x00007ffbc1062000 	C:\Windows\SYSTEM32\dbgcore.DLL
0x00007ffbde4d0000 - 0x00007ffbde54b000 	C:\Windows\System32\bcryptPrimitives.dll
0x00007ffbd72c0000 - 0x00007ffbd72de000 	C:\Program Files\Java\jdk-23\bin\java.dll
0x00007ffbde630000 - 0x00007ffbde7d5000 	C:\Windows\System32\ole32.dll
0x00007ffbdfe60000 - 0x00007ffbe06d6000 	C:\Windows\System32\SHELL32.dll
0x00007ffbdba20000 - 0x00007ffbdc323000 	C:\Windows\SYSTEM32\windows.storage.dll
0x00007ffbdb8e0000 - 0x00007ffbdba1f000 	C:\Windows\SYSTEM32\wintypes.dll
0x00007ffbde940000 - 0x00007ffbdea39000 	C:\Windows\System32\SHCORE.dll
0x00007ffbdf700000 - 0x00007ffbdf75e000 	C:\Windows\System32\shlwapi.dll
0x00007ffbdda60000 - 0x00007ffbdda8b000 	C:\Windows\SYSTEM32\profapi.dll
0x00007ffbcdbb0000 - 0x00007ffbcdc87000 	C:\Program Files\Java\jdk-23\bin\jsvml.dll
0x00007ffbcf540000 - 0x00007ffbcf550000 	C:\Program Files\Java\jdk-23\bin\net.dll
0x00007ffbdcfa0000 - 0x00007ffbdd009000 	C:\Windows\system32\mswsock.dll
0x00007ffbce500000 - 0x00007ffbce516000 	C:\Program Files\Java\jdk-23\bin\nio.dll
0x00007ffbce430000 - 0x00007ffbce447000 	C:\Program Files\Java\jdk-23\bin\zip.dll
0x00007ffbcda20000 - 0x00007ffbcdbae000 	C:\Program Files\Java\jdk-23\bin\awt.dll
0x00007ffbd9150000 - 0x00007ffbd91e7000 	C:\Windows\SYSTEM32\apphelp.dll
0x00007ffbdb260000 - 0x00007ffbdb28b000 	C:\Windows\system32\DWMAPI.DLL
0x00007ffbdafc0000 - 0x00007ffbdb071000 	C:\Windows\system32\uxtheme.dll
0x00007ffbab550000 - 0x00007ffbab650000 	C:\Windows\system32\opengl32.dll
0x00007ffbb6580000 - 0x00007ffbb65ad000 	C:\Windows\SYSTEM32\GLU32.dll
0x00007ffbdb110000 - 0x00007ffbdb147000 	C:\Windows\SYSTEM32\dxcore.dll
0x00007ffbdebd0000 - 0x00007ffbded30000 	C:\Windows\System32\MSCTF.dll
0x00007ffbce960000 - 0x00007ffbceb08000 	C:\Windows\system32\d3d9.dll
0x00007ffb8e6a0000 - 0x00007ffb916c7000 	C:\Windows\System32\DriverStore\FileRepository\u0402338.inf_amd64_d4de815aa579b06a\B402197\amdxn64.dll
0x00007ffbdf280000 - 0x00007ffbdf6f4000 	C:\Windows\System32\SETUPAPI.dll
0x00007ffbdb150000 - 0x00007ffbdb247000 	C:\Windows\SYSTEM32\dxgi.dll
0x00007ffbd3a80000 - 0x00007ffbd3ab7000 	C:\Windows\System32\DriverStore\FileRepository\u0402338.inf_amd64_d4de815aa579b06a\B402197\amdihk64.dll
0x00007ffbd67f0000 - 0x00007ffbd6839000 	C:\Windows\SYSTEM32\directxdatabasehelper.dll
0x00007ffbcd730000 - 0x00007ffbcd75e000 	C:\Program Files\Java\jdk-23\bin\javajpeg.dll
0x00007ffbcd900000 - 0x00007ffbcd987000 	C:\Program Files\Java\jdk-23\bin\freetype.dll
0x00007ffbcd820000 - 0x00007ffbcd8f7000 	C:\Program Files\Java\jdk-23\bin\fontmanager.dll
0x00007ffbdef90000 - 0x00007ffbdf040000 	C:\Windows\System32\clbcatq.dll
0x00007ffbdad40000 - 0x00007ffbdaef0000 	C:\Windows\SYSTEM32\WindowsCodecs.dll
0x00007ffbbd2b0000 - 0x00007ffbbd30e000 	C:\Windows\system32\dataexchange.dll
0x00007ffbd3c20000 - 0x00007ffbd3ec4000 	C:\Windows\system32\twinapi.appcore.dll

dbghelp: loaded successfully - version: 4.0.5 - missing functions: none
symbol engine: initialized successfully - sym options: 0x614 - pdb path: .;C:\Program Files\Java\jdk-23\bin;C:\Windows\SYSTEM32;C:\Windows\WinSxS\amd64_microsoft.windows.common-controls_6595b64144ccf1df_6.0.22621.4391_none_2715d37f73803e96;C:\Program Files\Java\jdk-23\bin\server;C:\Windows\System32\DriverStore\FileRepository\u0402338.inf_amd64_d4de815aa579b06a\B402197

VM Arguments:
jvm_args: -Dfile.encoding=UTF-8 --module-path=C:\Users\carlo\Documents\NetBeansProjects\Electricity_Bills_System\build\classes 
java_command: electricity_bills_system.Login
java_class_path (initial): A:\PROGRAMACION\SQLJAR\mysql-connector-j-9.0.0\mysql-connector-j-9.0.0.jar;C:\Users\carlo\Documents\NetBeansProjects\Electricity_Bills_System\build\classes
Launcher Type: SUN_STANDARD

[Global flags]
     intx CICompilerCount                          = 12                                        {product} {ergonomic}
     uint ConcGCThreads                            = 3                                         {product} {ergonomic}
     uint G1ConcRefinementThreads                  = 13                                        {product} {ergonomic}
   size_t G1HeapRegionSize                         = 4194304                                   {product} {ergonomic}
   size_t InitialHeapSize                          = 524288000                                 {product} {ergonomic}
   size_t MarkStackSize                            = 4194304                                   {product} {ergonomic}
   size_t MarkStackSizeMax                         = 536870912                                 {product} {ergonomic}
   size_t MaxHeapSize                              = 8367636480                                {product} {ergonomic}
   size_t MaxNewSize                               = 5020581888                                {product} {ergonomic}
   size_t MinHeapDeltaBytes                        = 4194304                                   {product} {ergonomic}
   size_t MinHeapSize                              = 8388608                                   {product} {ergonomic}
    uintx NonNMethodCodeHeapSize                   = 7602176                                {pd product} {ergonomic}
    uintx NonProfiledCodeHeapSize                  = 122093568                              {pd product} {ergonomic}
    uintx ProfiledCodeHeapSize                     = 121962496                              {pd product} {ergonomic}
    uintx ReservedCodeCacheSize                    = 251658240                              {pd product} {ergonomic}
     bool SegmentedCodeCache                       = true                                      {product} {ergonomic}
   size_t SoftMaxHeapSize                          = 8367636480                             {manageable} {ergonomic}
     bool UseCompressedOops                        = true                           {product lp64_product} {ergonomic}
     bool UseG1GC                                  = true                                      {product} {ergonomic}
     bool UseLargePagesIndividualAllocation        = false                                  {pd product} {ergonomic}

Logging:
Log output configuration:
 #0: stdout all=warning uptime,level,tags foldmultilines=false
 #1: stderr all=off uptime,level,tags foldmultilines=false

Environment Variables:
PATH=C:\Program Files\Common Files\Oracle\Java\javapath;C:\Program Files (x86)\NVIDIA Corporation\PhysX\Common;C:\Windows\system32;C:\Windows;C:\Windows\System32\Wbem;C:\Windows\System32\WindowsPowerShell\v1.0\;C:\Windows\System32\OpenSSH\;W:\Programas\Git\cmd;C:\Program Files (x86)\Git\cmd;C:\Program Files\MySQL\MySQL Shell 8.0\bin\;C:\Users\carlo\AppData\Local\Programs\Python\Launcher\;C:\Users\carlo\AppData\Local\Microsoft\WindowsApps;W:\Programas\Microsoft VS Code\bin
USERNAME=carlo
OS=Windows_NT
PROCESSOR_IDENTIFIER=AMD64 Family 25 Model 97 Stepping 2, AuthenticAMD
TMP=C:\Users\carlo\AppData\Local\Temp
TEMP=C:\Users\carlo\AppData\Local\Temp




Periodic native trim disabled

---------------  S Y S T E M  ---------------

OS:
 Windows 11 , 64 bit Build 22621 (10.0.22621.4391)
OS uptime: 5 days 12:53 hours
Hyper-V role detected

CPU: total 16 (initial active 16) (16 cores per cpu, 2 threads per core) family 25 model 97 stepping 2 microcode 0x0, cx8, cmov, fxsr, ht, mmx, 3dnowpref, sse, sse2, sse3, ssse3, sse4a, sse4.1, sse4.2, popcnt, lzcnt, tsc, tscinvbit, avx, avx2, aes, erms, clmul, bmi1, bmi2, adx, avx512f, avx512dq, avx512cd, avx512bw, avx512vl, sha, fma, vzeroupper, avx512_vpopcntdq, avx512_vpclmulqdq, avx512_vaes, avx512_vnni, clflush, clflushopt, avx512_vbmi2, avx512_vbmi, hv, rdtscp, rdpid, fsrm, gfni, avx512_bitalg, f16c, cet_ss, avx512_ifma
Processor Information for the first 16 processors :
  Max Mhz: 4201, Current Mhz: 4201, Mhz Limit: 4201

Memory: 4k page, system-wide physical 31904M (11408M free)
TotalPageFile size 50981M (AvailPageFile size 3M)
current process WorkingSet (physical memory assigned to process): 121M, peak: 121M
current process commit charge ("private bytes"): 664M, peak: 664M

vm_info: Java HotSpot(TM) 64-Bit Server VM (23+37-2369) for windows-amd64 JRE (23+37-2369), built on 2024-08-20T16:01:23Z with MS VC++ 17.6 (VS2022)

END.
