#
# There is insufficient memory for the Java Runtime Environment to continue.
# Native memory allocation (mmap) failed to map 65536 bytes. Error detail: Failed to commit metaspace.
# Possible reasons:
#   The system is out of physical RAM or swap space
#   This process is running with CompressedOops enabled, and the Java Heap may be blocking the growth of the native heap
# Possible solutions:
#   Reduce memory load on the system
#   Increase physical memory or swap space
#   Check if swap backing store is full
#   Decrease Java heap size (-Xmx/-Xms)
#   Decrease number of Java threads
#   Decrease Java thread stack sizes (-Xss)
#   Set larger code cache with -XX:ReservedCodeCacheSize=
#   JVM is running with Zero Based Compressed Oops mode in which the Java heap is
#     placed in the first 32GB address space. The Java Heap base address is the
#     maximum limit for the native heap growth. Please use -XX:HeapBaseMinAddress
#     to set the Java Heap base and to place the Java Heap above 32GB virtual address.
# This output file may be truncated or incomplete.
#
#  Out of Memory Error (virtualSpaceNode.cpp:113), pid=38412, tid=93876
#
# JRE version: Java(TM) SE Runtime Environment (23.0+37) (build 23+37-2369)
# Java VM: Java HotSpot(TM) 64-Bit Server VM (23+37-2369, mixed mode, sharing, tiered, compressed oops, compressed class ptrs, g1 gc, windows-amd64)
# No core dump will be written. Minidumps are not enabled by default on client versions of Windows
#

---------------  S U M M A R Y ------------

Command Line: -Dfile.encoding=UTF-8 --module-path=C:\Users\carlo\Documents\NetBeansProjects\Electricity_Bills_System\build\classes electricity_bills_system.Login

Host: AMD Ryzen 7 7800X3D 8-Core Processor           , 16 cores, 31G,  Windows 11 , 64 bit Build 22621 (10.0.22621.4391)
Time: Fri Dec  6 03:02:19 2024 Hora estándar romance elapsed time: 0.448531 seconds (0d 0h 0m 0s)

---------------  T H R E A D  ---------------

Current thread (0x000002052496eab0):  JavaThread "AWT-EventQueue-0"        [_thread_in_vm, id=93876, stack(0x0000006d57f00000,0x0000006d58000000) (1024K)]

Stack: [0x0000006d57f00000,0x0000006d58000000]
Native frames: (J=compiled Java code, j=interpreted, Vv=VM code, C=native code)
V  [jvm.dll+0x6e08a9]  (no source info available)
V  [jvm.dll+0x87da63]  (no source info available)
V  [jvm.dll+0x87feee]  (no source info available)
V  [jvm.dll+0x8805c3]  (no source info available)
V  [jvm.dll+0x27aee6]  (no source info available)
V  [jvm.dll+0x87966e]  (no source info available)
V  [jvm.dll+0x682025]  (no source info available)
V  [jvm.dll+0x1e09dc]  (no source info available)
V  [jvm.dll+0x1e07ae]  (no source info available)
V  [jvm.dll+0x684978]  (no source info available)
V  [jvm.dll+0x2219dc]  (no source info available)
V  [jvm.dll+0x682a3e]  (no source info available)
V  [jvm.dll+0x27793d]  (no source info available)
V  [jvm.dll+0x277e79]  (no source info available)
V  [jvm.dll+0x738aaf]  (no source info available)
V  [jvm.dll+0x73989f]  (no source info available)
V  [jvm.dll+0x3c0f38]  (no source info available)
V  [jvm.dll+0x3bfd37]  (no source info available)
V  [jvm.dll+0x3bfcd8]  (no source info available)
V  [jvm.dll+0x3d1e7a]  (no source info available)
C  0x00000204bf74b921  (no source info available)

The last pc belongs to new (printed below).
Java frames: (J=compiled Java code, j=interpreted, Vv=VM code)
j  sun.java2d.marlin.RendererContext.<init>(Ljava/lang/String;)V+336 java.desktop@23
j  sun.java2d.marlin.RendererContext.createContext()Lsun/java2d/marlin/RendererContext;+15 java.desktop@23
j  sun.java2d.marlin.DMarlinRenderingEngine$1.newContext()Lsun/java2d/marlin/RendererContext;+0 java.desktop@23
j  sun.java2d.marlin.DMarlinRenderingEngine$1.newContext()Lsun/java2d/ReentrantContext;+1 java.desktop@23
j  sun.java2d.ReentrantContextProviderTL.acquire()Lsun/java2d/ReentrantContext;+30 java.desktop@23
j  sun.java2d.marlin.DMarlinRenderingEngine.getRendererContext()Lsun/java2d/marlin/RendererContext;+3 java.desktop@23
j  sun.java2d.marlin.DMarlinRenderingEngine.getAATileGenerator(Ljava/awt/Shape;Ljava/awt/geom/AffineTransform;Lsun/java2d/pipe/Region;Ljava/awt/BasicStroke;ZZ[I)Lsun/java2d/pipe/AATileGenerator;+6 java.desktop@23
j  sun.java2d.pipe.AAShapePipe.renderPath(Lsun/java2d/SunGraphics2D;Ljava/awt/Shape;Ljava/awt/BasicStroke;)V+71 java.desktop@23
j  sun.java2d.pipe.AAShapePipe.fill(Lsun/java2d/SunGraphics2D;Ljava/awt/Shape;)V+4 java.desktop@23
j  sun.java2d.pipe.PixelToParallelogramConverter.fill(Lsun/java2d/SunGraphics2D;Ljava/awt/Shape;)V+70 java.desktop@23
j  sun.java2d.pipe.PixelToShapeConverter.fillRoundRect(Lsun/java2d/SunGraphics2D;IIIIII)V+28 java.desktop@23
j  sun.java2d.pipe.ValidatePipe.fillRoundRect(Lsun/java2d/SunGraphics2D;IIIIII)V+23 java.desktop@23
j  sun.java2d.SunGraphics2D.fillRoundRect(IIIIII)V+14 java.desktop@23
j  electricity_bills_system.RoundedButton.paintComponent(Ljava/awt/Graphics;)V+41
j  javax.swing.JComponent.paint(Ljava/awt/Graphics;)V+286 java.desktop@23
j  javax.swing.JComponent.paintChildren(Ljava/awt/Graphics;)V+516 java.desktop@23
j  javax.swing.JComponent.paint(Ljava/awt/Graphics;)V+318 java.desktop@23
j  javax.swing.JComponent.paintChildren(Ljava/awt/Graphics;)V+516 java.desktop@23
j  javax.swing.JComponent.paint(Ljava/awt/Graphics;)V+318 java.desktop@23
j  javax.swing.JComponent.paintChildren(Ljava/awt/Graphics;)V+516 java.desktop@23
j  javax.swing.JComponent.paint(Ljava/awt/Graphics;)V+318 java.desktop@23
j  javax.swing.JComponent.paintChildren(Ljava/awt/Graphics;)V+516 java.desktop@23
j  javax.swing.JComponent.paint(Ljava/awt/Graphics;)V+318 java.desktop@23
j  javax.swing.JLayeredPane.paint(Ljava/awt/Graphics;)V+73 java.desktop@23
j  javax.swing.JComponent.paintChildren(Ljava/awt/Graphics;)V+516 java.desktop@23
j  javax.swing.JComponent.paintToOffscreen(Ljava/awt/Graphics;IIIIII)V+72 java.desktop@23
j  javax.swing.RepaintManager$PaintManager.paintDoubleBufferedImpl(Ljavax/swing/JComponent;Ljava/awt/Image;Ljava/awt/Graphics;IIII)V+163 java.desktop@23
j  javax.swing.RepaintManager$PaintManager.paintDoubleBuffered(Ljavax/swing/JComponent;Ljava/awt/Image;Ljava/awt/Graphics;IIII)V+46 java.desktop@23
j  javax.swing.RepaintManager$PaintManager.paint(Ljavax/swing/JComponent;Ljavax/swing/JComponent;Ljava/awt/Graphics;IIII)Z+128 java.desktop@23
j  javax.swing.RepaintManager.paint(Ljavax/swing/JComponent;Ljavax/swing/JComponent;Ljava/awt/Graphics;IIII)V+52 java.desktop@23
j  javax.swing.JComponent.paint(Ljava/awt/Graphics;)V+221 java.desktop@23
j  java.awt.GraphicsCallback$PaintCallback.run(Ljava/awt/Component;Ljava/awt/Graphics;)V+2 java.desktop@23
j  sun.awt.SunGraphicsCallback.runOneComponent(Ljava/awt/Component;Ljava/awt/Rectangle;Ljava/awt/Graphics;Ljava/awt/Shape;I)V+130 java.desktop@23
j  sun.awt.SunGraphicsCallback.runComponents([Ljava/awt/Component;Ljava/awt/Graphics;I)V+157 java.desktop@23
j  java.awt.Container.paint(Ljava/awt/Graphics;)V+58 java.desktop@23
j  java.awt.Window.paint(Ljava/awt/Graphics;)V+68 java.desktop@23
j  javax.swing.RepaintManager$4.run()Ljava/lang/Void;+142 java.desktop@23
j  javax.swing.RepaintManager$4.run()Ljava/lang/Object;+1 java.desktop@23
J 855 c1 java.security.AccessController.doPrivileged(Ljava/security/PrivilegedAction;Ljava/security/AccessControlContext;)Ljava/lang/Object; java.base@23 (17 bytes) @ 0x00000204b83e23ec [0x00000204b83e2200+0x00000000000001ec]
j  java.security.ProtectionDomain$JavaSecurityAccessImpl.doIntersectionPrivilege(Ljava/security/PrivilegedAction;Ljava/security/AccessControlContext;Ljava/security/AccessControlContext;)Ljava/lang/Object;+18 java.base@23
j  javax.swing.RepaintManager.paintDirtyRegions(Ljava/util/Map;)V+154 java.desktop@23
j  javax.swing.RepaintManager.paintDirtyRegions()V+46 java.desktop@23
j  javax.swing.RepaintManager.prePaintDirtyRegions()V+73 java.desktop@23
j  javax.swing.RepaintManager$ProcessingRunnable.run()V+37 java.desktop@23
j  java.awt.event.InvocationEvent.dispatch()V+47 java.desktop@23
j  java.awt.EventQueue.dispatchEventImpl(Ljava/awt/AWTEvent;Ljava/lang/Object;)V+21 java.desktop@23
j  java.awt.EventQueue$4.run()Ljava/lang/Void;+32 java.desktop@23
j  java.awt.EventQueue$4.run()Ljava/lang/Object;+1 java.desktop@23
J 855 c1 java.security.AccessController.doPrivileged(Ljava/security/PrivilegedAction;Ljava/security/AccessControlContext;)Ljava/lang/Object; java.base@23 (17 bytes) @ 0x00000204b83e23ec [0x00000204b83e2200+0x00000000000001ec]
j  java.security.ProtectionDomain$JavaSecurityAccessImpl.doIntersectionPrivilege(Ljava/security/PrivilegedAction;Ljava/security/AccessControlContext;Ljava/security/AccessControlContext;)Ljava/lang/Object;+18 java.base@23
j  java.awt.EventQueue.dispatchEvent(Ljava/awt/AWTEvent;)V+46 java.desktop@23
j  java.awt.EventDispatchThread.pumpOneEventForFilters(I)V+81 java.desktop@23
j  java.awt.EventDispatchThread.pumpEventsForFilter(ILjava/awt/Conditional;Ljava/awt/EventFilter;)V+35 java.desktop@23
j  java.awt.EventDispatchThread.pumpEventsForHierarchy(ILjava/awt/Conditional;Ljava/awt/Component;)V+11 java.desktop@23
j  java.awt.EventDispatchThread.pumpEvents(ILjava/awt/Conditional;)V+4 java.desktop@23
j  java.awt.EventDispatchThread.pumpEvents(Ljava/awt/Conditional;)V+3 java.desktop@23
j  java.awt.EventDispatchThread.run()V+9 java.desktop@23
v  ~StubRoutines::call_stub 0x00000204bf730fcd
Lock stack of current Java thread (top to bottom):
LockStack[0]: [I 
{0x000000062b91ef10} - klass: {type array int}
 - length: 0

new  187 new  [0x00000204bf74b780, 0x00000204bf74b990]  528 bytes
[MachCode]
  0x00000204bf74b780: 4883 ec08 | c5fa 1104 | 24eb 1f48 | 83ec 10c5 | fb11 0424 | eb14 4883 | ec10 4889 | 0424 48c7 
  0x00000204bf74b7a0: 4424 0800 | 0000 00eb | 0150 410f | b755 010f | cac1 ea10 | 488b 4de8 | 488b 4908 | 488b 4908 
  0x00000204bf74b7c0: 488b 4108 | 807c 1004 | 070f 85e0 | 0000 0066 | 8b54 d148 | 488b 4928 | 488b 4cd1 | 0851 80b9 
  0x00000204bf74b7e0: 3101 0000 | 040f 840d | 0000 004c | 3bb9 3801 | 0000 0f85 | b600 0000 | 8b51 08f6 | c201 0f85 
  0x00000204bf74b800: aa00 0000 | 498b 87b8 | 0100 0048 | 8d1c 1049 | 3b9f c801 | 0000 0f87 | 9200 0000 | 4989 9fb8 
  0x00000204bf74b820: 0100 0048 | 83ea 100f | 840f 0000 | 0033 c9c1 | ea03 4889 | 4cd0 0848 | ffca 75f6 | 48c7 0001 
  0x00000204bf74b840: 0000 0059 | 33f6 8970 | 0c49 ba00 | 0000 d504 | 0200 0049 | 2bca 8948 | 0849 ba42 | ad29 50fb 
  0x00000204bf74b860: 7f00 0041 | 803a 000f | 843c 0000 | 0050 488b | c848 83ec | 2040 f6c4 | 0f0f 8419 | 0000 0048 
  0x00000204bf74b880: 83ec 0848 | b840 eed9 | 4ffb 7f00 | 00ff d048 | 83c4 08e9 | 0c00 0000 | 48b8 40ee | d94f fb7f 
  0x00000204bf74b8a0: 0000 ffd0 | 4883 c420 | 58e9 cb00 | 0000 5948 | 8b55 e848 | 8b52 0848 | 8b52 0845 | 0fb7 4501 
  0x00000204bf74b8c0: 410f c841 | c1e8 10e8 | 0500 0000 | e9a8 0000 | 0048 8d44 | 2408 4c89 | 6dc0 498b | cfc5 f877 
  0x00000204bf74b8e0: 4989 afb0 | 0300 0049 | 8987 a003 | 0000 4883 | ec20 40f6 | c40f 0f84 | 1900 0000 | 4883 ec08 
  0x00000204bf74b900: 48b8 f01d | a24f fb7f | 0000 ffd0 | 4883 c408 | e90c 0000 | 0048 b8f0 | 1da2 4ffb | 7f00 00ff 
  0x00000204bf74b920: d048 83c4 | 2049 c787 | a003 0000 | 0000 0000 | 49c7 87b0 | 0300 0000 | 0000 0049 | c787 a803 
  0x00000204bf74b940: 0000 0000 | 0000 c5f8 | 7749 837f | 0800 0f84 | 0500 0000 | e967 55fe | ff49 8b87 | f803 0000 
  0x00000204bf74b960: 49c7 87f8 | 0300 0000 | 0000 004c | 8b6d c04c | 8b75 c84e | 8d74 f500 | c341 0fb6 | 5d03 4983 
  0x00000204bf74b980: c503 49ba | 5076 2d50 | fb7f 0000 | 41ff 24da 
[/MachCode]

Compiled method (c1) 471  855       3       java.security.AccessController::doPrivileged (17 bytes)
 total in heap  [0x00000204b83e2088,0x00000204b83e2610] = 1416
 relocation     [0x00000204b83e2160,0x00000204b83e21f8] = 152
 main code      [0x00000204b83e2200,0x00000204b83e2580] = 896
 stub code      [0x00000204b83e2580,0x00000204b83e25f8] = 120
 metadata       [0x00000204b83e25f8,0x00000204b83e2610] = 24
 immutable data [0x0000020524990780,0x0000020524990918] = 408
 dependencies   [0x0000020524990780,0x0000020524990788] = 8
 nul chk table  [0x0000020524990788,0x0000020524990798] = 16
 scopes pcs     [0x0000020524990798,0x0000020524990858] = 192
 scopes data    [0x0000020524990858,0x0000020524990918] = 192

[Constant Pool (empty)]

[MachCode]
[Verified Entry Point]
  # {method} {0x00000204d549b038} 'doPrivileged' '(Ljava/security/PrivilegedAction;Ljava/security/AccessControlContext;)Ljava/lang/Object;' in 'java/security/AccessController'
  # parm0:    rdx:rdx   = 'java/security/PrivilegedAction'
  # parm1:    r8:r8     = 'java/security/AccessControlContext'
  #           [sp+0x80]  (sp of caller)
  0x00000204b83e2200: 8984 2400 | 80ff ff55 | 4883 ec70 | 4181 7f20 | 0100 0000 

  0x00000204b83e2214: ;   {runtime_call StubRoutines (final stubs)}
  0x00000204b83e2214: 7405 e845 

  0x00000204b83e2218: ;   {metadata(method data for {method} {0x00000204d549b038} 'doPrivileged' '(Ljava/security/PrivilegedAction;Ljava/security/AccessControlContext;)Ljava/lang/Object;' in 'java/security/AccessController')}
  0x00000204b83e2218: 8138 0748 | bee8 2154 | 1605 0200 | 008b becc | 0000 0083 | c702 89be | cc00 0000 | 81e7 fe07 
  0x00000204b83e2238: 0000 85ff | 0f84 7402 | 0000 4c89 | 4424 4048 | 8954 2448 

  0x00000204b83e224c: ;   {metadata(method data for {method} {0x00000204d549b038} 'doPrivileged' '(Ljava/security/PrivilegedAction;Ljava/security/AccessControlContext;)Ljava/lang/Object;' in 'java/security/AccessController')}
  0x00000204b83e224c: 48be e821 | 5416 0502 | 0000 4883 | 8618 0100 

  0x00000204b83e225c: ;   {static_call}
  0x00000204b83e225c: 0001 90e8 

  0x00000204b83e2260: ; ImmutableOopMap {[64]=Oop [72]=Oop }
                      ;*invokestatic getCallerClass {reexecute=0 rethrow=0 return_oop=0}
                      ; - java.security.AccessController::doPrivileged@0 (line 398)
  0x00000204b83e2260: 4c09 ab07 

  0x00000204b83e2264: ;   {other}
  0x00000204b83e2264: 0f1f 8400 | dc01 0000 | 4889 4424 

  0x00000204b83e2270: ;   {metadata(method data for {method} {0x00000204d549b038} 'doPrivileged' '(Ljava/security/PrivilegedAction;Ljava/security/AccessControlContext;)Ljava/lang/Object;' in 'java/security/AccessController')}
  0x00000204b83e2270: 5048 bae8 | 2154 1605 | 0200 0048 | 8382 2801 | 0000 0148 | 8b54 2440 | 4c8b c00f 

  0x00000204b83e228c: ;   {static_call}
  0x00000204b83e228c: 1f40 00e8 

  0x00000204b83e2290: ; ImmutableOopMap {[72]=Oop [80]=Oop }
                      ;*invokestatic checkContext {reexecute=0 rethrow=0 return_oop=0}
                      ; - java.security.AccessController::doPrivileged@6 (line 399)
  0x00000204b83e2290: 8cfb ffff 

  0x00000204b83e2294: ;   {other}
  0x00000204b83e2294: 0f1f 8400 | 0c02 0001 | 4889 4424 

  0x00000204b83e22a0: ;   {metadata(method data for {method} {0x00000204d549b038} 'doPrivileged' '(Ljava/security/PrivilegedAction;Ljava/security/AccessControlContext;)Ljava/lang/Object;' in 'java/security/AccessController')}
  0x00000204b83e22a0: 5848 bae8 | 2154 1605 | 0200 0048 | 8382 3801 

  0x00000204b83e22b0: ;   {metadata(method data for {method} {0x00000204d549b2c0} 'executePrivileged' '(Ljava/security/PrivilegedAction;Ljava/security/AccessControlContext;Ljava/lang/Class;)Ljava/lang/Object;' in 'java/security/AccessController')}
  0x00000204b83e22b0: 0000 0148 | ba50 2511 | 1605 0200 | 008b b2cc | 0000 0083 | c602 89b2 | cc00 0000 | 81e6 feff 
  0x00000204b83e22d0: 1f00 85f6 | 0f84 fd01 | 0000 4885 

  0x00000204b83e22dc: ;   {metadata(method data for {method} {0x00000204d549b2c0} 'executePrivileged' '(Ljava/security/PrivilegedAction;Ljava/security/AccessControlContext;Ljava/lang/Class;)Ljava/lang/Object;' in 'java/security/AccessController')}
  0x00000204b83e22dc: c048 ba50 | 2511 1605 | 0200 00be | 1801 0000 | 7405 be28 | 0100 0048 | 8b3c 3248 | 8d7f 0148 
  0x00000204b83e22fc: 893c 320f | 8427 0000 

  0x00000204b83e2304: ;   {metadata(method data for {method} {0x00000204d549b2c0} 'executePrivileged' '(Ljava/security/PrivilegedAction;Ljava/security/AccessControlContext;Ljava/lang/Class;)Ljava/lang/Object;' in 'java/security/AccessController')}
  0x00000204b83e2304: 0048 ba50 | 2511 1605 | 0200 0048 | 8382 3801 | 0000 0148 | 8bd0 0f1f 

  0x00000204b83e231c: ;   {static_call}
  0x00000204b83e231c: 4400 00e8 

  0x00000204b83e2320: ; ImmutableOopMap {[72]=Oop [80]=Oop [88]=Oop }
                      ;*invokestatic ensureMaterializedForStackWalk {reexecute=0 rethrow=0 return_oop=0}
                      ; - java.security.AccessController::executePrivileged@5 (line 774)
                      ; - java.security.AccessController::doPrivileged@13 (line 400)
  0x00000204b83e2320: 0ca0 ab07 

  0x00000204b83e2324: ;   {other}
  0x00000204b83e2324: 0f1f 8400 | 9c02 0002 

  0x00000204b83e232c: ;   {metadata(method data for {method} {0x00000204d549b2c0} 'executePrivileged' '(Ljava/security/PrivilegedAction;Ljava/security/AccessControlContext;Ljava/lang/Class;)Ljava/lang/Object;' in 'java/security/AccessController')}
  0x00000204b83e232c: 48ba 5025 | 1116 0502 | 0000 ff82 | 4801 0000 | 488b 5424 | 4848 3b02 

  0x00000204b83e2344: ;   {metadata(method data for {method} {0x00000204d549b2c0} 'executePrivileged' '(Ljava/security/PrivilegedAction;Ljava/security/AccessControlContext;Ljava/lang/Class;)Ljava/lang/Object;' in 'java/security/AccessController')}
  0x00000204b83e2344: 488b f248 | bf50 2511 | 1605 0200 | 008b 7608 | 49ba 0000 | 00d5 0402 | 0000 4903 | f248 3bb7 
  0x00000204b83e2364: b001 0000 | 750d 4883 | 87b8 0100 | 0001 e960 | 0000 0048 | 3bb7 c001 | 0000 750d | 4883 87c8 
  0x00000204b83e2384: 0100 0001 | e94a 0000 | 0048 83bf | b001 0000 | 0075 1748 | 89b7 b001 | 0000 48c7 | 87b8 0100 
  0x00000204b83e23a4: 0001 0000 | 00e9 2900 | 0000 4883 | bfc0 0100 | 0000 7517 | 4889 b7c0 | 0100 0048 | c787 c801 
  0x00000204b83e23c4: 0000 0100 | 0000 e908 | 0000 0048 | 8387 a801 | 0000 0166 | 0f1f 4400 | 0048 b8f0 | aab1 2405 
  0x00000204b83e23e4: ;   {virtual_call}
  0x00000204b83e23e4: 0200 00e8 

  0x00000204b83e23e8: ; ImmutableOopMap {[80]=Oop [88]=Oop }
                      ;*invokeinterface run {reexecute=0 rethrow=0 return_oop=0}
                      ; - java.security.AccessController::executePrivileged@29 (line 778)
                      ; - java.security.AccessController::doPrivileged@13 (line 400)
  0x00000204b83e23e8: 6418 4807 

  0x00000204b83e23ec: ;   {other}
  0x00000204b83e23ec: 0f1f 8400 | 6403 0003 

  0x00000204b83e23f4: ;   {metadata(method data for {method} {0x00000204d549b2c0} 'executePrivileged' '(Ljava/security/PrivilegedAction;Ljava/security/AccessControlContext;Ljava/lang/Class;)Ljava/lang/Object;' in 'java/security/AccessController')}
  0x00000204b83e23f4: 48ba 5025 | 1116 0502 | 0000 ff82 | d801 0000 

  0x00000204b83e2404: ;   {metadata(method data for {method} {0x00000204d549b2c0} 'executePrivileged' '(Ljava/security/PrivilegedAction;Ljava/security/AccessControlContext;Ljava/lang/Class;)Ljava/lang/Object;' in 'java/security/AccessController')}
  0x00000204b83e2404: 48ba 5025 | 1116 0502 | 0000 4883 | 8238 0200 | 0001 488b | d048 8944 

  0x00000204b83e241c: ;   {static_call}
  0x00000204b83e241c: 2460 90e8 

  0x00000204b83e2420: ; ImmutableOopMap {[80]=Oop [88]=Oop [96]=Oop }
                      ;*invokestatic ensureMaterializedForStackWalk {reexecute=0 rethrow=0 return_oop=0}
                      ; - java.security.AccessController::executePrivileged@56 (line 786)
                      ; - java.security.AccessController::doPrivileged@13 (line 400)
  0x00000204b83e2420: 0c9f ab07 

  0x00000204b83e2424: ;   {other}
  0x00000204b83e2424: 0f1f 8400 | 9c03 0004 

  0x00000204b83e242c: ;   {metadata(method data for {method} {0x00000204d549b2c0} 'executePrivileged' '(Ljava/security/PrivilegedAction;Ljava/security/AccessControlContext;Ljava/lang/Class;)Ljava/lang/Object;' in 'java/security/AccessController')}
  0x00000204b83e242c: 48b8 5025 | 1116 0502 | 0000 4883 | 8048 0200 

  0x00000204b83e243c: ;   {metadata(method data for {method} {0x00000204d5195798} 'reachabilityFence' '(Ljava/lang/Object;)V' in 'java/lang/ref/Reference')}
  0x00000204b83e243c: 0001 48b8 | a84e 0e16 | 0502 0000 | 8bb0 cc00 | 0000 83c6 | 0289 b0cc | 0000 0081 | e6fe ff1f 
  0x00000204b83e245c: 0085 f60f | 8498 0000 

  0x00000204b83e2464: ;   {metadata(method data for {method} {0x00000204d549b2c0} 'executePrivileged' '(Ljava/security/PrivilegedAction;Ljava/security/AccessControlContext;Ljava/lang/Class;)Ljava/lang/Object;' in 'java/security/AccessController')}
  0x00000204b83e2464: 0048 b850 | 2511 1605 | 0200 0048 | 8380 5802 

  0x00000204b83e2474: ;   {metadata(method data for {method} {0x00000204d5195798} 'reachabilityFence' '(Ljava/lang/Object;)V' in 'java/lang/ref/Reference')}
  0x00000204b83e2474: 0000 0148 | b8a8 4e0e | 1605 0200 | 008b b0cc | 0000 0083 | c602 89b0 | cc00 0000 | 81e6 feff 
  0x00000204b83e2494: 1f00 85f6 | 0f84 8000 | 0000 488b | 4424 6048 | 83c4 705d 

  0x00000204b83e24a8: ;   {poll_return}
  0x00000204b83e24a8: 493b a748 | 0400 000f | 878a 0000 

  0x00000204b83e24b4: ;   {metadata({method} {0x00000204d549b038} 'doPrivileged' '(Ljava/security/PrivilegedAction;Ljava/security/AccessControlContext;)Ljava/lang/Object;' in 'java/security/AccessController')}
  0x00000204b83e24b4: 00c3 49ba | 30b0 49d5 | 0402 0000 | 4c89 5424 | 0848 c704 | 24ff ffff 

  0x00000204b83e24cc: ;   {runtime_call counter_overflow Runtime1 stub}
  0x00000204b83e24cc: ffe8 8e1c 

  0x00000204b83e24d0: ; ImmutableOopMap {rdx=Oop r8=Oop }
                      ;*synchronization entry
                      ; - java.security.AccessController::doPrivileged@-1 (line 398)
  0x00000204b83e24d0: 4707 e96b 

  0x00000204b83e24d4: ;   {metadata({method} {0x00000204d549b2c0} 'executePrivileged' '(Ljava/security/PrivilegedAction;Ljava/security/AccessControlContext;Ljava/lang/Class;)Ljava/lang/Object;' in 'java/security/AccessController')}
  0x00000204b83e24d4: fdff ff49 | bab8 b249 | d504 0200 | 004c 8954 | 2408 48c7 | 0424 ffff 

  0x00000204b83e24ec: ;   {runtime_call counter_overflow Runtime1 stub}
  0x00000204b83e24ec: ffff e86d 

  0x00000204b83e24f0: ; ImmutableOopMap {rax=Oop [72]=Oop [80]=Oop [88]=Oop }
                      ;*synchronization entry
                      ; - java.security.AccessController::executePrivileged@-1 (line 773)
                      ; - java.security.AccessController::doPrivileged@13 (line 400)
  0x00000204b83e24f0: 1c47 07e9 | e2fd ffff 

  0x00000204b83e24f8: ;   {runtime_call throw_null_pointer_exception Runtime1 stub}
  0x00000204b83e24f8: e8e3 b246 

  0x00000204b83e24fc: ; ImmutableOopMap {rdx=Oop [80]=Oop [88]=Oop }
                      ;*invokeinterface run {reexecute=0 rethrow=0 return_oop=0}
                      ; - java.security.AccessController::executePrivileged@29 (line 778)
                      ; - java.security.AccessController::doPrivileged@13 (line 400)
                      ;   {metadata({method} {0x00000204d5195798} 'reachabilityFence' '(Ljava/lang/Object;)V' in 'java/lang/ref/Reference')}
  0x00000204b83e24fc: 0749 ba90 | 5719 d504 | 0200 004c | 8954 2408 | 48c7 0424 | ffff ffff 

  0x00000204b83e2514: ;   {runtime_call counter_overflow Runtime1 stub}
  0x00000204b83e2514: e847 1c47 

  0x00000204b83e2518: ; ImmutableOopMap {[80]=Oop [96]=Oop }
                      ;*synchronization entry
                      ; - java.lang.ref.Reference::reachabilityFence@-1 (line 661)
                      ; - java.security.AccessController::executePrivileged@60 (line 790)
                      ; - java.security.AccessController::doPrivileged@13 (line 400)
  0x00000204b83e2518: 07e9 47ff 

  0x00000204b83e251c: ;   {metadata({method} {0x00000204d5195798} 'reachabilityFence' '(Ljava/lang/Object;)V' in 'java/lang/ref/Reference')}
  0x00000204b83e251c: ffff 49ba | 9057 19d5 | 0402 0000 | 4c89 5424 | 0848 c704 | 24ff ffff 

  0x00000204b83e2534: ;   {runtime_call counter_overflow Runtime1 stub}
  0x00000204b83e2534: ffe8 261c 

  0x00000204b83e2538: ; ImmutableOopMap {[96]=Oop }
                      ;*synchronization entry
                      ; - java.lang.ref.Reference::reachabilityFence@-1 (line 661)
                      ; - java.security.AccessController::executePrivileged@64 (line 791)
                      ; - java.security.AccessController::doPrivileged@13 (line 400)
  0x00000204b83e2538: 4707 e95f 

  0x00000204b83e253c: ;   {internal_word}
  0x00000204b83e253c: ffff ff49 | baa8 243e | b804 0200 | 004d 8997 | 6004 0000 

  0x00000204b83e2550: ;   {runtime_call SafepointBlob}
  0x00000204b83e2550: e98b 423a | 0749 8b87 | 0005 0000 | 49c7 8700 | 0500 0000 | 0000 0049 | c787 0805 | 0000 0000 
  0x00000204b83e2570: 0000 4883 

  0x00000204b83e2574: ;   {runtime_call unwind_exception Runtime1 stub}
  0x00000204b83e2574: c470 5de9 | 64a3 4607 | f4f4 f4f4 
[Stub Code]
  0x00000204b83e2580: ;   {no_reloc}
  0x00000204b83e2580: 0f1f 4400 

  0x00000204b83e2584: ;   {static_stub}
  0x00000204b83e2584: 0048 bb00 | 0000 0000 

  0x00000204b83e258c: ;   {runtime_call nmethod}
  0x00000204b83e258c: 0000 00e9 | fbff ffff 

  0x00000204b83e2594: ;   {static_stub}
  0x00000204b83e2594: 48bb 0000 | 0000 0000 

  0x00000204b83e259c: ;   {runtime_call nmethod}
  0x00000204b83e259c: 0000 e9fb 

  0x00000204b83e25a0: ;   {static_stub}
  0x00000204b83e25a0: ffff ff48 | bb00 0000 | 0000 0000 

  0x00000204b83e25ac: ;   {runtime_call nmethod}
  0x00000204b83e25ac: 00e9 fbff 

  0x00000204b83e25b0: ;   {static_stub}
  0x00000204b83e25b0: ffff 48bb | 0000 0000 | 0000 0000 

  0x00000204b83e25bc: ;   {runtime_call nmethod}
  0x00000204b83e25bc: e9fb ffff 

  0x00000204b83e25c0: ;   {runtime_call handle_exception_from_callee Runtime1 stub}
  0x00000204b83e25c0: ffe8 1ad4 

  0x00000204b83e25c4: ;   {external_word}
  0x00000204b83e25c4: 4607 48b9 | 40d5 0150 | fb7f 0000 | 4883 e4f0 

  0x00000204b83e25d4: ;   {runtime_call}
  0x00000204b83e25d4: 48b8 604a | c84f fb7f | 0000 ffd0 

  0x00000204b83e25e0: ;   {section_word}
  0x00000204b83e25e0: f449 bae1 | 253e b804 | 0200 0041 

  0x00000204b83e25ec: ;   {runtime_call DeoptimizationBlob}
  0x00000204b83e25ec: 52e9 0e56 | 3a07 f4f4 | f4f4 f4f4 
[/MachCode]


---------------  P R O C E S S  ---------------

Threads class SMR info:
_java_thread_list=0x00000204ad79d100, length=22, elements={
0x00000204d4764b50, 0x00000204d4765810, 0x00000204d476ccb0, 0x00000204d476c620,
0x00000204d476bf90, 0x00000204d476a550, 0x00000204d4781420, 0x00000204d4781bd0,
0x00000204d476abe0, 0x00000204d4892c60, 0x00000204d476b270, 0x00000204d49e27b0,
0x00000204d4a51540, 0x00000204d476b900, 0x00000204d4769830, 0x00000204d4769ec0,
0x000002052496a910, 0x0000020524982170, 0x0000020524ad7390, 0x000002052496eab0,
0x000002052496fe60, 0x000002052496bcc0
}

Java Threads: ( => current thread )
  0x00000204d4764b50 JavaThread "Reference Handler"          daemon [_thread_blocked, id=57384, stack(0x0000006d54d00000,0x0000006d54e00000) (1024K)]
  0x00000204d4765810 JavaThread "Finalizer"                  daemon [_thread_blocked, id=52092, stack(0x0000006d54e00000,0x0000006d54f00000) (1024K)]
  0x00000204d476ccb0 JavaThread "Signal Dispatcher"          daemon [_thread_blocked, id=109324, stack(0x0000006d54f00000,0x0000006d55000000) (1024K)]
  0x00000204d476c620 JavaThread "Attach Listener"            daemon [_thread_blocked, id=77536, stack(0x0000006d55000000,0x0000006d55100000) (1024K)]
  0x00000204d476bf90 JavaThread "Service Thread"             daemon [_thread_blocked, id=101828, stack(0x0000006d55100000,0x0000006d55200000) (1024K)]
  0x00000204d476a550 JavaThread "Monitor Deflation Thread"   daemon [_thread_blocked, id=98164, stack(0x0000006d55200000,0x0000006d55300000) (1024K)]
  0x00000204d4781420 JavaThread "C2 CompilerThread0"         daemon [_thread_blocked, id=108276, stack(0x0000006d55300000,0x0000006d55400000) (1024K)]
  0x00000204d4781bd0 JavaThread "C1 CompilerThread0"         daemon [_thread_blocked, id=100072, stack(0x0000006d55400000,0x0000006d55500000) (1024K)]
  0x00000204d476abe0 JavaThread "Common-Cleaner"             daemon [_thread_blocked, id=85440, stack(0x0000006d55500000,0x0000006d55600000) (1024K)]
  0x00000204d4892c60 JavaThread "C1 CompilerThread1"         daemon [_thread_blocked, id=109508, stack(0x0000006d55600000,0x0000006d55700000) (1024K)]
  0x00000204d476b270 JavaThread "Notification Thread"        daemon [_thread_blocked, id=93252, stack(0x0000006d55700000,0x0000006d55800000) (1024K)]
  0x00000204d49e27b0 JavaThread "C2 CompilerThread1"         daemon [_thread_blocked, id=108992, stack(0x0000006d55800000,0x0000006d55900000) (1024K)]
  0x00000204d4a51540 JavaThread "C1 CompilerThread2"         daemon [_thread_blocked, id=107796, stack(0x0000006d55900000,0x0000006d55a00000) (1024K)]
  0x00000204d476b900 JavaThread "Java2D Disposer"            daemon [_thread_blocked, id=76056, stack(0x0000006d55a00000,0x0000006d55b00000) (1024K)]
  0x00000204d4769830 JavaThread "AWT-Shutdown"                      [_thread_blocked, id=108572, stack(0x0000006d55b00000,0x0000006d55c00000) (1024K)]
  0x00000204d4769ec0 JavaThread "AWT-Windows"                daemon [_thread_in_native, id=108668, stack(0x0000006d55c00000,0x0000006d55d00000) (1024K)]
  0x000002052496a910 JavaThread "Image Fetcher 0"            daemon [_thread_blocked, id=107852, stack(0x0000006d57c00000,0x0000006d57d00000) (1024K)]
  0x0000020524982170 JavaThread "C1 CompilerThread3"         daemon [_thread_blocked, id=98600, stack(0x0000006d57d00000,0x0000006d57e00000) (1024K)]
  0x0000020524ad7390 JavaThread "C2 CompilerThread2"         daemon [_thread_blocked, id=107160, stack(0x0000006d57e00000,0x0000006d57f00000) (1024K)]
=>0x000002052496eab0 JavaThread "AWT-EventQueue-0"                  [_thread_in_vm, id=93876, stack(0x0000006d57f00000,0x0000006d58000000) (1024K)]
  0x000002052496fe60 JavaThread "DestroyJavaVM"                     [_thread_blocked, id=106840, stack(0x0000006d54500000,0x0000006d54600000) (1024K)]
  0x000002052496bcc0 JavaThread "D3D Screen Updater"         daemon [_thread_blocked, id=109120, stack(0x0000006d58300000,0x0000006d58400000) (1024K)]
Total: 22

Other Threads:
  0x00000204d3b7d050 VMThread "VM Thread"                           [id=108756, stack(0x0000006d54c00000,0x0000006d54d00000) (1024K)]
  0x00000204d3b68fb0 WatcherThread "VM Periodic Task Thread"        [id=69848, stack(0x0000006d54b00000,0x0000006d54c00000) (1024K)]
  0x00000204afc4ddc0 WorkerThread "GC Thread#0"                     [id=108264, stack(0x0000006d54600000,0x0000006d54700000) (1024K)]
  0x00000204afc63770 ConcurrentGCThread "G1 Main Marker"            [id=107984, stack(0x0000006d54700000,0x0000006d54800000) (1024K)]
  0x00000204afc65a30 WorkerThread "G1 Conc#0"                       [id=58896, stack(0x0000006d54800000,0x0000006d54900000) (1024K)]
  0x00000204d3a39070 ConcurrentGCThread "G1 Refine#0"               [id=101692, stack(0x0000006d54900000,0x0000006d54a00000) (1024K)]
  0x00000204d3a39800 ConcurrentGCThread "G1 Service"                [id=109148, stack(0x0000006d54a00000,0x0000006d54b00000) (1024K)]
Total: 7

Threads with active compile tasks:
Total: 0

VM state: not at safepoint (normal execution)

VM Mutex/Monitor currently owned by a thread:  ([mutex/lock_event])
[0x00007ffb502c1890] Metaspace_lock - owner thread: 0x000002052496eab0

Heap address: 0x000000060d400000, size: 7980 MB, Compressed Oops mode: Zero based, Oop shift amount: 3

CDS archive(s) mapped at: [0x00000204d5000000-0x00000204d5d70000-0x00000204d5d70000), size 14090240, SharedBaseAddress: 0x00000204d5000000, ArchiveRelocationMode: 1.
Compressed class space mapped at: 0x00000204d6000000-0x0000020516000000, reserved size: 1073741824
Narrow klass base: 0x00000204d5000000, Narrow klass shift: 0, Narrow klass range: 0x41000000

GC Precious Log:
 CardTable entry size: 512
 Card Set container configuration: InlinePtr #cards 4 size 8 Array Of Cards #cards 32 size 80 Howl #buckets 8 coarsen threshold 7372 Howl Bitmap #cards 1024 size 144 coarsen threshold 921 Card regions per heap region 1 cards per card region 8192
 CPUs: 16 total, 16 available
 Memory: 31904M
 Large Page Support: Disabled
 NUMA Support: Disabled
 Compressed Oops: Enabled (Zero based)
 Heap Region Size: 4M
 Heap Min Capacity: 8M
 Heap Initial Capacity: 500M
 Heap Max Capacity: 7980M
 Pre-touch: Disabled
 Parallel Workers: 13
 Concurrent Workers: 3
 Concurrent Refinement Workers: 13
 Periodic GC: Disabled

Heap:
 garbage-first heap   total reserved 8171520K, committed 512000K, used 24576K [0x000000060d400000, 0x0000000800000000)
  region size 4096K, 6 young (24576K), 0 survivors (0K)
 Metaspace       used 8634K, committed 8768K, reserved 1114112K
  class space    used 981K, committed 1024K, reserved 1048576K

Heap Regions: E=young(eden), S=young(survivor), O=old, HS=humongous(starts), HC=humongous(continues), CS=collection set, F=free, TAMS=top-at-mark-start, PB=parsable bottom
|   0|0x000000060d400000, 0x000000060d800000, 0x000000060d800000|100%|HS|  |TAMS 0x000000060d400000| PB 0x000000060d400000| Complete |  0
|   1|0x000000060d800000, 0x000000060d800000, 0x000000060dc00000|  0%| F|  |TAMS 0x000000060d800000| PB 0x000000060d800000| Untracked |  0
|   2|0x000000060dc00000, 0x000000060dc00000, 0x000000060e000000|  0%| F|  |TAMS 0x000000060dc00000| PB 0x000000060dc00000| Untracked |  0
|   3|0x000000060e000000, 0x000000060e000000, 0x000000060e400000|  0%| F|  |TAMS 0x000000060e000000| PB 0x000000060e000000| Untracked |  0
|   4|0x000000060e400000, 0x000000060e400000, 0x000000060e800000|  0%| F|  |TAMS 0x000000060e400000| PB 0x000000060e400000| Untracked |  0
|   5|0x000000060e800000, 0x000000060e800000, 0x000000060ec00000|  0%| F|  |TAMS 0x000000060e800000| PB 0x000000060e800000| Untracked |  0
|   6|0x000000060ec00000, 0x000000060ec00000, 0x000000060f000000|  0%| F|  |TAMS 0x000000060ec00000| PB 0x000000060ec00000| Untracked |  0
|   7|0x000000060f000000, 0x000000060f000000, 0x000000060f400000|  0%| F|  |TAMS 0x000000060f000000| PB 0x000000060f000000| Untracked |  0
|   8|0x000000060f400000, 0x000000060f400000, 0x000000060f800000|  0%| F|  |TAMS 0x000000060f400000| PB 0x000000060f400000| Untracked |  0
|   9|0x000000060f800000, 0x000000060f800000, 0x000000060fc00000|  0%| F|  |TAMS 0x000000060f800000| PB 0x000000060f800000| Untracked |  0
|  10|0x000000060fc00000, 0x000000060fc00000, 0x0000000610000000|  0%| F|  |TAMS 0x000000060fc00000| PB 0x000000060fc00000| Untracked |  0
|  11|0x0000000610000000, 0x0000000610000000, 0x0000000610400000|  0%| F|  |TAMS 0x0000000610000000| PB 0x0000000610000000| Untracked |  0
|  12|0x0000000610400000, 0x0000000610400000, 0x0000000610800000|  0%| F|  |TAMS 0x0000000610400000| PB 0x0000000610400000| Untracked |  0
|  13|0x0000000610800000, 0x0000000610800000, 0x0000000610c00000|  0%| F|  |TAMS 0x0000000610800000| PB 0x0000000610800000| Untracked |  0
|  14|0x0000000610c00000, 0x0000000610c00000, 0x0000000611000000|  0%| F|  |TAMS 0x0000000610c00000| PB 0x0000000610c00000| Untracked |  0
|  15|0x0000000611000000, 0x0000000611000000, 0x0000000611400000|  0%| F|  |TAMS 0x0000000611000000| PB 0x0000000611000000| Untracked |  0
|  16|0x0000000611400000, 0x0000000611400000, 0x0000000611800000|  0%| F|  |TAMS 0x0000000611400000| PB 0x0000000611400000| Untracked |  0
|  17|0x0000000611800000, 0x0000000611800000, 0x0000000611c00000|  0%| F|  |TAMS 0x0000000611800000| PB 0x0000000611800000| Untracked |  0
|  18|0x0000000611c00000, 0x0000000611c00000, 0x0000000612000000|  0%| F|  |TAMS 0x0000000611c00000| PB 0x0000000611c00000| Untracked |  0
|  19|0x0000000612000000, 0x0000000612000000, 0x0000000612400000|  0%| F|  |TAMS 0x0000000612000000| PB 0x0000000612000000| Untracked |  0
|  20|0x0000000612400000, 0x0000000612400000, 0x0000000612800000|  0%| F|  |TAMS 0x0000000612400000| PB 0x0000000612400000| Untracked |  0
|  21|0x0000000612800000, 0x0000000612800000, 0x0000000612c00000|  0%| F|  |TAMS 0x0000000612800000| PB 0x0000000612800000| Untracked |  0
|  22|0x0000000612c00000, 0x0000000612c00000, 0x0000000613000000|  0%| F|  |TAMS 0x0000000612c00000| PB 0x0000000612c00000| Untracked |  0
|  23|0x0000000613000000, 0x0000000613000000, 0x0000000613400000|  0%| F|  |TAMS 0x0000000613000000| PB 0x0000000613000000| Untracked |  0
|  24|0x0000000613400000, 0x0000000613400000, 0x0000000613800000|  0%| F|  |TAMS 0x0000000613400000| PB 0x0000000613400000| Untracked |  0
|  25|0x0000000613800000, 0x0000000613800000, 0x0000000613c00000|  0%| F|  |TAMS 0x0000000613800000| PB 0x0000000613800000| Untracked |  0
|  26|0x0000000613c00000, 0x0000000613c00000, 0x0000000614000000|  0%| F|  |TAMS 0x0000000613c00000| PB 0x0000000613c00000| Untracked |  0
|  27|0x0000000614000000, 0x0000000614000000, 0x0000000614400000|  0%| F|  |TAMS 0x0000000614000000| PB 0x0000000614000000| Untracked |  0
|  28|0x0000000614400000, 0x0000000614400000, 0x0000000614800000|  0%| F|  |TAMS 0x0000000614400000| PB 0x0000000614400000| Untracked |  0
|  29|0x0000000614800000, 0x0000000614800000, 0x0000000614c00000|  0%| F|  |TAMS 0x0000000614800000| PB 0x0000000614800000| Untracked |  0
|  30|0x0000000614c00000, 0x0000000614c00000, 0x0000000615000000|  0%| F|  |TAMS 0x0000000614c00000| PB 0x0000000614c00000| Untracked |  0
|  31|0x0000000615000000, 0x0000000615000000, 0x0000000615400000|  0%| F|  |TAMS 0x0000000615000000| PB 0x0000000615000000| Untracked |  0
|  32|0x0000000615400000, 0x0000000615400000, 0x0000000615800000|  0%| F|  |TAMS 0x0000000615400000| PB 0x0000000615400000| Untracked |  0
|  33|0x0000000615800000, 0x0000000615800000, 0x0000000615c00000|  0%| F|  |TAMS 0x0000000615800000| PB 0x0000000615800000| Untracked |  0
|  34|0x0000000615c00000, 0x0000000615c00000, 0x0000000616000000|  0%| F|  |TAMS 0x0000000615c00000| PB 0x0000000615c00000| Untracked |  0
|  35|0x0000000616000000, 0x0000000616000000, 0x0000000616400000|  0%| F|  |TAMS 0x0000000616000000| PB 0x0000000616000000| Untracked |  0
|  36|0x0000000616400000, 0x0000000616400000, 0x0000000616800000|  0%| F|  |TAMS 0x0000000616400000| PB 0x0000000616400000| Untracked |  0
|  37|0x0000000616800000, 0x0000000616800000, 0x0000000616c00000|  0%| F|  |TAMS 0x0000000616800000| PB 0x0000000616800000| Untracked |  0
|  38|0x0000000616c00000, 0x0000000616c00000, 0x0000000617000000|  0%| F|  |TAMS 0x0000000616c00000| PB 0x0000000616c00000| Untracked |  0
|  39|0x0000000617000000, 0x0000000617000000, 0x0000000617400000|  0%| F|  |TAMS 0x0000000617000000| PB 0x0000000617000000| Untracked |  0
|  40|0x0000000617400000, 0x0000000617400000, 0x0000000617800000|  0%| F|  |TAMS 0x0000000617400000| PB 0x0000000617400000| Untracked |  0
|  41|0x0000000617800000, 0x0000000617800000, 0x0000000617c00000|  0%| F|  |TAMS 0x0000000617800000| PB 0x0000000617800000| Untracked |  0
|  42|0x0000000617c00000, 0x0000000617c00000, 0x0000000618000000|  0%| F|  |TAMS 0x0000000617c00000| PB 0x0000000617c00000| Untracked |  0
|  43|0x0000000618000000, 0x0000000618000000, 0x0000000618400000|  0%| F|  |TAMS 0x0000000618000000| PB 0x0000000618000000| Untracked |  0
|  44|0x0000000618400000, 0x0000000618400000, 0x0000000618800000|  0%| F|  |TAMS 0x0000000618400000| PB 0x0000000618400000| Untracked |  0
|  45|0x0000000618800000, 0x0000000618800000, 0x0000000618c00000|  0%| F|  |TAMS 0x0000000618800000| PB 0x0000000618800000| Untracked |  0
|  46|0x0000000618c00000, 0x0000000618c00000, 0x0000000619000000|  0%| F|  |TAMS 0x0000000618c00000| PB 0x0000000618c00000| Untracked |  0
|  47|0x0000000619000000, 0x0000000619000000, 0x0000000619400000|  0%| F|  |TAMS 0x0000000619000000| PB 0x0000000619000000| Untracked |  0
|  48|0x0000000619400000, 0x0000000619400000, 0x0000000619800000|  0%| F|  |TAMS 0x0000000619400000| PB 0x0000000619400000| Untracked |  0
|  49|0x0000000619800000, 0x0000000619800000, 0x0000000619c00000|  0%| F|  |TAMS 0x0000000619800000| PB 0x0000000619800000| Untracked |  0
|  50|0x0000000619c00000, 0x0000000619c00000, 0x000000061a000000|  0%| F|  |TAMS 0x0000000619c00000| PB 0x0000000619c00000| Untracked |  0
|  51|0x000000061a000000, 0x000000061a000000, 0x000000061a400000|  0%| F|  |TAMS 0x000000061a000000| PB 0x000000061a000000| Untracked |  0
|  52|0x000000061a400000, 0x000000061a400000, 0x000000061a800000|  0%| F|  |TAMS 0x000000061a400000| PB 0x000000061a400000| Untracked |  0
|  53|0x000000061a800000, 0x000000061a800000, 0x000000061ac00000|  0%| F|  |TAMS 0x000000061a800000| PB 0x000000061a800000| Untracked |  0
|  54|0x000000061ac00000, 0x000000061ac00000, 0x000000061b000000|  0%| F|  |TAMS 0x000000061ac00000| PB 0x000000061ac00000| Untracked |  0
|  55|0x000000061b000000, 0x000000061b000000, 0x000000061b400000|  0%| F|  |TAMS 0x000000061b000000| PB 0x000000061b000000| Untracked |  0
|  56|0x000000061b400000, 0x000000061b400000, 0x000000061b800000|  0%| F|  |TAMS 0x000000061b400000| PB 0x000000061b400000| Untracked |  0
|  57|0x000000061b800000, 0x000000061b800000, 0x000000061bc00000|  0%| F|  |TAMS 0x000000061b800000| PB 0x000000061b800000| Untracked |  0
|  58|0x000000061bc00000, 0x000000061bc00000, 0x000000061c000000|  0%| F|  |TAMS 0x000000061bc00000| PB 0x000000061bc00000| Untracked |  0
|  59|0x000000061c000000, 0x000000061c000000, 0x000000061c400000|  0%| F|  |TAMS 0x000000061c000000| PB 0x000000061c000000| Untracked |  0
|  60|0x000000061c400000, 0x000000061c400000, 0x000000061c800000|  0%| F|  |TAMS 0x000000061c400000| PB 0x000000061c400000| Untracked |  0
|  61|0x000000061c800000, 0x000000061c800000, 0x000000061cc00000|  0%| F|  |TAMS 0x000000061c800000| PB 0x000000061c800000| Untracked |  0
|  62|0x000000061cc00000, 0x000000061cc00000, 0x000000061d000000|  0%| F|  |TAMS 0x000000061cc00000| PB 0x000000061cc00000| Untracked |  0
|  63|0x000000061d000000, 0x000000061d000000, 0x000000061d400000|  0%| F|  |TAMS 0x000000061d000000| PB 0x000000061d000000| Untracked |  0
|  64|0x000000061d400000, 0x000000061d400000, 0x000000061d800000|  0%| F|  |TAMS 0x000000061d400000| PB 0x000000061d400000| Untracked |  0
|  65|0x000000061d800000, 0x000000061d800000, 0x000000061dc00000|  0%| F|  |TAMS 0x000000061d800000| PB 0x000000061d800000| Untracked |  0
|  66|0x000000061dc00000, 0x000000061dc00000, 0x000000061e000000|  0%| F|  |TAMS 0x000000061dc00000| PB 0x000000061dc00000| Untracked |  0
|  67|0x000000061e000000, 0x000000061e000000, 0x000000061e400000|  0%| F|  |TAMS 0x000000061e000000| PB 0x000000061e000000| Untracked |  0
|  68|0x000000061e400000, 0x000000061e400000, 0x000000061e800000|  0%| F|  |TAMS 0x000000061e400000| PB 0x000000061e400000| Untracked |  0
|  69|0x000000061e800000, 0x000000061e800000, 0x000000061ec00000|  0%| F|  |TAMS 0x000000061e800000| PB 0x000000061e800000| Untracked |  0
|  70|0x000000061ec00000, 0x000000061ec00000, 0x000000061f000000|  0%| F|  |TAMS 0x000000061ec00000| PB 0x000000061ec00000| Untracked |  0
|  71|0x000000061f000000, 0x000000061f000000, 0x000000061f400000|  0%| F|  |TAMS 0x000000061f000000| PB 0x000000061f000000| Untracked |  0
|  72|0x000000061f400000, 0x000000061f400000, 0x000000061f800000|  0%| F|  |TAMS 0x000000061f400000| PB 0x000000061f400000| Untracked |  0
|  73|0x000000061f800000, 0x000000061f800000, 0x000000061fc00000|  0%| F|  |TAMS 0x000000061f800000| PB 0x000000061f800000| Untracked |  0
|  74|0x000000061fc00000, 0x000000061fc00000, 0x0000000620000000|  0%| F|  |TAMS 0x000000061fc00000| PB 0x000000061fc00000| Untracked |  0
|  75|0x0000000620000000, 0x0000000620000000, 0x0000000620400000|  0%| F|  |TAMS 0x0000000620000000| PB 0x0000000620000000| Untracked |  0
|  76|0x0000000620400000, 0x0000000620400000, 0x0000000620800000|  0%| F|  |TAMS 0x0000000620400000| PB 0x0000000620400000| Untracked |  0
|  77|0x0000000620800000, 0x0000000620800000, 0x0000000620c00000|  0%| F|  |TAMS 0x0000000620800000| PB 0x0000000620800000| Untracked |  0
|  78|0x0000000620c00000, 0x0000000620c00000, 0x0000000621000000|  0%| F|  |TAMS 0x0000000620c00000| PB 0x0000000620c00000| Untracked |  0
|  79|0x0000000621000000, 0x0000000621000000, 0x0000000621400000|  0%| F|  |TAMS 0x0000000621000000| PB 0x0000000621000000| Untracked |  0
|  80|0x0000000621400000, 0x0000000621400000, 0x0000000621800000|  0%| F|  |TAMS 0x0000000621400000| PB 0x0000000621400000| Untracked |  0
|  81|0x0000000621800000, 0x0000000621800000, 0x0000000621c00000|  0%| F|  |TAMS 0x0000000621800000| PB 0x0000000621800000| Untracked |  0
|  82|0x0000000621c00000, 0x0000000621c00000, 0x0000000622000000|  0%| F|  |TAMS 0x0000000621c00000| PB 0x0000000621c00000| Untracked |  0
|  83|0x0000000622000000, 0x0000000622000000, 0x0000000622400000|  0%| F|  |TAMS 0x0000000622000000| PB 0x0000000622000000| Untracked |  0
|  84|0x0000000622400000, 0x0000000622400000, 0x0000000622800000|  0%| F|  |TAMS 0x0000000622400000| PB 0x0000000622400000| Untracked |  0
|  85|0x0000000622800000, 0x0000000622800000, 0x0000000622c00000|  0%| F|  |TAMS 0x0000000622800000| PB 0x0000000622800000| Untracked |  0
|  86|0x0000000622c00000, 0x0000000622c00000, 0x0000000623000000|  0%| F|  |TAMS 0x0000000622c00000| PB 0x0000000622c00000| Untracked |  0
|  87|0x0000000623000000, 0x0000000623000000, 0x0000000623400000|  0%| F|  |TAMS 0x0000000623000000| PB 0x0000000623000000| Untracked |  0
|  88|0x0000000623400000, 0x0000000623400000, 0x0000000623800000|  0%| F|  |TAMS 0x0000000623400000| PB 0x0000000623400000| Untracked |  0
|  89|0x0000000623800000, 0x0000000623800000, 0x0000000623c00000|  0%| F|  |TAMS 0x0000000623800000| PB 0x0000000623800000| Untracked |  0
|  90|0x0000000623c00000, 0x0000000623c00000, 0x0000000624000000|  0%| F|  |TAMS 0x0000000623c00000| PB 0x0000000623c00000| Untracked |  0
|  91|0x0000000624000000, 0x0000000624000000, 0x0000000624400000|  0%| F|  |TAMS 0x0000000624000000| PB 0x0000000624000000| Untracked |  0
|  92|0x0000000624400000, 0x0000000624400000, 0x0000000624800000|  0%| F|  |TAMS 0x0000000624400000| PB 0x0000000624400000| Untracked |  0
|  93|0x0000000624800000, 0x0000000624800000, 0x0000000624c00000|  0%| F|  |TAMS 0x0000000624800000| PB 0x0000000624800000| Untracked |  0
|  94|0x0000000624c00000, 0x0000000624c00000, 0x0000000625000000|  0%| F|  |TAMS 0x0000000624c00000| PB 0x0000000624c00000| Untracked |  0
|  95|0x0000000625000000, 0x0000000625000000, 0x0000000625400000|  0%| F|  |TAMS 0x0000000625000000| PB 0x0000000625000000| Untracked |  0
|  96|0x0000000625400000, 0x0000000625400000, 0x0000000625800000|  0%| F|  |TAMS 0x0000000625400000| PB 0x0000000625400000| Untracked |  0
|  97|0x0000000625800000, 0x0000000625800000, 0x0000000625c00000|  0%| F|  |TAMS 0x0000000625800000| PB 0x0000000625800000| Untracked |  0
|  98|0x0000000625c00000, 0x0000000625c00000, 0x0000000626000000|  0%| F|  |TAMS 0x0000000625c00000| PB 0x0000000625c00000| Untracked |  0
|  99|0x0000000626000000, 0x0000000626000000, 0x0000000626400000|  0%| F|  |TAMS 0x0000000626000000| PB 0x0000000626000000| Untracked |  0
| 100|0x0000000626400000, 0x0000000626400000, 0x0000000626800000|  0%| F|  |TAMS 0x0000000626400000| PB 0x0000000626400000| Untracked |  0
| 101|0x0000000626800000, 0x0000000626800000, 0x0000000626c00000|  0%| F|  |TAMS 0x0000000626800000| PB 0x0000000626800000| Untracked |  0
| 102|0x0000000626c00000, 0x0000000626c00000, 0x0000000627000000|  0%| F|  |TAMS 0x0000000626c00000| PB 0x0000000626c00000| Untracked |  0
| 103|0x0000000627000000, 0x0000000627000000, 0x0000000627400000|  0%| F|  |TAMS 0x0000000627000000| PB 0x0000000627000000| Untracked |  0
| 104|0x0000000627400000, 0x0000000627400000, 0x0000000627800000|  0%| F|  |TAMS 0x0000000627400000| PB 0x0000000627400000| Untracked |  0
| 105|0x0000000627800000, 0x0000000627800000, 0x0000000627c00000|  0%| F|  |TAMS 0x0000000627800000| PB 0x0000000627800000| Untracked |  0
| 106|0x0000000627c00000, 0x0000000627c00000, 0x0000000628000000|  0%| F|  |TAMS 0x0000000627c00000| PB 0x0000000627c00000| Untracked |  0
| 107|0x0000000628000000, 0x0000000628000000, 0x0000000628400000|  0%| F|  |TAMS 0x0000000628000000| PB 0x0000000628000000| Untracked |  0
| 108|0x0000000628400000, 0x0000000628400000, 0x0000000628800000|  0%| F|  |TAMS 0x0000000628400000| PB 0x0000000628400000| Untracked |  0
| 109|0x0000000628800000, 0x0000000628800000, 0x0000000628c00000|  0%| F|  |TAMS 0x0000000628800000| PB 0x0000000628800000| Untracked |  0
| 110|0x0000000628c00000, 0x0000000628c00000, 0x0000000629000000|  0%| F|  |TAMS 0x0000000628c00000| PB 0x0000000628c00000| Untracked |  0
| 111|0x0000000629000000, 0x0000000629000000, 0x0000000629400000|  0%| F|  |TAMS 0x0000000629000000| PB 0x0000000629000000| Untracked |  0
| 112|0x0000000629400000, 0x0000000629400000, 0x0000000629800000|  0%| F|  |TAMS 0x0000000629400000| PB 0x0000000629400000| Untracked |  0
| 113|0x0000000629800000, 0x0000000629800000, 0x0000000629c00000|  0%| F|  |TAMS 0x0000000629800000| PB 0x0000000629800000| Untracked |  0
| 114|0x0000000629c00000, 0x0000000629c00000, 0x000000062a000000|  0%| F|  |TAMS 0x0000000629c00000| PB 0x0000000629c00000| Untracked |  0
| 115|0x000000062a000000, 0x000000062a000000, 0x000000062a400000|  0%| F|  |TAMS 0x000000062a000000| PB 0x000000062a000000| Untracked |  0
| 116|0x000000062a400000, 0x000000062a400000, 0x000000062a800000|  0%| F|  |TAMS 0x000000062a400000| PB 0x000000062a400000| Untracked |  0
| 117|0x000000062a800000, 0x000000062a800000, 0x000000062ac00000|  0%| F|  |TAMS 0x000000062a800000| PB 0x000000062a800000| Untracked |  0
| 118|0x000000062ac00000, 0x000000062ac00000, 0x000000062b000000|  0%| F|  |TAMS 0x000000062ac00000| PB 0x000000062ac00000| Untracked |  0
| 119|0x000000062b000000, 0x000000062b3d9510, 0x000000062b400000| 96%| E|  |TAMS 0x000000062b000000| PB 0x000000062b000000| Complete |  0
| 120|0x000000062b400000, 0x000000062b800000, 0x000000062b800000|100%| E|CS|TAMS 0x000000062b400000| PB 0x000000062b400000| Complete |  0
| 121|0x000000062b800000, 0x000000062bc00000, 0x000000062bc00000|100%| E|CS|TAMS 0x000000062b800000| PB 0x000000062b800000| Complete |  0
| 122|0x000000062bc00000, 0x000000062c000000, 0x000000062c000000|100%| E|CS|TAMS 0x000000062bc00000| PB 0x000000062bc00000| Complete |  0
| 123|0x000000062c000000, 0x000000062c400000, 0x000000062c400000|100%| E|CS|TAMS 0x000000062c000000| PB 0x000000062c000000| Complete |  0
| 124|0x000000062c400000, 0x000000062c800000, 0x000000062c800000|100%| E|CS|TAMS 0x000000062c400000| PB 0x000000062c400000| Complete |  0

Card table byte_map: [0x00000204c8b10000,0x00000204c9ab0000] _byte_map_base: 0x00000204c5aa6000

Marking Bits: (CMBitMap*) 0x00000204afc4e4d0
 Bits: [0x00000204c9ab0000, 0x00000204d1760000)

Polling page: 0x00000204ad9f0000

Metaspace:

Usage:
  Non-class:      7.47 MB used.
      Class:    981.65 KB used.
       Both:      8.43 MB used.

Virtual space:
  Non-class space:       64.00 MB reserved,       7.56 MB ( 12%) committed,  1 nodes.
      Class space:        1.00 GB reserved,       1.00 MB ( <1%) committed,  1 nodes.
             Both:        1.06 GB reserved,       8.56 MB ( <1%) committed. 

Chunk freelists:
   Non-Class:  8.23 MB
       Class:  15.00 MB
        Both:  23.23 MB

MaxMetaspaceSize: unlimited
CompressedClassSpaceSize: 1.00 GB
Initial GC threshold: 21.00 MB
Current GC threshold: 21.00 MB
CDS: on
 - commit_granule_bytes: 65536.
 - commit_granule_words: 8192.
 - virtual_space_node_default_size: 8388608.
 - enlarge_chunks_in_place: 1.
 - use_allocation_guard: 0.


Internal statistics:

num_allocs_failed_limit: 0.
num_arena_births: 150.
num_arena_deaths: 0.
num_vsnodes_births: 2.
num_vsnodes_deaths: 0.
num_space_committed: 137.
num_space_uncommitted: 0.
num_chunks_returned_to_freelist: 0.
num_chunks_taken_from_freelist: 197.
num_chunk_merges: 0.
num_chunk_splits: 111.
num_chunks_enlarged: 41.
num_inconsistent_stats: 0.

CodeHeap 'non-profiled nmethods': size=119232Kb used=369Kb max_used=369Kb free=118862Kb
 bounds [0x00000204bfe70000, 0x00000204c00e0000, 0x00000204c72e0000]
CodeHeap 'profiled nmethods': size=119104Kb used=1847Kb max_used=1847Kb free=117256Kb
 bounds [0x00000204b82e0000, 0x00000204b8550000, 0x00000204bf730000]
CodeHeap 'non-nmethods': size=7424Kb used=3423Kb max_used=3436Kb free=4001Kb
 bounds [0x00000204bf730000, 0x00000204bfaa0000, 0x00000204bfe70000]
CodeCache: size=245760Kb, used=5639Kb, max_used=5652Kb, free=240119Kb
 total_blobs=2083, nmethods=1423, adapters=563, full_count=0
Compilation: enabled, stopped_count=0, restarted_count=0

Compilation events (20 events):
Event: 0.428 Thread 0x00000204d4892c60 1414       3       jdk.internal.org.objectweb.asm.MethodWriter::visitEnd (1 bytes)
Event: 0.428 Thread 0x00000204d4781bd0 1415       3       jdk.internal.org.objectweb.asm.MethodWriter::computeMethodInfoSize (571 bytes)
Event: 0.428 Thread 0x0000020524982170 1416       3       jdk.internal.org.objectweb.asm.MethodWriter::hasFrames (13 bytes)
Event: 0.428 Thread 0x00000204d4a51540 1417       3       jdk.internal.org.objectweb.asm.MethodWriter::putMethodInfo (1274 bytes)
Event: 0.429 Thread 0x00000204d4892c60 nmethod 1414 0x00000204b84a8008 code [0x00000204b84a8120, 0x00000204b84a8228]
Event: 0.429 Thread 0x00000204d4892c60 1418       3       jdk.internal.org.objectweb.asm.Handler::putExceptionTable (63 bytes)
Event: 0.429 Thread 0x0000020524982170 nmethod 1416 0x00000204b84a8308 code [0x00000204b84a8420, 0x00000204b84a8578]
Event: 0.429 Thread 0x00000204d4892c60 nmethod 1418 0x00000204b84a8608 code [0x00000204b84a87a0, 0x00000204b84a8c30]
Event: 0.429 Thread 0x00000204d4781bd0 nmethod 1415 0x00000204b84a8c88 code [0x00000204b84a8f40, 0x00000204b84a9de8]
Event: 0.430 Thread 0x00000204d4a51540 nmethod 1417 0x00000204b84a9e88 code [0x00000204b84aa520, 0x00000204b84acce0]
Event: 0.444 Thread 0x00000204d4781bd0 1419       3       java.lang.Module::isNamed (13 bytes)
Event: 0.444 Thread 0x00000204d4781bd0 nmethod 1419 0x00000204b84acd88 code [0x00000204b84acea0, 0x00000204b84ad000]
Event: 0.444 Thread 0x00000204d4a51540 1420       3       java.lang.invoke.MethodHandle::keepsAlive (20 bytes)
Event: 0.445 Thread 0x00000204d4a51540 nmethod 1420 0x00000204b84ad088 code [0x00000204b84ad260, 0x00000204b84adc20]
Event: 0.445 Thread 0x00000204d4781420 1421       4       java.util.Arrays::binarySearch0 (95 bytes)
Event: 0.446 Thread 0x00000204d4781420 nmethod 1421 0x00000204bfecbb08 code [0x00000204bfecbc20, 0x00000204bfecbe48]
Event: 0.447 Thread 0x00000204d4781bd0 1423       3       jdk.internal.misc.Unsafe::putByte (8 bytes)
Event: 0.448 Thread 0x00000204d4781bd0 nmethod 1423 0x00000204b84adc88 code [0x00000204b84adda0, 0x00000204b84adeb8]
Event: 0.448 Thread 0x0000020524ad7390 1424       4       jdk.internal.misc.Unsafe::putByte (8 bytes)
Event: 0.448 Thread 0x0000020524ad7390 nmethod 1424 0x00000204bfecc208 code [0x00000204bfecc300, 0x00000204bfecc380]

GC Heap History (0 events):
No events

Dll operation events (10 events):
Event: 0.004 Loaded shared library C:\Program Files\Java\jdk-23\bin\java.dll
Event: 0.023 Loaded shared library C:\Program Files\Java\jdk-23\bin\jsvml.dll
Event: 0.041 Loaded shared library C:\Program Files\Java\jdk-23\bin\net.dll
Event: 0.042 Loaded shared library C:\Program Files\Java\jdk-23\bin\nio.dll
Event: 0.052 Loaded shared library C:\Program Files\Java\jdk-23\bin\zip.dll
Event: 0.058 Loaded shared library C:\Program Files\Java\jdk-23\bin\jimage.dll
Event: 0.066 Loaded shared library C:\Program Files\Java\jdk-23\bin\awt.dll
Event: 0.233 Loaded shared library C:\Program Files\Java\jdk-23\bin\javajpeg.dll
Event: 0.271 Loaded shared library C:\Program Files\Java\jdk-23\bin\freetype.dll
Event: 0.272 Loaded shared library C:\Program Files\Java\jdk-23\bin\fontmanager.dll

Deoptimization events (20 events):
Event: 0.300 Thread 0x00000204d4769ec0 Uncommon trap: trap_request=0xffffff45 fr.pc=0x00000204bfeafde4 relative=0x0000000000000064
Event: 0.300 Thread 0x00000204d4769ec0 Uncommon trap: reason=unstable_if action=reinterpret pc=0x00000204bfeafde4 method=java.lang.CharacterDataLatin1.toLowerCase(I)I @ 16 c2
Event: 0.300 Thread 0x00000204d4769ec0 DEOPT PACKING pc=0x00000204bfeafde4 sp=0x0000006d55cfc400
Event: 0.300 Thread 0x00000204d4769ec0 DEOPT UNPACKING pc=0x00000204bf787982 sp=0x0000006d55cfc380 mode 2
Event: 0.370 Thread 0x00000204d4769ec0 Uncommon trap: trap_request=0xffffff45 fr.pc=0x00000204bfe7d54c relative=0x000000000000028c
Event: 0.370 Thread 0x00000204d4769ec0 Uncommon trap: reason=unstable_if action=reinterpret pc=0x00000204bfe7d54c method=java.lang.String.isLatin1()Z @ 10 c2
Event: 0.370 Thread 0x00000204d4769ec0 DEOPT PACKING pc=0x00000204bfe7d54c sp=0x0000006d55cfca50
Event: 0.370 Thread 0x00000204d4769ec0 DEOPT UNPACKING pc=0x00000204bf787982 sp=0x0000006d55cfc980 mode 2
Event: 0.375 Thread 0x00000204d4769ec0 Uncommon trap: trap_request=0xffffff45 fr.pc=0x00000204bfebe1fc relative=0x00000000000003bc
Event: 0.375 Thread 0x00000204d4769ec0 Uncommon trap: reason=unstable_if action=reinterpret pc=0x00000204bfebe1fc method=java.lang.Character.isSurrogate(C)Z @ 3 c2
Event: 0.375 Thread 0x00000204d4769ec0 DEOPT PACKING pc=0x00000204bfebe1fc sp=0x0000006d55cfc720
Event: 0.375 Thread 0x00000204d4769ec0 DEOPT UNPACKING pc=0x00000204bf787982 sp=0x0000006d55cfc628 mode 2
Event: 0.406 Thread 0x00000204ad79cd50 Uncommon trap: trap_request=0xffffff45 fr.pc=0x00000204bfec9320 relative=0x0000000000003ce0
Event: 0.406 Thread 0x00000204ad79cd50 Uncommon trap: reason=unstable_if action=reinterpret pc=0x00000204bfec9320 method=java.lang.ThreadLocal$ThreadLocalMap.getEntry(Ljava/lang/ThreadLocal;)Ljava/lang/ThreadLocal$ThreadLocalMap$Entry; @ 21 c2
Event: 0.406 Thread 0x00000204ad79cd50 DEOPT PACKING pc=0x00000204bfec9320 sp=0x0000006d545fdd50
Event: 0.406 Thread 0x00000204ad79cd50 DEOPT UNPACKING pc=0x00000204bf787982 sp=0x0000006d545fd878 mode 2
Event: 0.445 Thread 0x000002052496eab0 Uncommon trap: trap_request=0xffffff45 fr.pc=0x00000204bfebd04c relative=0x000000000000012c
Event: 0.445 Thread 0x000002052496eab0 Uncommon trap: reason=unstable_if action=reinterpret pc=0x00000204bfebd04c method=java.lang.ThreadLocal$ThreadLocalMap.getEntry(Ljava/lang/ThreadLocal;)Ljava/lang/ThreadLocal$ThreadLocalMap$Entry; @ 21 c2
Event: 0.445 Thread 0x000002052496eab0 DEOPT PACKING pc=0x00000204bfebd04c sp=0x0000006d57ffd500
Event: 0.445 Thread 0x000002052496eab0 DEOPT UNPACKING pc=0x00000204bf787982 sp=0x0000006d57ffd420 mode 2

Classes loaded (20 events):
Event: 0.447 Loading class sun/java2d/marlin/ArrayCacheDouble$Reference
Event: 0.447 Loading class sun/java2d/marlin/ArrayCacheDouble$Reference done
Event: 0.447 Loading class sun/java2d/marlin/ArrayCacheByte$Reference
Event: 0.447 Loading class sun/java2d/marlin/ArrayCacheByte$Reference done
Event: 0.447 Loading class sun/java2d/marlin/TransformingPathConsumer2D$PathClipFilter
Event: 0.447 Loading class sun/java2d/marlin/TransformingPathConsumer2D$StartFlagPathConsumer2D
Event: 0.447 Loading class sun/java2d/marlin/TransformingPathConsumer2D$StartFlagPathConsumer2D done
Event: 0.447 Loading class sun/java2d/marlin/TransformingPathConsumer2D$PathClipFilter done
Event: 0.447 Loading class sun/java2d/marlin/Helpers$IndexStack
Event: 0.447 Loading class sun/java2d/marlin/Helpers$IndexStack done
Event: 0.447 Loading class sun/java2d/marlin/ArrayCacheInt$Reference
Event: 0.447 Loading class sun/java2d/marlin/ArrayCacheInt$Reference done
Event: 0.447 Loading class sun/java2d/marlin/MarlinCache
Event: 0.447 Loading class sun/java2d/marlin/MarlinCache done
Event: 0.447 Loading class sun/java2d/marlin/OffHeapArray
Event: 0.447 Loading class sun/java2d/marlin/OffHeapArray done
Event: 0.448 Loading class sun/java2d/marlin/ArrayCacheIntClean$Reference
Event: 0.448 Loading class sun/java2d/marlin/ArrayCacheIntClean$Reference done
Event: 0.448 Loading class sun/java2d/marlin/Renderer
Event: 0.448 Loading class sun/java2d/marlin/Renderer done

Classes unloaded (0 events):
No events

Classes redefined (0 events):
No events

Internal exceptions (16 events):
Event: 0.043 Thread 0x00000204ad79cd50 Exception <a 'sun/nio/fs/WindowsException'{0x000000062c5bc988}> (0x000000062c5bc988) 
thrown [s\open\src\hotspot\share\prims\jni.cpp, line 520]
Event: 0.044 Thread 0x00000204ad79cd50 Exception <a 'sun/nio/fs/WindowsException'{0x000000062c5bf128}> (0x000000062c5bf128) 
thrown [s\open\src\hotspot\share\prims\jni.cpp, line 520]
Event: 0.044 Thread 0x00000204ad79cd50 Exception <a 'sun/nio/fs/WindowsException'{0x000000062c5bfc58}> (0x000000062c5bfc58) 
thrown [s\open\src\hotspot\share\prims\jni.cpp, line 520]
Event: 0.060 Thread 0x00000204ad79cd50 Exception <a 'java/lang/ClassNotFoundException'{0x000000062c7826b8}: sun/awt/resources/spi/awtProvider> (0x000000062c7826b8) 
thrown [s\open\src\hotspot\share\classfile\systemDictionary.cpp, line 313]
Event: 0.070 Thread 0x00000204ad79cd50 Exception <a 'java/io/FileNotFoundException'{0x000000062c7d6250}> (0x000000062c7d6250) 
thrown [s\open\src\hotspot\share\prims\jni.cpp, line 520]
Event: 0.074 Thread 0x00000204ad79cd50 Exception <a 'java/io/FileNotFoundException'{0x000000062c012e30}> (0x000000062c012e30) 
thrown [s\open\src\hotspot\share\prims\jni.cpp, line 520]
Event: 0.185 Thread 0x00000204ad79cd50 Exception <a 'java/lang/NoSuchMethodError'{0x000000062c0ae380}: 'void java.lang.invoke.DirectMethodHandle$Holder.invokeSpecial(java.lang.Object, java.lang.Object, java.lang.Object)'> (0x000000062c0ae380) 
thrown [s\open\src\hotspot\share\interpreter\linkResolver.cpp, line 796]
Event: 0.190 Thread 0x00000204ad79cd50 Exception <a 'java/lang/NoSuchMethodError'{0x000000062c1f3988}: 'java.lang.Object java.lang.invoke.DirectMethodHandle$Holder.invokeStatic(java.lang.Object, int, java.lang.Object)'> (0x000000062c1f3988) 
thrown [s\open\src\hotspot\share\interpreter\linkResolver.cpp, line 796]
Event: 0.200 Thread 0x00000204ad79cd50 Exception <a 'java/lang/ClassNotFoundException'{0x000000062c29a230}: com/sun/swing/internal/plaf/metal/resources/spi/metalProvider> (0x000000062c29a230) 
thrown [s\open\src\hotspot\share\classfile\systemDictionary.cpp, line 313]
Event: 0.201 Thread 0x00000204ad79cd50 Exception <a 'java/lang/ClassNotFoundException'{0x000000062c29e240}: com/sun/swing/internal/plaf/basic/resources/spi/basicProvider> (0x000000062c29e240) 
thrown [s\open\src\hotspot\share\classfile\systemDictionary.cpp, line 313]
Event: 0.206 Thread 0x00000204ad79cd50 Exception <a 'java/lang/NoSuchMethodError'{0x000000062c2bdba8}: 'int java.lang.invoke.Invokers$Holder.invokeExact_MT(java.lang.Object, java.lang.Object)'> (0x000000062c2bdba8) 
thrown [s\open\src\hotspot\share\interpreter\linkResolver.cpp, line 796]
Event: 0.234 Thread 0x000002052496a910 Exception <a 'java/lang/NoSuchMethodError'{0x000000062bc8f5d8}: 'java.lang.Object java.lang.invoke.DirectMethodHandle$Holder.newInvokeSpecial(java.lang.Object, java.lang.Object, java.lang.Object, int, int, int, int, int)'> (0x000000062bc8f5d8) 
thrown [s\open\src\hotspot\share\interpreter\linkResolver.cpp, line 796]
Event: 0.270 Thread 0x00000204ad79cd50 Exception <a 'java/lang/NoSuchMethodError'{0x000000062b8af768}: 'void java.lang.invoke.DirectMethodHandle$Holder.invokeStaticInit(java.lang.Object)'> (0x000000062b8af768) 
thrown [s\open\src\hotspot\share\interpreter\linkResolver.cpp, line 796]
Event: 0.406 Thread 0x00000204ad79cd50 Implicit null exception at 0x00000204bfec65a8 to 0x00000204bfec92d4
Event: 0.421 Thread 0x00000204d4769ec0 Exception <a 'java/lang/NoSuchMethodError'{0x000000062b334170}: 'void java.lang.invoke.DirectMethodHandle$Holder.invokeVirtual(java.lang.Object, java.lang.Object)'> (0x000000062b334170) 
thrown [s\open\src\hotspot\share\interpreter\linkResolver.cpp, line 796]
Event: 0.445 Thread 0x000002052496eab0 Implicit null exception at 0x00000204bfebcf75 to 0x00000204bfebd02c

VM Operations (12 events):
Event: 0.044 Executing VM operation: HandshakeAllThreads (Deoptimize)
Event: 0.044 Executing VM operation: HandshakeAllThreads (Deoptimize) done
Event: 0.078 Executing VM operation: HandshakeAllThreads (Deoptimize)
Event: 0.078 Executing VM operation: HandshakeAllThreads (Deoptimize) done
Event: 0.207 Executing VM operation: HandshakeAllThreads (Deoptimize)
Event: 0.207 Executing VM operation: HandshakeAllThreads (Deoptimize) done
Event: 0.228 Executing VM operation: HandshakeAllThreads (Deoptimize)
Event: 0.228 Executing VM operation: HandshakeAllThreads (Deoptimize) done
Event: 0.389 Executing VM operation: HandshakeAllThreads (Deoptimize)
Event: 0.389 Executing VM operation: HandshakeAllThreads (Deoptimize) done
Event: 0.389 Executing VM operation: HandshakeAllThreads (Deoptimize)
Event: 0.389 Executing VM operation: HandshakeAllThreads (Deoptimize) done

Memory protections (0 events):
No events

Nmethod flushes (0 events):
No events

Events (20 events):
Event: 0.023 Thread 0x00000204ad79cd50 Thread added: 0x00000204d476c620
Event: 0.023 Thread 0x00000204ad79cd50 Thread added: 0x00000204d476bf90
Event: 0.023 Thread 0x00000204ad79cd50 Thread added: 0x00000204d476a550
Event: 0.023 Thread 0x00000204ad79cd50 Thread added: 0x00000204d4781420
Event: 0.023 Thread 0x00000204ad79cd50 Thread added: 0x00000204d4781bd0
Event: 0.036 Thread 0x00000204ad79cd50 Thread added: 0x00000204d476abe0
Event: 0.039 Thread 0x00000204d4781bd0 Thread added: 0x00000204d4892c60
Event: 0.049 Thread 0x00000204ad79cd50 Thread added: 0x00000204d476b270
Event: 0.050 Thread 0x00000204d4781bd0 Thread added: 0x00000204d49e27b0
Event: 0.050 Thread 0x00000204d4781bd0 Thread added: 0x00000204d4a51540
Event: 0.094 Thread 0x00000204ad79cd50 Thread added: 0x00000204d476b900
Event: 0.095 Thread 0x00000204ad79cd50 Thread added: 0x00000204d4769830
Event: 0.096 Thread 0x00000204ad79cd50 Thread added: 0x00000204d4769ec0
Event: 0.209 Thread 0x00000204ad79cd50 Thread added: 0x000002052496a910
Event: 0.216 Thread 0x00000204d4a51540 Thread added: 0x0000020524982170
Event: 0.228 Thread 0x00000204d4781bd0 Thread added: 0x0000020524ad7390
Event: 0.262 Thread 0x00000204d4769ec0 Thread added: 0x000002052496eab0
Event: 0.424 Thread 0x00000204ad79cd50 Thread exited: 0x00000204ad79cd50
Event: 0.424 Thread 0x000002052496fe60 Thread added: 0x000002052496fe60
Event: 0.429 Thread 0x000002052496eab0 Thread added: 0x000002052496bcc0


Dynamic libraries:
0x00007ff6eb1b0000 - 0x00007ff6eb1c0000 	C:\Program Files\Java\jdk-23\bin\java.exe
0x00007ffbe0830000 - 0x00007ffbe0a47000 	C:\Windows\SYSTEM32\ntdll.dll
0x00007ffbdeb00000 - 0x00007ffbdebc4000 	C:\Windows\System32\KERNEL32.DLL
0x00007ffbddb30000 - 0x00007ffbddee9000 	C:\Windows\System32\KERNELBASE.dll
0x00007ffbde080000 - 0x00007ffbde191000 	C:\Windows\System32\ucrtbase.dll
0x00007ffbd8570000 - 0x00007ffbd858b000 	C:\Program Files\Java\jdk-23\bin\VCRUNTIME140.dll
0x00007ffbcd760000 - 0x00007ffbcd777000 	C:\Program Files\Java\jdk-23\bin\jli.dll
0x00007ffbdf760000 - 0x00007ffbdf90e000 	C:\Windows\System32\USER32.dll
0x00007ffbddf90000 - 0x00007ffbddfb6000 	C:\Windows\System32\win32u.dll
0x00007ffbc1100000 - 0x00007ffbc1392000 	C:\Windows\WinSxS\amd64_microsoft.windows.common-controls_6595b64144ccf1df_6.0.22621.4391_none_2715d37f73803e96\COMCTL32.dll
0x00007ffbdf060000 - 0x00007ffbdf089000 	C:\Windows\System32\GDI32.dll
0x00007ffbe06e0000 - 0x00007ffbe0787000 	C:\Windows\System32\msvcrt.dll
0x00007ffbde240000 - 0x00007ffbde35b000 	C:\Windows\System32\gdi32full.dll
0x00007ffbde1a0000 - 0x00007ffbde23a000 	C:\Windows\System32\msvcp_win.dll
0x00007ffbded40000 - 0x00007ffbded71000 	C:\Windows\System32\IMM32.DLL
0x00007ffbd98a0000 - 0x00007ffbd98ac000 	C:\Program Files\Java\jdk-23\bin\vcruntime140_1.dll
0x00007ffbcd990000 - 0x00007ffbcda1e000 	C:\Program Files\Java\jdk-23\bin\msvcp140.dll
0x00007ffb4f650000 - 0x00007ffb5039f000 	C:\Program Files\Java\jdk-23\bin\server\jvm.dll
0x00007ffbdea40000 - 0x00007ffbdeaf2000 	C:\Windows\System32\ADVAPI32.dll
0x00007ffbdf1d0000 - 0x00007ffbdf277000 	C:\Windows\System32\sechost.dll
0x00007ffbddf60000 - 0x00007ffbddf88000 	C:\Windows\System32\bcrypt.dll
0x00007ffbded80000 - 0x00007ffbdee94000 	C:\Windows\System32\RPCRT4.dll
0x00007ffbde560000 - 0x00007ffbde5d1000 	C:\Windows\System32\WS2_32.dll
0x00007ffbdd4d0000 - 0x00007ffbdd51d000 	C:\Windows\SYSTEM32\POWRPROF.dll
0x00007ffbcf530000 - 0x00007ffbcf53a000 	C:\Windows\SYSTEM32\VERSION.dll
0x00007ffbd3be0000 - 0x00007ffbd3c14000 	C:\Windows\SYSTEM32\WINMM.dll
0x00007ffbdd440000 - 0x00007ffbdd453000 	C:\Windows\SYSTEM32\UMPDC.dll
0x00007ffbdcb30000 - 0x00007ffbdcb48000 	C:\Windows\SYSTEM32\kernel.appcore.dll
0x00007ffbd7310000 - 0x00007ffbd731a000 	C:\Program Files\Java\jdk-23\bin\jimage.dll
0x00007ffbd4c70000 - 0x00007ffbd4ea2000 	C:\Windows\SYSTEM32\DBGHELP.DLL
0x00007ffbdf910000 - 0x00007ffbdfc9f000 	C:\Windows\System32\combase.dll
0x00007ffbdeea0000 - 0x00007ffbdef77000 	C:\Windows\System32\OLEAUT32.dll
0x00007ffbc1030000 - 0x00007ffbc1062000 	C:\Windows\SYSTEM32\dbgcore.DLL
0x00007ffbde4d0000 - 0x00007ffbde54b000 	C:\Windows\System32\bcryptPrimitives.dll
0x00007ffbd72c0000 - 0x00007ffbd72de000 	C:\Program Files\Java\jdk-23\bin\java.dll
0x00007ffbde630000 - 0x00007ffbde7d5000 	C:\Windows\System32\ole32.dll
0x00007ffbdfe60000 - 0x00007ffbe06d6000 	C:\Windows\System32\SHELL32.dll
0x00007ffbdba20000 - 0x00007ffbdc323000 	C:\Windows\SYSTEM32\windows.storage.dll
0x00007ffbdb8e0000 - 0x00007ffbdba1f000 	C:\Windows\SYSTEM32\wintypes.dll
0x00007ffbde940000 - 0x00007ffbdea39000 	C:\Windows\System32\SHCORE.dll
0x00007ffbdf700000 - 0x00007ffbdf75e000 	C:\Windows\System32\shlwapi.dll
0x00007ffbdda60000 - 0x00007ffbdda8b000 	C:\Windows\SYSTEM32\profapi.dll
0x00007ffbcdbb0000 - 0x00007ffbcdc87000 	C:\Program Files\Java\jdk-23\bin\jsvml.dll
0x00007ffbcf540000 - 0x00007ffbcf550000 	C:\Program Files\Java\jdk-23\bin\net.dll
0x00007ffbdcfa0000 - 0x00007ffbdd009000 	C:\Windows\system32\mswsock.dll
0x00007ffbce500000 - 0x00007ffbce516000 	C:\Program Files\Java\jdk-23\bin\nio.dll
0x00007ffbce430000 - 0x00007ffbce447000 	C:\Program Files\Java\jdk-23\bin\zip.dll
0x00007ffbcda20000 - 0x00007ffbcdbae000 	C:\Program Files\Java\jdk-23\bin\awt.dll
0x00007ffbd9150000 - 0x00007ffbd91e7000 	C:\Windows\SYSTEM32\apphelp.dll
0x00007ffbdb260000 - 0x00007ffbdb28b000 	C:\Windows\system32\DWMAPI.DLL
0x00007ffbdafc0000 - 0x00007ffbdb071000 	C:\Windows\system32\uxtheme.dll
0x00007ffbab550000 - 0x00007ffbab650000 	C:\Windows\system32\opengl32.dll
0x00007ffbb6580000 - 0x00007ffbb65ad000 	C:\Windows\SYSTEM32\GLU32.dll
0x00007ffbdb110000 - 0x00007ffbdb147000 	C:\Windows\SYSTEM32\dxcore.dll
0x00007ffbdebd0000 - 0x00007ffbded30000 	C:\Windows\System32\MSCTF.dll
0x00007ffbce960000 - 0x00007ffbceb08000 	C:\Windows\system32\d3d9.dll
0x00007ffb8e6a0000 - 0x00007ffb916c7000 	C:\Windows\System32\DriverStore\FileRepository\u0402338.inf_amd64_d4de815aa579b06a\B402197\amdxn64.dll
0x00007ffbdf280000 - 0x00007ffbdf6f4000 	C:\Windows\System32\SETUPAPI.dll
0x00007ffbdb150000 - 0x00007ffbdb247000 	C:\Windows\SYSTEM32\dxgi.dll
0x00007ffbd3a80000 - 0x00007ffbd3ab7000 	C:\Windows\System32\DriverStore\FileRepository\u0402338.inf_amd64_d4de815aa579b06a\B402197\amdihk64.dll
0x00007ffbd67f0000 - 0x00007ffbd6839000 	C:\Windows\SYSTEM32\directxdatabasehelper.dll
0x00007ffbcd730000 - 0x00007ffbcd75e000 	C:\Program Files\Java\jdk-23\bin\javajpeg.dll
0x00007ffbcd900000 - 0x00007ffbcd987000 	C:\Program Files\Java\jdk-23\bin\freetype.dll
0x00007ffbcd820000 - 0x00007ffbcd8f7000 	C:\Program Files\Java\jdk-23\bin\fontmanager.dll
0x00007ffbdef90000 - 0x00007ffbdf040000 	C:\Windows\System32\clbcatq.dll
0x00007ffbdad40000 - 0x00007ffbdaef0000 	C:\Windows\SYSTEM32\WindowsCodecs.dll
0x00007ffbbd2b0000 - 0x00007ffbbd30e000 	C:\Windows\system32\dataexchange.dll
0x00007ffbd3c20000 - 0x00007ffbd3ec4000 	C:\Windows\system32\twinapi.appcore.dll
0x00007ffbbe3c0000 - 0x00007ffbbe505000 	C:\Windows\SYSTEM32\textinputframework.dll

dbghelp: loaded successfully - version: 4.0.5 - missing functions: none
symbol engine: initialized successfully - sym options: 0x614 - pdb path: .;C:\Program Files\Java\jdk-23\bin;C:\Windows\SYSTEM32;C:\Windows\WinSxS\amd64_microsoft.windows.common-controls_6595b64144ccf1df_6.0.22621.4391_none_2715d37f73803e96;C:\Program Files\Java\jdk-23\bin\server;C:\Windows\System32\DriverStore\FileRepository\u0402338.inf_amd64_d4de815aa579b06a\B402197

VM Arguments:
jvm_args: -Dfile.encoding=UTF-8 --module-path=C:\Users\carlo\Documents\NetBeansProjects\Electricity_Bills_System\build\classes 
java_command: electricity_bills_system.Login
java_class_path (initial): A:\PROGRAMACION\SQLJAR\mysql-connector-j-9.0.0\mysql-connector-j-9.0.0.jar;C:\Users\carlo\Documents\NetBeansProjects\Electricity_Bills_System\build\classes
Launcher Type: SUN_STANDARD

[Global flags]
     intx CICompilerCount                          = 12                                        {product} {ergonomic}
     uint ConcGCThreads                            = 3                                         {product} {ergonomic}
     uint G1ConcRefinementThreads                  = 13                                        {product} {ergonomic}
   size_t G1HeapRegionSize                         = 4194304                                   {product} {ergonomic}
   size_t InitialHeapSize                          = 524288000                                 {product} {ergonomic}
   size_t MarkStackSize                            = 4194304                                   {product} {ergonomic}
   size_t MarkStackSizeMax                         = 536870912                                 {product} {ergonomic}
   size_t MaxHeapSize                              = 8367636480                                {product} {ergonomic}
   size_t MaxNewSize                               = 5020581888                                {product} {ergonomic}
   size_t MinHeapDeltaBytes                        = 4194304                                   {product} {ergonomic}
   size_t MinHeapSize                              = 8388608                                   {product} {ergonomic}
    uintx NonNMethodCodeHeapSize                   = 7602176                                {pd product} {ergonomic}
    uintx NonProfiledCodeHeapSize                  = 122093568                              {pd product} {ergonomic}
    uintx ProfiledCodeHeapSize                     = 121962496                              {pd product} {ergonomic}
    uintx ReservedCodeCacheSize                    = 251658240                              {pd product} {ergonomic}
     bool SegmentedCodeCache                       = true                                      {product} {ergonomic}
   size_t SoftMaxHeapSize                          = 8367636480                             {manageable} {ergonomic}
     bool UseCompressedOops                        = true                           {product lp64_product} {ergonomic}
     bool UseG1GC                                  = true                                      {product} {ergonomic}
     bool UseLargePagesIndividualAllocation        = false                                  {pd product} {ergonomic}

Logging:
Log output configuration:
 #0: stdout all=warning uptime,level,tags foldmultilines=false
 #1: stderr all=off uptime,level,tags foldmultilines=false

Environment Variables:
PATH=C:\Program Files\Common Files\Oracle\Java\javapath;C:\Program Files (x86)\NVIDIA Corporation\PhysX\Common;C:\Windows\system32;C:\Windows;C:\Windows\System32\Wbem;C:\Windows\System32\WindowsPowerShell\v1.0\;C:\Windows\System32\OpenSSH\;W:\Programas\Git\cmd;C:\Program Files (x86)\Git\cmd;C:\Program Files\MySQL\MySQL Shell 8.0\bin\;C:\Users\carlo\AppData\Local\Programs\Python\Launcher\;C:\Users\carlo\AppData\Local\Microsoft\WindowsApps;W:\Programas\Microsoft VS Code\bin
USERNAME=carlo
OS=Windows_NT
PROCESSOR_IDENTIFIER=AMD64 Family 25 Model 97 Stepping 2, AuthenticAMD
TMP=C:\Users\carlo\AppData\Local\Temp
TEMP=C:\Users\carlo\AppData\Local\Temp




Periodic native trim disabled

---------------  S Y S T E M  ---------------

OS:
 Windows 11 , 64 bit Build 22621 (10.0.22621.4391)
OS uptime: 5 days 12:59 hours
Hyper-V role detected

CPU: total 16 (initial active 16) (16 cores per cpu, 2 threads per core) family 25 model 97 stepping 2 microcode 0x0, cx8, cmov, fxsr, ht, mmx, 3dnowpref, sse, sse2, sse3, ssse3, sse4a, sse4.1, sse4.2, popcnt, lzcnt, tsc, tscinvbit, avx, avx2, aes, erms, clmul, bmi1, bmi2, adx, avx512f, avx512dq, avx512cd, avx512bw, avx512vl, sha, fma, vzeroupper, avx512_vpopcntdq, avx512_vpclmulqdq, avx512_vaes, avx512_vnni, clflush, clflushopt, avx512_vbmi2, avx512_vbmi, hv, rdtscp, rdpid, fsrm, gfni, avx512_bitalg, f16c, cet_ss, avx512_ifma
Processor Information for the first 16 processors :
  Max Mhz: 4201, Current Mhz: 4201, Mhz Limit: 4201

Memory: 4k page, system-wide physical 31904M (11468M free)
TotalPageFile size 50981M (AvailPageFile size 5M)
current process WorkingSet (physical memory assigned to process): 158M, peak: 158M
current process commit charge ("private bytes"): 712M, peak: 712M

vm_info: Java HotSpot(TM) 64-Bit Server VM (23+37-2369) for windows-amd64 JRE (23+37-2369), built on 2024-08-20T16:01:23Z with MS VC++ 17.6 (VS2022)

END.
