#
# There is insufficient memory for the Java Runtime Environment to continue.
# Native memory allocation (mmap) failed to map 65536 bytes. Error detail: Failed to commit metaspace.
# Possible reasons:
#   The system is out of physical RAM or swap space
#   This process is running with CompressedOops enabled, and the Java Heap may be blocking the growth of the native heap
# Possible solutions:
#   Reduce memory load on the system
#   Increase physical memory or swap space
#   Check if swap backing store is full
#   Decrease Java heap size (-Xmx/-Xms)
#   Decrease number of Java threads
#   Decrease Java thread stack sizes (-Xss)
#   Set larger code cache with -XX:ReservedCodeCacheSize=
#   JVM is running with Zero Based Compressed Oops mode in which the Java heap is
#     placed in the first 32GB address space. The Java Heap base address is the
#     maximum limit for the native heap growth. Please use -XX:HeapBaseMinAddress
#     to set the Java Heap base and to place the Java Heap above 32GB virtual address.
# This output file may be truncated or incomplete.
#
#  Out of Memory Error (virtualSpaceNode.cpp:113), pid=109056, tid=86564
#
# JRE version: Java(TM) SE Runtime Environment (23.0+37) (build 23+37-2369)
# Java VM: Java HotSpot(TM) 64-Bit Server VM (23+37-2369, mixed mode, sharing, tiered, compressed oops, compressed class ptrs, g1 gc, windows-amd64)
# No core dump will be written. Minidumps are not enabled by default on client versions of Windows
#

---------------  S U M M A R Y ------------

Command Line: -Dfile.encoding=UTF-8 --module-path=C:\Users\carlo\Documents\NetBeansProjects\Electricity_Bills_System\build\classes electricity_bills_system.Login

Host: AMD Ryzen 7 7800X3D 8-Core Processor           , 16 cores, 31G,  Windows 11 , 64 bit Build 22621 (10.0.22621.4391)
Time: Fri Dec  6 02:56:04 2024 Hora estándar romance elapsed time: 0.413675 seconds (0d 0h 0m 0s)

---------------  T H R E A D  ---------------

Current thread (0x00000157db48ddd0):  JavaThread "AWT-EventQueue-0"        [_thread_in_vm, id=86564, stack(0x00000029dd100000,0x00000029dd200000) (1024K)]

Stack: [0x00000029dd100000,0x00000029dd200000]
Native frames: (J=compiled Java code, j=interpreted, Vv=VM code, C=native code)
V  [jvm.dll+0x6e08a9]  (no source info available)
V  [jvm.dll+0x87da63]  (no source info available)
V  [jvm.dll+0x87feee]  (no source info available)
V  [jvm.dll+0x8805c3]  (no source info available)
V  [jvm.dll+0x27aee6]  (no source info available)
V  [jvm.dll+0x87966e]  (no source info available)
V  [jvm.dll+0x682025]  (no source info available)
V  [jvm.dll+0x68208a]  (no source info available)
V  [jvm.dll+0x6848ca]  (no source info available)
V  [jvm.dll+0x2219dc]  (no source info available)
V  [jvm.dll+0x682a3e]  (no source info available)
V  [jvm.dll+0x277b9d]  (no source info available)
V  [jvm.dll+0x277f61]  (no source info available)
V  [jvm.dll+0x738aaf]  (no source info available)
V  [jvm.dll+0x73989f]  (no source info available)
V  [jvm.dll+0x3c0f38]  (no source info available)
V  [jvm.dll+0x3c0db8]  (no source info available)
V  [jvm.dll+0x3bfd37]  (no source info available)
V  [jvm.dll+0x3bfcd8]  (no source info available)
V  [jvm.dll+0x3d1e7a]  (no source info available)
C  0x00000157c5c4b90c  (no source info available)

The last pc belongs to new (printed below).
Java frames: (J=compiled Java code, j=interpreted, Vv=VM code)
j  java.awt.im.InputContext.getInstance()Ljava/awt/im/InputContext;+0 java.desktop@23
j  java.awt.Window.getInputContext()Ljava/awt/im/InputContext;+15 java.desktop@23
j  java.awt.Component.getInputContext()Ljava/awt/im/InputContext;+12 java.desktop@23
j  java.awt.Component.getInputContext()Ljava/awt/im/InputContext;+12 java.desktop@23
j  java.awt.Component.getInputContext()Ljava/awt/im/InputContext;+12 java.desktop@23
j  java.awt.Component.getInputContext()Ljava/awt/im/InputContext;+12 java.desktop@23
j  java.awt.Component.getInputContext()Ljava/awt/im/InputContext;+12 java.desktop@23
j  java.awt.Component.dispatchEventImpl(Ljava/awt/AWTEvent;)V+301 java.desktop@23
j  java.awt.Container.dispatchEventImpl(Ljava/awt/AWTEvent;)V+42 java.desktop@23
j  java.awt.Component.dispatchEvent(Ljava/awt/AWTEvent;)V+2 java.desktop@23
j  java.awt.KeyboardFocusManager.redispatchEvent(Ljava/awt/Component;Ljava/awt/AWTEvent;)V+7 java.desktop@23
j  java.awt.DefaultKeyboardFocusManager.typeAheadAssertions(Ljava/awt/Component;Ljava/awt/AWTEvent;)Z+339 java.desktop@23
j  java.awt.DefaultKeyboardFocusManager.dispatchEvent(Ljava/awt/AWTEvent;)Z+1066 java.desktop@23
j  java.awt.Component.dispatchEventImpl(Ljava/awt/AWTEvent;)V+134 java.desktop@23
j  java.awt.Container.dispatchEventImpl(Ljava/awt/AWTEvent;)V+42 java.desktop@23
j  java.awt.Component.dispatchEvent(Ljava/awt/AWTEvent;)V+2 java.desktop@23
j  java.awt.EventQueue.dispatchEventImpl(Ljava/awt/AWTEvent;Ljava/lang/Object;)V+41 java.desktop@23
j  java.awt.EventQueue$4.run()Ljava/lang/Void;+32 java.desktop@23
j  java.awt.EventQueue$4.run()Ljava/lang/Object;+1 java.desktop@23
J 856 c1 java.security.AccessController.doPrivileged(Ljava/security/PrivilegedAction;Ljava/security/AccessControlContext;)Ljava/lang/Object; java.base@23 (17 bytes) @ 0x00000157be8e16ec [0x00000157be8e1500+0x00000000000001ec]
j  java.security.ProtectionDomain$JavaSecurityAccessImpl.doIntersectionPrivilege(Ljava/security/PrivilegedAction;Ljava/security/AccessControlContext;Ljava/security/AccessControlContext;)Ljava/lang/Object;+18 java.base@23
j  java.security.ProtectionDomain$JavaSecurityAccessImpl.doIntersectionPrivilege(Ljava/security/PrivilegedAction;Ljava/security/AccessControlContext;)Ljava/lang/Object;+6 java.base@23
j  java.awt.EventQueue$5.run()Ljava/lang/Void;+11 java.desktop@23
j  java.awt.EventQueue$5.run()Ljava/lang/Object;+1 java.desktop@23
J 856 c1 java.security.AccessController.doPrivileged(Ljava/security/PrivilegedAction;Ljava/security/AccessControlContext;)Ljava/lang/Object; java.base@23 (17 bytes) @ 0x00000157be8e16ec [0x00000157be8e1500+0x00000000000001ec]
j  java.security.ProtectionDomain$JavaSecurityAccessImpl.doIntersectionPrivilege(Ljava/security/PrivilegedAction;Ljava/security/AccessControlContext;Ljava/security/AccessControlContext;)Ljava/lang/Object;+18 java.base@23
j  java.awt.EventQueue.dispatchEvent(Ljava/awt/AWTEvent;)V+73 java.desktop@23
j  java.awt.EventDispatchThread.pumpOneEventForFilters(I)V+81 java.desktop@23
j  java.awt.EventDispatchThread.pumpEventsForFilter(ILjava/awt/Conditional;Ljava/awt/EventFilter;)V+35 java.desktop@23
j  java.awt.EventDispatchThread.pumpEventsForHierarchy(ILjava/awt/Conditional;Ljava/awt/Component;)V+11 java.desktop@23
j  java.awt.EventDispatchThread.pumpEvents(ILjava/awt/Conditional;)V+4 java.desktop@23
j  java.awt.EventDispatchThread.pumpEvents(Ljava/awt/Conditional;)V+3 java.desktop@23
j  java.awt.EventDispatchThread.run()V+9 java.desktop@23
v  ~StubRoutines::call_stub 0x00000157c5c30fcd
Lock stack of current Java thread (top to bottom):
LockStack[1]: [I 
{0x000000062c515340} - klass: {type array int}
 - length: 0
LockStack[0]: java.lang.Object 
{0x000000062af14fe0} - klass: 'java/lang/Object'
 - ---- fields (total size 2 words):

new  187 new  [0x00000157c5c4b780, 0x00000157c5c4b990]  528 bytes
[MachCode]
  0x00000157c5c4b780: 4883 ec08 | c5fa 1104 | 24eb 1f48 | 83ec 10c5 | fb11 0424 | eb14 4883 | ec10 4889 | 0424 48c7 
  0x00000157c5c4b7a0: 4424 0800 | 0000 00eb | 0150 410f | b755 010f | cac1 ea10 | 488b 4de8 | 488b 4908 | 488b 4908 
  0x00000157c5c4b7c0: 488b 4108 | 807c 1004 | 070f 85e0 | 0000 0066 | 8b54 d148 | 488b 4928 | 488b 4cd1 | 0851 80b9 
  0x00000157c5c4b7e0: 3101 0000 | 040f 840d | 0000 004c | 3bb9 3801 | 0000 0f85 | b600 0000 | 8b51 08f6 | c201 0f85 
  0x00000157c5c4b800: aa00 0000 | 498b 87b8 | 0100 0048 | 8d1c 1049 | 3b9f c801 | 0000 0f87 | 9200 0000 | 4989 9fb8 
  0x00000157c5c4b820: 0100 0048 | 83ea 100f | 840f 0000 | 0033 c9c1 | ea03 4889 | 4cd0 0848 | ffca 75f6 | 48c7 0001 
  0x00000157c5c4b840: 0000 0059 | 33f6 8970 | 0c49 ba00 | 0000 dc57 | 0100 0049 | 2bca 8948 | 0849 ba42 | ad29 50fb 
  0x00000157c5c4b860: 7f00 0041 | 803a 000f | 843c 0000 | 0050 488b | c848 83ec | 2040 f6c4 | 0f0f 8419 | 0000 0048 
  0x00000157c5c4b880: 83ec 0848 | b840 eed9 | 4ffb 7f00 | 00ff d048 | 83c4 08e9 | 0c00 0000 | 48b8 40ee | d94f fb7f 
  0x00000157c5c4b8a0: 0000 ffd0 | 4883 c420 | 58e9 cb00 | 0000 5948 | 8b55 e848 | 8b52 0848 | 8b52 0845 | 0fb7 4501 
  0x00000157c5c4b8c0: 410f c841 | c1e8 10e8 | 0500 0000 | e9a8 0000 | 0048 8d44 | 2408 4c89 | 6dc0 498b | cfc5 f877 
  0x00000157c5c4b8e0: 4989 afb0 | 0300 0049 | 8987 a003 | 0000 4883 | ec20 40f6 | c40f 0f84 | 1900 0000 | 4883 ec08 
  0x00000157c5c4b900: 48b8 f01d | a24f fb7f | 0000 ffd0 | 4883 c408 | e90c 0000 | 0048 b8f0 | 1da2 4ffb | 7f00 00ff 
  0x00000157c5c4b920: d048 83c4 | 2049 c787 | a003 0000 | 0000 0000 | 49c7 87b0 | 0300 0000 | 0000 0049 | c787 a803 
  0x00000157c5c4b940: 0000 0000 | 0000 c5f8 | 7749 837f | 0800 0f84 | 0500 0000 | e967 55fe | ff49 8b87 | f803 0000 
  0x00000157c5c4b960: 49c7 87f8 | 0300 0000 | 0000 004c | 8b6d c04c | 8b75 c84e | 8d74 f500 | c341 0fb6 | 5d03 4983 
  0x00000157c5c4b980: c503 49ba | 5076 2d50 | fb7f 0000 | 41ff 24da 
[/MachCode]

Compiled method (c1) 423  856       3       java.security.AccessController::doPrivileged (17 bytes)
 total in heap  [0x00000157be8e1388,0x00000157be8e1910] = 1416
 relocation     [0x00000157be8e1460,0x00000157be8e14f8] = 152
 main code      [0x00000157be8e1500,0x00000157be8e1880] = 896
 stub code      [0x00000157be8e1880,0x00000157be8e18f8] = 120
 metadata       [0x00000157be8e18f8,0x00000157be8e1910] = 24
 immutable data [0x000001582b009f70,0x000001582b00a108] = 408
 dependencies   [0x000001582b009f70,0x000001582b009f78] = 8
 nul chk table  [0x000001582b009f78,0x000001582b009f88] = 16
 scopes pcs     [0x000001582b009f88,0x000001582b00a048] = 192
 scopes data    [0x000001582b00a048,0x000001582b00a108] = 192

[Constant Pool (empty)]

[MachCode]
[Verified Entry Point]
  # {method} {0x00000157dc49b038} 'doPrivileged' '(Ljava/security/PrivilegedAction;Ljava/security/AccessControlContext;)Ljava/lang/Object;' in 'java/security/AccessController'
  # parm0:    rdx:rdx   = 'java/security/PrivilegedAction'
  # parm1:    r8:r8     = 'java/security/AccessControlContext'
  #           [sp+0x80]  (sp of caller)
  0x00000157be8e1500: 8984 2400 | 80ff ff55 | 4883 ec70 | 4181 7f20 | 0100 0000 

  0x00000157be8e1514: ;   {runtime_call StubRoutines (final stubs)}
  0x00000157be8e1514: 7405 e845 

  0x00000157be8e1518: ;   {metadata(method data for {method} {0x00000157dc49b038} 'doPrivileged' '(Ljava/security/PrivilegedAction;Ljava/security/AccessControlContext;)Ljava/lang/Object;' in 'java/security/AccessController')}
  0x00000157be8e1518: 8e38 0748 | be58 2054 | 1d58 0100 | 008b becc | 0000 0083 | c702 89be | cc00 0000 | 81e7 fe07 
  0x00000157be8e1538: 0000 85ff | 0f84 7402 | 0000 4c89 | 4424 4048 | 8954 2448 

  0x00000157be8e154c: ;   {metadata(method data for {method} {0x00000157dc49b038} 'doPrivileged' '(Ljava/security/PrivilegedAction;Ljava/security/AccessControlContext;)Ljava/lang/Object;' in 'java/security/AccessController')}
  0x00000157be8e154c: 48be 5820 | 541d 5801 | 0000 4883 | 8618 0100 

  0x00000157be8e155c: ;   {static_call}
  0x00000157be8e155c: 0001 90e8 

  0x00000157be8e1560: ; ImmutableOopMap {[64]=Oop [72]=Oop }
                      ;*invokestatic getCallerClass {reexecute=0 rethrow=0 return_oop=0}
                      ; - java.security.AccessController::doPrivileged@0 (line 398)
  0x00000157be8e1560: 4c16 ab07 

  0x00000157be8e1564: ;   {other}
  0x00000157be8e1564: 0f1f 8400 | dc01 0000 | 4889 4424 

  0x00000157be8e1570: ;   {metadata(method data for {method} {0x00000157dc49b038} 'doPrivileged' '(Ljava/security/PrivilegedAction;Ljava/security/AccessControlContext;)Ljava/lang/Object;' in 'java/security/AccessController')}
  0x00000157be8e1570: 5048 ba58 | 2054 1d58 | 0100 0048 | 8382 2801 | 0000 0148 | 8b54 2440 | 4c8b c00f 

  0x00000157be8e158c: ;   {static_call}
  0x00000157be8e158c: 1f40 00e8 

  0x00000157be8e1590: ; ImmutableOopMap {[72]=Oop [80]=Oop }
                      ;*invokestatic checkContext {reexecute=0 rethrow=0 return_oop=0}
                      ; - java.security.AccessController::doPrivileged@6 (line 399)
  0x00000157be8e1590: 0cf8 ffff 

  0x00000157be8e1594: ;   {other}
  0x00000157be8e1594: 0f1f 8400 | 0c02 0001 | 4889 4424 

  0x00000157be8e15a0: ;   {metadata(method data for {method} {0x00000157dc49b038} 'doPrivileged' '(Ljava/security/PrivilegedAction;Ljava/security/AccessControlContext;)Ljava/lang/Object;' in 'java/security/AccessController')}
  0x00000157be8e15a0: 5848 ba58 | 2054 1d58 | 0100 0048 | 8382 3801 

  0x00000157be8e15b0: ;   {metadata(method data for {method} {0x00000157dc49b2c0} 'executePrivileged' '(Ljava/security/PrivilegedAction;Ljava/security/AccessControlContext;Ljava/lang/Class;)Ljava/lang/Object;' in 'java/security/AccessController')}
  0x00000157be8e15b0: 0000 0148 | ba60 2a11 | 1d58 0100 | 008b b2cc | 0000 0083 | c602 89b2 | cc00 0000 | 81e6 feff 
  0x00000157be8e15d0: 1f00 85f6 | 0f84 fd01 | 0000 4885 

  0x00000157be8e15dc: ;   {metadata(method data for {method} {0x00000157dc49b2c0} 'executePrivileged' '(Ljava/security/PrivilegedAction;Ljava/security/AccessControlContext;Ljava/lang/Class;)Ljava/lang/Object;' in 'java/security/AccessController')}
  0x00000157be8e15dc: c048 ba60 | 2a11 1d58 | 0100 00be | 1801 0000 | 7405 be28 | 0100 0048 | 8b3c 3248 | 8d7f 0148 
  0x00000157be8e15fc: 893c 320f | 8427 0000 

  0x00000157be8e1604: ;   {metadata(method data for {method} {0x00000157dc49b2c0} 'executePrivileged' '(Ljava/security/PrivilegedAction;Ljava/security/AccessControlContext;Ljava/lang/Class;)Ljava/lang/Object;' in 'java/security/AccessController')}
  0x00000157be8e1604: 0048 ba60 | 2a11 1d58 | 0100 0048 | 8382 3801 | 0000 0148 | 8bd0 0f1f 

  0x00000157be8e161c: ;   {static_call}
  0x00000157be8e161c: 4400 00e8 

  0x00000157be8e1620: ; ImmutableOopMap {[72]=Oop [80]=Oop [88]=Oop }
                      ;*invokestatic ensureMaterializedForStackWalk {reexecute=0 rethrow=0 return_oop=0}
                      ; - java.security.AccessController::executePrivileged@5 (line 774)
                      ; - java.security.AccessController::doPrivileged@13 (line 400)
  0x00000157be8e1620: 0cb3 ab07 

  0x00000157be8e1624: ;   {other}
  0x00000157be8e1624: 0f1f 8400 | 9c02 0002 

  0x00000157be8e162c: ;   {metadata(method data for {method} {0x00000157dc49b2c0} 'executePrivileged' '(Ljava/security/PrivilegedAction;Ljava/security/AccessControlContext;Ljava/lang/Class;)Ljava/lang/Object;' in 'java/security/AccessController')}
  0x00000157be8e162c: 48ba 602a | 111d 5801 | 0000 ff82 | 4801 0000 | 488b 5424 | 4848 3b02 

  0x00000157be8e1644: ;   {metadata(method data for {method} {0x00000157dc49b2c0} 'executePrivileged' '(Ljava/security/PrivilegedAction;Ljava/security/AccessControlContext;Ljava/lang/Class;)Ljava/lang/Object;' in 'java/security/AccessController')}
  0x00000157be8e1644: 488b f248 | bf60 2a11 | 1d58 0100 | 008b 7608 | 49ba 0000 | 00dc 5701 | 0000 4903 | f248 3bb7 
  0x00000157be8e1664: b001 0000 | 750d 4883 | 87b8 0100 | 0001 e960 | 0000 0048 | 3bb7 c001 | 0000 750d | 4883 87c8 
  0x00000157be8e1684: 0100 0001 | e94a 0000 | 0048 83bf | b001 0000 | 0075 1748 | 89b7 b001 | 0000 48c7 | 87b8 0100 
  0x00000157be8e16a4: 0001 0000 | 00e9 2900 | 0000 4883 | bfc0 0100 | 0000 7517 | 4889 b7c0 | 0100 0048 | c787 c801 
  0x00000157be8e16c4: 0000 0100 | 0000 e908 | 0000 0048 | 8387 a801 | 0000 0166 | 0f1f 4400 | 0048 b8c0 | 1c9a 2b58 
  0x00000157be8e16e4: ;   {virtual_call}
  0x00000157be8e16e4: 0100 00e8 

  0x00000157be8e16e8: ; ImmutableOopMap {[80]=Oop [88]=Oop }
                      ;*invokeinterface run {reexecute=0 rethrow=0 return_oop=0}
                      ; - java.security.AccessController::executePrivileged@29 (line 778)
                      ; - java.security.AccessController::doPrivileged@13 (line 400)
  0x00000157be8e16e8: e4d0 5007 

  0x00000157be8e16ec: ;   {other}
  0x00000157be8e16ec: 0f1f 8400 | 6403 0003 

  0x00000157be8e16f4: ;   {metadata(method data for {method} {0x00000157dc49b2c0} 'executePrivileged' '(Ljava/security/PrivilegedAction;Ljava/security/AccessControlContext;Ljava/lang/Class;)Ljava/lang/Object;' in 'java/security/AccessController')}
  0x00000157be8e16f4: 48ba 602a | 111d 5801 | 0000 ff82 | d801 0000 

  0x00000157be8e1704: ;   {metadata(method data for {method} {0x00000157dc49b2c0} 'executePrivileged' '(Ljava/security/PrivilegedAction;Ljava/security/AccessControlContext;Ljava/lang/Class;)Ljava/lang/Object;' in 'java/security/AccessController')}
  0x00000157be8e1704: 48ba 602a | 111d 5801 | 0000 4883 | 8238 0200 | 0001 488b | d048 8944 

  0x00000157be8e171c: ;   {static_call}
  0x00000157be8e171c: 2460 90e8 

  0x00000157be8e1720: ; ImmutableOopMap {[80]=Oop [88]=Oop [96]=Oop }
                      ;*invokestatic ensureMaterializedForStackWalk {reexecute=0 rethrow=0 return_oop=0}
                      ; - java.security.AccessController::executePrivileged@56 (line 786)
                      ; - java.security.AccessController::doPrivileged@13 (line 400)
  0x00000157be8e1720: 0cb2 ab07 

  0x00000157be8e1724: ;   {other}
  0x00000157be8e1724: 0f1f 8400 | 9c03 0004 

  0x00000157be8e172c: ;   {metadata(method data for {method} {0x00000157dc49b2c0} 'executePrivileged' '(Ljava/security/PrivilegedAction;Ljava/security/AccessControlContext;Ljava/lang/Class;)Ljava/lang/Object;' in 'java/security/AccessController')}
  0x00000157be8e172c: 48b8 602a | 111d 5801 | 0000 4883 | 8048 0200 

  0x00000157be8e173c: ;   {metadata(method data for {method} {0x00000157dc195798} 'reachabilityFence' '(Ljava/lang/Object;)V' in 'java/lang/ref/Reference')}
  0x00000157be8e173c: 0001 48b8 | f059 0e1d | 5801 0000 | 8bb0 cc00 | 0000 83c6 | 0289 b0cc | 0000 0081 | e6fe ff1f 
  0x00000157be8e175c: 0085 f60f | 8498 0000 

  0x00000157be8e1764: ;   {metadata(method data for {method} {0x00000157dc49b2c0} 'executePrivileged' '(Ljava/security/PrivilegedAction;Ljava/security/AccessControlContext;Ljava/lang/Class;)Ljava/lang/Object;' in 'java/security/AccessController')}
  0x00000157be8e1764: 0048 b860 | 2a11 1d58 | 0100 0048 | 8380 5802 

  0x00000157be8e1774: ;   {metadata(method data for {method} {0x00000157dc195798} 'reachabilityFence' '(Ljava/lang/Object;)V' in 'java/lang/ref/Reference')}
  0x00000157be8e1774: 0000 0148 | b8f0 590e | 1d58 0100 | 008b b0cc | 0000 0083 | c602 89b0 | cc00 0000 | 81e6 feff 
  0x00000157be8e1794: 1f00 85f6 | 0f84 8000 | 0000 488b | 4424 6048 | 83c4 705d 

  0x00000157be8e17a8: ;   {poll_return}
  0x00000157be8e17a8: 493b a748 | 0400 000f | 878a 0000 

  0x00000157be8e17b4: ;   {metadata({method} {0x00000157dc49b038} 'doPrivileged' '(Ljava/security/PrivilegedAction;Ljava/security/AccessControlContext;)Ljava/lang/Object;' in 'java/security/AccessController')}
  0x00000157be8e17b4: 00c3 49ba | 30b0 49dc | 5701 0000 | 4c89 5424 | 0848 c704 | 24ff ffff 

  0x00000157be8e17cc: ;   {runtime_call counter_overflow Runtime1 stub}
  0x00000157be8e17cc: ffe8 8e6c 

  0x00000157be8e17d0: ; ImmutableOopMap {rdx=Oop r8=Oop }
                      ;*synchronization entry
                      ; - java.security.AccessController::doPrivileged@-1 (line 398)
  0x00000157be8e17d0: 4707 e96b 

  0x00000157be8e17d4: ;   {metadata({method} {0x00000157dc49b2c0} 'executePrivileged' '(Ljava/security/PrivilegedAction;Ljava/security/AccessControlContext;Ljava/lang/Class;)Ljava/lang/Object;' in 'java/security/AccessController')}
  0x00000157be8e17d4: fdff ff49 | bab8 b249 | dc57 0100 | 004c 8954 | 2408 48c7 | 0424 ffff 

  0x00000157be8e17ec: ;   {runtime_call counter_overflow Runtime1 stub}
  0x00000157be8e17ec: ffff e86d 

  0x00000157be8e17f0: ; ImmutableOopMap {rax=Oop [72]=Oop [80]=Oop [88]=Oop }
                      ;*synchronization entry
                      ; - java.security.AccessController::executePrivileged@-1 (line 773)
                      ; - java.security.AccessController::doPrivileged@13 (line 400)
  0x00000157be8e17f0: 6c47 07e9 | e2fd ffff 

  0x00000157be8e17f8: ;   {runtime_call throw_null_pointer_exception Runtime1 stub}
  0x00000157be8e17f8: e863 fc46 

  0x00000157be8e17fc: ; ImmutableOopMap {rdx=Oop [80]=Oop [88]=Oop }
                      ;*invokeinterface run {reexecute=0 rethrow=0 return_oop=0}
                      ; - java.security.AccessController::executePrivileged@29 (line 778)
                      ; - java.security.AccessController::doPrivileged@13 (line 400)
                      ;   {metadata({method} {0x00000157dc195798} 'reachabilityFence' '(Ljava/lang/Object;)V' in 'java/lang/ref/Reference')}
  0x00000157be8e17fc: 0749 ba90 | 5719 dc57 | 0100 004c | 8954 2408 | 48c7 0424 | ffff ffff 

  0x00000157be8e1814: ;   {runtime_call counter_overflow Runtime1 stub}
  0x00000157be8e1814: e847 6c47 

  0x00000157be8e1818: ; ImmutableOopMap {[80]=Oop [96]=Oop }
                      ;*synchronization entry
                      ; - java.lang.ref.Reference::reachabilityFence@-1 (line 661)
                      ; - java.security.AccessController::executePrivileged@60 (line 790)
                      ; - java.security.AccessController::doPrivileged@13 (line 400)
  0x00000157be8e1818: 07e9 47ff 

  0x00000157be8e181c: ;   {metadata({method} {0x00000157dc195798} 'reachabilityFence' '(Ljava/lang/Object;)V' in 'java/lang/ref/Reference')}
  0x00000157be8e181c: ffff 49ba | 9057 19dc | 5701 0000 | 4c89 5424 | 0848 c704 | 24ff ffff 

  0x00000157be8e1834: ;   {runtime_call counter_overflow Runtime1 stub}
  0x00000157be8e1834: ffe8 266c 

  0x00000157be8e1838: ; ImmutableOopMap {[96]=Oop }
                      ;*synchronization entry
                      ; - java.lang.ref.Reference::reachabilityFence@-1 (line 661)
                      ; - java.security.AccessController::executePrivileged@64 (line 791)
                      ; - java.security.AccessController::doPrivileged@13 (line 400)
  0x00000157be8e1838: 4707 e95f 

  0x00000157be8e183c: ;   {internal_word}
  0x00000157be8e183c: ffff ff49 | baa8 178e | be57 0100 | 004d 8997 | 6004 0000 

  0x00000157be8e1850: ;   {runtime_call SafepointBlob}
  0x00000157be8e1850: e98b 4f3a | 0749 8b87 | 0005 0000 | 49c7 8700 | 0500 0000 | 0000 0049 | c787 0805 | 0000 0000 
  0x00000157be8e1870: 0000 4883 

  0x00000157be8e1874: ;   {runtime_call unwind_exception Runtime1 stub}
  0x00000157be8e1874: c470 5de9 | 64dc 4607 | f4f4 f4f4 
[Stub Code]
  0x00000157be8e1880: ;   {no_reloc}
  0x00000157be8e1880: 0f1f 4400 

  0x00000157be8e1884: ;   {static_stub}
  0x00000157be8e1884: 0048 bb00 | 0000 0000 

  0x00000157be8e188c: ;   {runtime_call nmethod}
  0x00000157be8e188c: 0000 00e9 | fbff ffff 

  0x00000157be8e1894: ;   {static_stub}
  0x00000157be8e1894: 48bb 0000 | 0000 0000 

  0x00000157be8e189c: ;   {runtime_call nmethod}
  0x00000157be8e189c: 0000 e9fb 

  0x00000157be8e18a0: ;   {static_stub}
  0x00000157be8e18a0: ffff ff48 | bb00 0000 | 0000 0000 

  0x00000157be8e18ac: ;   {runtime_call nmethod}
  0x00000157be8e18ac: 00e9 fbff 

  0x00000157be8e18b0: ;   {static_stub}
  0x00000157be8e18b0: ffff 48bb | 0000 0000 | 0000 0000 

  0x00000157be8e18bc: ;   {runtime_call nmethod}
  0x00000157be8e18bc: e9fb ffff 

  0x00000157be8e18c0: ;   {runtime_call handle_exception_from_callee Runtime1 stub}
  0x00000157be8e18c0: ffe8 1a2f 

  0x00000157be8e18c4: ;   {external_word}
  0x00000157be8e18c4: 4707 48b9 | 40d5 0150 | fb7f 0000 | 4883 e4f0 

  0x00000157be8e18d4: ;   {runtime_call}
  0x00000157be8e18d4: 48b8 604a | c84f fb7f | 0000 ffd0 

  0x00000157be8e18e0: ;   {section_word}
  0x00000157be8e18e0: f449 bae1 | 188e be57 | 0100 0041 

  0x00000157be8e18ec: ;   {runtime_call DeoptimizationBlob}
  0x00000157be8e18ec: 52e9 0e63 | 3a07 f4f4 | f4f4 f4f4 
[/MachCode]


---------------  P R O C E S S  ---------------

Threads class SMR info:
_java_thread_list=0x000001582badc3b0, length=21, elements={
0x00000157db4654c0, 0x00000157da89cc50, 0x00000157db466e60, 0x00000157db489dc0,
0x00000157db48b0b0, 0x00000157db48f180, 0x00000157db493310, 0x00000157db499a80,
0x00000157db49a150, 0x00000157db48f810, 0x00000157db49bc90, 0x00000157db48c390,
0x00000157db49c360, 0x00000157db48eaf0, 0x00000157db48ca20, 0x00000157db48d0b0,
0x00000157db48e460, 0x00000157db49a820, 0x00000157db48ddd0, 0x00000157db48d740,
0x000001582e4f0e30
}

Java Threads: ( => current thread )
  0x00000157db4654c0 JavaThread "Reference Handler"          daemon [_thread_blocked, id=108556, stack(0x00000029da000000,0x00000029da100000) (1024K)]
  0x00000157da89cc50 JavaThread "Finalizer"                  daemon [_thread_blocked, id=102336, stack(0x00000029da100000,0x00000029da200000) (1024K)]
  0x00000157db466e60 JavaThread "Signal Dispatcher"          daemon [_thread_blocked, id=95844, stack(0x00000029da200000,0x00000029da300000) (1024K)]
  0x00000157db489dc0 JavaThread "Attach Listener"            daemon [_thread_blocked, id=107620, stack(0x00000029da300000,0x00000029da400000) (1024K)]
  0x00000157db48b0b0 JavaThread "Service Thread"             daemon [_thread_blocked, id=86520, stack(0x00000029da400000,0x00000029da500000) (1024K)]
  0x00000157db48f180 JavaThread "Monitor Deflation Thread"   daemon [_thread_blocked, id=74980, stack(0x00000029da500000,0x00000029da600000) (1024K)]
  0x00000157db493310 JavaThread "C2 CompilerThread0"         daemon [_thread_blocked, id=109260, stack(0x00000029da600000,0x00000029da700000) (1024K)]
  0x00000157db499a80 JavaThread "C1 CompilerThread0"         daemon [_thread_blocked, id=108400, stack(0x00000029da700000,0x00000029da800000) (1024K)]
  0x00000157db49a150 JavaThread "C1 CompilerThread1"         daemon [_thread_blocked, id=56636, stack(0x00000029da800000,0x00000029da900000) (1024K)]
  0x00000157db48f810 JavaThread "Common-Cleaner"             daemon [_thread_blocked, id=95176, stack(0x00000029da900000,0x00000029daa00000) (1024K)]
  0x00000157db49bc90 JavaThread "C1 CompilerThread2"         daemon [_thread_blocked, id=62168, stack(0x00000029daa00000,0x00000029dab00000) (1024K)]
  0x00000157db48c390 JavaThread "Notification Thread"        daemon [_thread_blocked, id=59628, stack(0x00000029dab00000,0x00000029dac00000) (1024K)]
  0x00000157db49c360 JavaThread "C2 CompilerThread1"         daemon [_thread_blocked, id=97624, stack(0x00000029dac00000,0x00000029dad00000) (1024K)]
  0x00000157db48eaf0 JavaThread "Java2D Disposer"            daemon [_thread_blocked, id=109272, stack(0x00000029dad00000,0x00000029dae00000) (1024K)]
  0x00000157db48ca20 JavaThread "AWT-Shutdown"                      [_thread_blocked, id=103240, stack(0x00000029dae00000,0x00000029daf00000) (1024K)]
  0x00000157db48d0b0 JavaThread "AWT-Windows"                daemon [_thread_in_native, id=107992, stack(0x00000029daf00000,0x00000029db000000) (1024K)]
  0x00000157db48e460 JavaThread "Image Fetcher 0"            daemon [_thread_blocked, id=108224, stack(0x00000029dcf00000,0x00000029dd000000) (1024K)]
  0x00000157db49a820 JavaThread "C1 CompilerThread3"         daemon [_thread_blocked, id=108548, stack(0x00000029dd000000,0x00000029dd100000) (1024K)]
=>0x00000157db48ddd0 JavaThread "AWT-EventQueue-0"                  [_thread_in_vm, id=86564, stack(0x00000029dd100000,0x00000029dd200000) (1024K)]
  0x00000157db48d740 JavaThread "DestroyJavaVM"                     [_thread_blocked, id=108772, stack(0x00000029d9800000,0x00000029d9900000) (1024K)]
  0x000001582e4f0e30 JavaThread "D3D Screen Updater"         daemon [_thread_blocked, id=105464, stack(0x00000029dd500000,0x00000029dd600000) (1024K)]
Total: 21

Other Threads:
  0x00000157da889570 VMThread "VM Thread"                           [id=108752, stack(0x00000029d9f00000,0x00000029da000000) (1024K)]
  0x00000157da872540 WatcherThread "VM Periodic Task Thread"        [id=82752, stack(0x00000029d9e00000,0x00000029d9f00000) (1024K)]
  0x00000157b484cec0 WorkerThread "GC Thread#0"                     [id=103260, stack(0x00000029d9900000,0x00000029d9a00000) (1024K)]
  0x000001582e8107c0 WorkerThread "GC Thread#1"                     [id=80252, stack(0x00000029dd600000,0x00000029dd700000) (1024K)]
  0x000001582e810b70 WorkerThread "GC Thread#2"                     [id=109184, stack(0x00000029dd700000,0x00000029dd800000) (1024K)]
  0x00000157b48618e0 ConcurrentGCThread "G1 Main Marker"            [id=108756, stack(0x00000029d9a00000,0x00000029d9b00000) (1024K)]
  0x00000157b4863ba0 WorkerThread "G1 Conc#0"                       [id=108760, stack(0x00000029d9b00000,0x00000029d9c00000) (1024K)]
  0x00000157da7437b0 ConcurrentGCThread "G1 Refine#0"               [id=106656, stack(0x00000029d9c00000,0x00000029d9d00000) (1024K)]
  0x00000157da744140 ConcurrentGCThread "G1 Service"                [id=108372, stack(0x00000029d9d00000,0x00000029d9e00000) (1024K)]
Total: 9

Threads with active compile tasks:
Total: 0

VM state: not at safepoint (normal execution)

VM Mutex/Monitor currently owned by a thread:  ([mutex/lock_event])
[0x00007ffb502c1890] Metaspace_lock - owner thread: 0x00000157db48ddd0

Heap address: 0x000000060d400000, size: 7980 MB, Compressed Oops mode: Zero based, Oop shift amount: 3

CDS archive(s) mapped at: [0x00000157dc000000-0x00000157dcd70000-0x00000157dcd70000), size 14090240, SharedBaseAddress: 0x00000157dc000000, ArchiveRelocationMode: 1.
Compressed class space mapped at: 0x00000157dd000000-0x000001581d000000, reserved size: 1073741824
Narrow klass base: 0x00000157dc000000, Narrow klass shift: 0, Narrow klass range: 0x41000000

GC Precious Log:
 CardTable entry size: 512
 Card Set container configuration: InlinePtr #cards 4 size 8 Array Of Cards #cards 32 size 80 Howl #buckets 8 coarsen threshold 7372 Howl Bitmap #cards 1024 size 144 coarsen threshold 921 Card regions per heap region 1 cards per card region 8192
 CPUs: 16 total, 16 available
 Memory: 31904M
 Large Page Support: Disabled
 NUMA Support: Disabled
 Compressed Oops: Enabled (Zero based)
 Heap Region Size: 4M
 Heap Min Capacity: 8M
 Heap Initial Capacity: 500M
 Heap Max Capacity: 7980M
 Pre-touch: Disabled
 Parallel Workers: 13
 Concurrent Workers: 3
 Concurrent Refinement Workers: 13
 Periodic GC: Disabled

Heap:
 garbage-first heap   total reserved 8171520K, committed 512000K, used 12525K [0x000000060d400000, 0x0000000800000000)
  region size 4096K, 2 young (8192K), 1 survivors (4096K)
 Metaspace       used 8849K, committed 9024K, reserved 1114112K
  class space    used 1004K, committed 1088K, reserved 1048576K

Heap Regions: E=young(eden), S=young(survivor), O=old, HS=humongous(starts), HC=humongous(continues), CS=collection set, F=free, TAMS=top-at-mark-start, PB=parsable bottom
|   0|0x000000060d400000, 0x000000060d800000, 0x000000060d800000|100%|HS|  |TAMS 0x000000060d400000| PB 0x000000060d400000| Complete |  0
|   1|0x000000060d800000, 0x000000060dc00000, 0x000000060dc00000|100%|HS|  |TAMS 0x000000060d800000| PB 0x000000060d800000| Complete |  0
|   2|0x000000060dc00000, 0x000000060dc3b558, 0x000000060e000000|  5%| O|  |TAMS 0x000000060dc00000| PB 0x000000060dc00000| Untracked |  0
|   3|0x000000060e000000, 0x000000060e000000, 0x000000060e400000|  0%| F|  |TAMS 0x000000060e000000| PB 0x000000060e000000| Untracked |  0
|   4|0x000000060e400000, 0x000000060e400000, 0x000000060e800000|  0%| F|  |TAMS 0x000000060e400000| PB 0x000000060e400000| Untracked |  0
|   5|0x000000060e800000, 0x000000060e800000, 0x000000060ec00000|  0%| F|  |TAMS 0x000000060e800000| PB 0x000000060e800000| Untracked |  0
|   6|0x000000060ec00000, 0x000000060ec00000, 0x000000060f000000|  0%| F|  |TAMS 0x000000060ec00000| PB 0x000000060ec00000| Untracked |  0
|   7|0x000000060f000000, 0x000000060f000000, 0x000000060f400000|  0%| F|  |TAMS 0x000000060f000000| PB 0x000000060f000000| Untracked |  0
|   8|0x000000060f400000, 0x000000060f400000, 0x000000060f800000|  0%| F|  |TAMS 0x000000060f400000| PB 0x000000060f400000| Untracked |  0
|   9|0x000000060f800000, 0x000000060f800000, 0x000000060fc00000|  0%| F|  |TAMS 0x000000060f800000| PB 0x000000060f800000| Untracked |  0
|  10|0x000000060fc00000, 0x000000060fc00000, 0x0000000610000000|  0%| F|  |TAMS 0x000000060fc00000| PB 0x000000060fc00000| Untracked |  0
|  11|0x0000000610000000, 0x0000000610000000, 0x0000000610400000|  0%| F|  |TAMS 0x0000000610000000| PB 0x0000000610000000| Untracked |  0
|  12|0x0000000610400000, 0x0000000610400000, 0x0000000610800000|  0%| F|  |TAMS 0x0000000610400000| PB 0x0000000610400000| Untracked |  0
|  13|0x0000000610800000, 0x0000000610800000, 0x0000000610c00000|  0%| F|  |TAMS 0x0000000610800000| PB 0x0000000610800000| Untracked |  0
|  14|0x0000000610c00000, 0x0000000610c00000, 0x0000000611000000|  0%| F|  |TAMS 0x0000000610c00000| PB 0x0000000610c00000| Untracked |  0
|  15|0x0000000611000000, 0x0000000611000000, 0x0000000611400000|  0%| F|  |TAMS 0x0000000611000000| PB 0x0000000611000000| Untracked |  0
|  16|0x0000000611400000, 0x0000000611400000, 0x0000000611800000|  0%| F|  |TAMS 0x0000000611400000| PB 0x0000000611400000| Untracked |  0
|  17|0x0000000611800000, 0x0000000611800000, 0x0000000611c00000|  0%| F|  |TAMS 0x0000000611800000| PB 0x0000000611800000| Untracked |  0
|  18|0x0000000611c00000, 0x0000000611c00000, 0x0000000612000000|  0%| F|  |TAMS 0x0000000611c00000| PB 0x0000000611c00000| Untracked |  0
|  19|0x0000000612000000, 0x0000000612000000, 0x0000000612400000|  0%| F|  |TAMS 0x0000000612000000| PB 0x0000000612000000| Untracked |  0
|  20|0x0000000612400000, 0x0000000612400000, 0x0000000612800000|  0%| F|  |TAMS 0x0000000612400000| PB 0x0000000612400000| Untracked |  0
|  21|0x0000000612800000, 0x0000000612800000, 0x0000000612c00000|  0%| F|  |TAMS 0x0000000612800000| PB 0x0000000612800000| Untracked |  0
|  22|0x0000000612c00000, 0x0000000612c00000, 0x0000000613000000|  0%| F|  |TAMS 0x0000000612c00000| PB 0x0000000612c00000| Untracked |  0
|  23|0x0000000613000000, 0x0000000613000000, 0x0000000613400000|  0%| F|  |TAMS 0x0000000613000000| PB 0x0000000613000000| Untracked |  0
|  24|0x0000000613400000, 0x0000000613400000, 0x0000000613800000|  0%| F|  |TAMS 0x0000000613400000| PB 0x0000000613400000| Untracked |  0
|  25|0x0000000613800000, 0x0000000613800000, 0x0000000613c00000|  0%| F|  |TAMS 0x0000000613800000| PB 0x0000000613800000| Untracked |  0
|  26|0x0000000613c00000, 0x0000000613c00000, 0x0000000614000000|  0%| F|  |TAMS 0x0000000613c00000| PB 0x0000000613c00000| Untracked |  0
|  27|0x0000000614000000, 0x0000000614000000, 0x0000000614400000|  0%| F|  |TAMS 0x0000000614000000| PB 0x0000000614000000| Untracked |  0
|  28|0x0000000614400000, 0x0000000614400000, 0x0000000614800000|  0%| F|  |TAMS 0x0000000614400000| PB 0x0000000614400000| Untracked |  0
|  29|0x0000000614800000, 0x0000000614800000, 0x0000000614c00000|  0%| F|  |TAMS 0x0000000614800000| PB 0x0000000614800000| Untracked |  0
|  30|0x0000000614c00000, 0x0000000614c00000, 0x0000000615000000|  0%| F|  |TAMS 0x0000000614c00000| PB 0x0000000614c00000| Untracked |  0
|  31|0x0000000615000000, 0x0000000615000000, 0x0000000615400000|  0%| F|  |TAMS 0x0000000615000000| PB 0x0000000615000000| Untracked |  0
|  32|0x0000000615400000, 0x0000000615400000, 0x0000000615800000|  0%| F|  |TAMS 0x0000000615400000| PB 0x0000000615400000| Untracked |  0
|  33|0x0000000615800000, 0x0000000615800000, 0x0000000615c00000|  0%| F|  |TAMS 0x0000000615800000| PB 0x0000000615800000| Untracked |  0
|  34|0x0000000615c00000, 0x0000000615c00000, 0x0000000616000000|  0%| F|  |TAMS 0x0000000615c00000| PB 0x0000000615c00000| Untracked |  0
|  35|0x0000000616000000, 0x0000000616000000, 0x0000000616400000|  0%| F|  |TAMS 0x0000000616000000| PB 0x0000000616000000| Untracked |  0
|  36|0x0000000616400000, 0x0000000616400000, 0x0000000616800000|  0%| F|  |TAMS 0x0000000616400000| PB 0x0000000616400000| Untracked |  0
|  37|0x0000000616800000, 0x0000000616800000, 0x0000000616c00000|  0%| F|  |TAMS 0x0000000616800000| PB 0x0000000616800000| Untracked |  0
|  38|0x0000000616c00000, 0x0000000616c00000, 0x0000000617000000|  0%| F|  |TAMS 0x0000000616c00000| PB 0x0000000616c00000| Untracked |  0
|  39|0x0000000617000000, 0x0000000617000000, 0x0000000617400000|  0%| F|  |TAMS 0x0000000617000000| PB 0x0000000617000000| Untracked |  0
|  40|0x0000000617400000, 0x0000000617400000, 0x0000000617800000|  0%| F|  |TAMS 0x0000000617400000| PB 0x0000000617400000| Untracked |  0
|  41|0x0000000617800000, 0x0000000617800000, 0x0000000617c00000|  0%| F|  |TAMS 0x0000000617800000| PB 0x0000000617800000| Untracked |  0
|  42|0x0000000617c00000, 0x0000000617c00000, 0x0000000618000000|  0%| F|  |TAMS 0x0000000617c00000| PB 0x0000000617c00000| Untracked |  0
|  43|0x0000000618000000, 0x0000000618000000, 0x0000000618400000|  0%| F|  |TAMS 0x0000000618000000| PB 0x0000000618000000| Untracked |  0
|  44|0x0000000618400000, 0x0000000618400000, 0x0000000618800000|  0%| F|  |TAMS 0x0000000618400000| PB 0x0000000618400000| Untracked |  0
|  45|0x0000000618800000, 0x0000000618800000, 0x0000000618c00000|  0%| F|  |TAMS 0x0000000618800000| PB 0x0000000618800000| Untracked |  0
|  46|0x0000000618c00000, 0x0000000618c00000, 0x0000000619000000|  0%| F|  |TAMS 0x0000000618c00000| PB 0x0000000618c00000| Untracked |  0
|  47|0x0000000619000000, 0x0000000619000000, 0x0000000619400000|  0%| F|  |TAMS 0x0000000619000000| PB 0x0000000619000000| Untracked |  0
|  48|0x0000000619400000, 0x0000000619400000, 0x0000000619800000|  0%| F|  |TAMS 0x0000000619400000| PB 0x0000000619400000| Untracked |  0
|  49|0x0000000619800000, 0x0000000619800000, 0x0000000619c00000|  0%| F|  |TAMS 0x0000000619800000| PB 0x0000000619800000| Untracked |  0
|  50|0x0000000619c00000, 0x0000000619c00000, 0x000000061a000000|  0%| F|  |TAMS 0x0000000619c00000| PB 0x0000000619c00000| Untracked |  0
|  51|0x000000061a000000, 0x000000061a000000, 0x000000061a400000|  0%| F|  |TAMS 0x000000061a000000| PB 0x000000061a000000| Untracked |  0
|  52|0x000000061a400000, 0x000000061a400000, 0x000000061a800000|  0%| F|  |TAMS 0x000000061a400000| PB 0x000000061a400000| Untracked |  0
|  53|0x000000061a800000, 0x000000061a800000, 0x000000061ac00000|  0%| F|  |TAMS 0x000000061a800000| PB 0x000000061a800000| Untracked |  0
|  54|0x000000061ac00000, 0x000000061ac00000, 0x000000061b000000|  0%| F|  |TAMS 0x000000061ac00000| PB 0x000000061ac00000| Untracked |  0
|  55|0x000000061b000000, 0x000000061b000000, 0x000000061b400000|  0%| F|  |TAMS 0x000000061b000000| PB 0x000000061b000000| Untracked |  0
|  56|0x000000061b400000, 0x000000061b400000, 0x000000061b800000|  0%| F|  |TAMS 0x000000061b400000| PB 0x000000061b400000| Untracked |  0
|  57|0x000000061b800000, 0x000000061b800000, 0x000000061bc00000|  0%| F|  |TAMS 0x000000061b800000| PB 0x000000061b800000| Untracked |  0
|  58|0x000000061bc00000, 0x000000061bc00000, 0x000000061c000000|  0%| F|  |TAMS 0x000000061bc00000| PB 0x000000061bc00000| Untracked |  0
|  59|0x000000061c000000, 0x000000061c000000, 0x000000061c400000|  0%| F|  |TAMS 0x000000061c000000| PB 0x000000061c000000| Untracked |  0
|  60|0x000000061c400000, 0x000000061c400000, 0x000000061c800000|  0%| F|  |TAMS 0x000000061c400000| PB 0x000000061c400000| Untracked |  0
|  61|0x000000061c800000, 0x000000061c800000, 0x000000061cc00000|  0%| F|  |TAMS 0x000000061c800000| PB 0x000000061c800000| Untracked |  0
|  62|0x000000061cc00000, 0x000000061cc00000, 0x000000061d000000|  0%| F|  |TAMS 0x000000061cc00000| PB 0x000000061cc00000| Untracked |  0
|  63|0x000000061d000000, 0x000000061d000000, 0x000000061d400000|  0%| F|  |TAMS 0x000000061d000000| PB 0x000000061d000000| Untracked |  0
|  64|0x000000061d400000, 0x000000061d400000, 0x000000061d800000|  0%| F|  |TAMS 0x000000061d400000| PB 0x000000061d400000| Untracked |  0
|  65|0x000000061d800000, 0x000000061d800000, 0x000000061dc00000|  0%| F|  |TAMS 0x000000061d800000| PB 0x000000061d800000| Untracked |  0
|  66|0x000000061dc00000, 0x000000061dc00000, 0x000000061e000000|  0%| F|  |TAMS 0x000000061dc00000| PB 0x000000061dc00000| Untracked |  0
|  67|0x000000061e000000, 0x000000061e000000, 0x000000061e400000|  0%| F|  |TAMS 0x000000061e000000| PB 0x000000061e000000| Untracked |  0
|  68|0x000000061e400000, 0x000000061e400000, 0x000000061e800000|  0%| F|  |TAMS 0x000000061e400000| PB 0x000000061e400000| Untracked |  0
|  69|0x000000061e800000, 0x000000061e800000, 0x000000061ec00000|  0%| F|  |TAMS 0x000000061e800000| PB 0x000000061e800000| Untracked |  0
|  70|0x000000061ec00000, 0x000000061ec00000, 0x000000061f000000|  0%| F|  |TAMS 0x000000061ec00000| PB 0x000000061ec00000| Untracked |  0
|  71|0x000000061f000000, 0x000000061f000000, 0x000000061f400000|  0%| F|  |TAMS 0x000000061f000000| PB 0x000000061f000000| Untracked |  0
|  72|0x000000061f400000, 0x000000061f400000, 0x000000061f800000|  0%| F|  |TAMS 0x000000061f400000| PB 0x000000061f400000| Untracked |  0
|  73|0x000000061f800000, 0x000000061f800000, 0x000000061fc00000|  0%| F|  |TAMS 0x000000061f800000| PB 0x000000061f800000| Untracked |  0
|  74|0x000000061fc00000, 0x000000061fc00000, 0x0000000620000000|  0%| F|  |TAMS 0x000000061fc00000| PB 0x000000061fc00000| Untracked |  0
|  75|0x0000000620000000, 0x0000000620000000, 0x0000000620400000|  0%| F|  |TAMS 0x0000000620000000| PB 0x0000000620000000| Untracked |  0
|  76|0x0000000620400000, 0x0000000620400000, 0x0000000620800000|  0%| F|  |TAMS 0x0000000620400000| PB 0x0000000620400000| Untracked |  0
|  77|0x0000000620800000, 0x0000000620800000, 0x0000000620c00000|  0%| F|  |TAMS 0x0000000620800000| PB 0x0000000620800000| Untracked |  0
|  78|0x0000000620c00000, 0x0000000620c00000, 0x0000000621000000|  0%| F|  |TAMS 0x0000000620c00000| PB 0x0000000620c00000| Untracked |  0
|  79|0x0000000621000000, 0x0000000621000000, 0x0000000621400000|  0%| F|  |TAMS 0x0000000621000000| PB 0x0000000621000000| Untracked |  0
|  80|0x0000000621400000, 0x0000000621400000, 0x0000000621800000|  0%| F|  |TAMS 0x0000000621400000| PB 0x0000000621400000| Untracked |  0
|  81|0x0000000621800000, 0x0000000621800000, 0x0000000621c00000|  0%| F|  |TAMS 0x0000000621800000| PB 0x0000000621800000| Untracked |  0
|  82|0x0000000621c00000, 0x0000000621c00000, 0x0000000622000000|  0%| F|  |TAMS 0x0000000621c00000| PB 0x0000000621c00000| Untracked |  0
|  83|0x0000000622000000, 0x0000000622000000, 0x0000000622400000|  0%| F|  |TAMS 0x0000000622000000| PB 0x0000000622000000| Untracked |  0
|  84|0x0000000622400000, 0x0000000622400000, 0x0000000622800000|  0%| F|  |TAMS 0x0000000622400000| PB 0x0000000622400000| Untracked |  0
|  85|0x0000000622800000, 0x0000000622800000, 0x0000000622c00000|  0%| F|  |TAMS 0x0000000622800000| PB 0x0000000622800000| Untracked |  0
|  86|0x0000000622c00000, 0x0000000622c00000, 0x0000000623000000|  0%| F|  |TAMS 0x0000000622c00000| PB 0x0000000622c00000| Untracked |  0
|  87|0x0000000623000000, 0x0000000623000000, 0x0000000623400000|  0%| F|  |TAMS 0x0000000623000000| PB 0x0000000623000000| Untracked |  0
|  88|0x0000000623400000, 0x0000000623400000, 0x0000000623800000|  0%| F|  |TAMS 0x0000000623400000| PB 0x0000000623400000| Untracked |  0
|  89|0x0000000623800000, 0x0000000623800000, 0x0000000623c00000|  0%| F|  |TAMS 0x0000000623800000| PB 0x0000000623800000| Untracked |  0
|  90|0x0000000623c00000, 0x0000000623c00000, 0x0000000624000000|  0%| F|  |TAMS 0x0000000623c00000| PB 0x0000000623c00000| Untracked |  0
|  91|0x0000000624000000, 0x0000000624000000, 0x0000000624400000|  0%| F|  |TAMS 0x0000000624000000| PB 0x0000000624000000| Untracked |  0
|  92|0x0000000624400000, 0x0000000624400000, 0x0000000624800000|  0%| F|  |TAMS 0x0000000624400000| PB 0x0000000624400000| Untracked |  0
|  93|0x0000000624800000, 0x0000000624800000, 0x0000000624c00000|  0%| F|  |TAMS 0x0000000624800000| PB 0x0000000624800000| Untracked |  0
|  94|0x0000000624c00000, 0x0000000624c00000, 0x0000000625000000|  0%| F|  |TAMS 0x0000000624c00000| PB 0x0000000624c00000| Untracked |  0
|  95|0x0000000625000000, 0x0000000625000000, 0x0000000625400000|  0%| F|  |TAMS 0x0000000625000000| PB 0x0000000625000000| Untracked |  0
|  96|0x0000000625400000, 0x0000000625400000, 0x0000000625800000|  0%| F|  |TAMS 0x0000000625400000| PB 0x0000000625400000| Untracked |  0
|  97|0x0000000625800000, 0x0000000625800000, 0x0000000625c00000|  0%| F|  |TAMS 0x0000000625800000| PB 0x0000000625800000| Untracked |  0
|  98|0x0000000625c00000, 0x0000000625c00000, 0x0000000626000000|  0%| F|  |TAMS 0x0000000625c00000| PB 0x0000000625c00000| Untracked |  0
|  99|0x0000000626000000, 0x0000000626000000, 0x0000000626400000|  0%| F|  |TAMS 0x0000000626000000| PB 0x0000000626000000| Untracked |  0
| 100|0x0000000626400000, 0x0000000626400000, 0x0000000626800000|  0%| F|  |TAMS 0x0000000626400000| PB 0x0000000626400000| Untracked |  0
| 101|0x0000000626800000, 0x0000000626800000, 0x0000000626c00000|  0%| F|  |TAMS 0x0000000626800000| PB 0x0000000626800000| Untracked |  0
| 102|0x0000000626c00000, 0x0000000626c00000, 0x0000000627000000|  0%| F|  |TAMS 0x0000000626c00000| PB 0x0000000626c00000| Untracked |  0
| 103|0x0000000627000000, 0x0000000627000000, 0x0000000627400000|  0%| F|  |TAMS 0x0000000627000000| PB 0x0000000627000000| Untracked |  0
| 104|0x0000000627400000, 0x0000000627400000, 0x0000000627800000|  0%| F|  |TAMS 0x0000000627400000| PB 0x0000000627400000| Untracked |  0
| 105|0x0000000627800000, 0x0000000627800000, 0x0000000627c00000|  0%| F|  |TAMS 0x0000000627800000| PB 0x0000000627800000| Untracked |  0
| 106|0x0000000627c00000, 0x0000000627c00000, 0x0000000628000000|  0%| F|  |TAMS 0x0000000627c00000| PB 0x0000000627c00000| Untracked |  0
| 107|0x0000000628000000, 0x0000000628000000, 0x0000000628400000|  0%| F|  |TAMS 0x0000000628000000| PB 0x0000000628000000| Untracked |  0
| 108|0x0000000628400000, 0x0000000628400000, 0x0000000628800000|  0%| F|  |TAMS 0x0000000628400000| PB 0x0000000628400000| Untracked |  0
| 109|0x0000000628800000, 0x0000000628800000, 0x0000000628c00000|  0%| F|  |TAMS 0x0000000628800000| PB 0x0000000628800000| Untracked |  0
| 110|0x0000000628c00000, 0x0000000628c00000, 0x0000000629000000|  0%| F|  |TAMS 0x0000000628c00000| PB 0x0000000628c00000| Untracked |  0
| 111|0x0000000629000000, 0x0000000629000000, 0x0000000629400000|  0%| F|  |TAMS 0x0000000629000000| PB 0x0000000629000000| Untracked |  0
| 112|0x0000000629400000, 0x0000000629400000, 0x0000000629800000|  0%| F|  |TAMS 0x0000000629400000| PB 0x0000000629400000| Untracked |  0
| 113|0x0000000629800000, 0x0000000629800000, 0x0000000629c00000|  0%| F|  |TAMS 0x0000000629800000| PB 0x0000000629800000| Untracked |  0
| 114|0x0000000629c00000, 0x0000000629c00000, 0x000000062a000000|  0%| F|  |TAMS 0x0000000629c00000| PB 0x0000000629c00000| Untracked |  0
| 115|0x000000062a000000, 0x000000062a000000, 0x000000062a400000|  0%| F|  |TAMS 0x000000062a000000| PB 0x000000062a000000| Untracked |  0
| 116|0x000000062a400000, 0x000000062a400000, 0x000000062a800000|  0%| F|  |TAMS 0x000000062a400000| PB 0x000000062a400000| Untracked |  0
| 117|0x000000062a800000, 0x000000062a800000, 0x000000062ac00000|  0%| F|  |TAMS 0x000000062a800000| PB 0x000000062a800000| Untracked |  0
| 118|0x000000062ac00000, 0x000000062b000000, 0x000000062b000000|100%| S|CS|TAMS 0x000000062ac00000| PB 0x000000062ac00000| Complete |  0
| 119|0x000000062b000000, 0x000000062b000000, 0x000000062b400000|  0%| F|  |TAMS 0x000000062b000000| PB 0x000000062b000000| Untracked |  0
| 120|0x000000062b400000, 0x000000062b400000, 0x000000062b800000|  0%| F|  |TAMS 0x000000062b400000| PB 0x000000062b400000| Untracked |  0
| 121|0x000000062b800000, 0x000000062b800000, 0x000000062bc00000|  0%| F|  |TAMS 0x000000062b800000| PB 0x000000062b800000| Untracked |  0
| 122|0x000000062bc00000, 0x000000062bc00000, 0x000000062c000000|  0%| F|  |TAMS 0x000000062bc00000| PB 0x000000062bc00000| Untracked |  0
| 123|0x000000062c000000, 0x000000062c000000, 0x000000062c400000|  0%| F|  |TAMS 0x000000062c000000| PB 0x000000062c000000| Untracked |  0
| 124|0x000000062c400000, 0x000000062c54f138, 0x000000062c800000| 32%| E|  |TAMS 0x000000062c400000| PB 0x000000062c400000| Complete |  0

Card table byte_map: [0x00000157cf760000,0x00000157d0700000] _byte_map_base: 0x00000157cc6f6000

Marking Bits: (CMBitMap*) 0x00000157b484d5d0
 Bits: [0x00000157d0700000, 0x00000157d83b0000)

Polling page: 0x00000157b4870000

Metaspace:

Usage:
  Non-class:      7.66 MB used.
      Class:   1004.70 KB used.
       Both:      8.64 MB used.

Virtual space:
  Non-class space:       64.00 MB reserved,       7.75 MB ( 12%) committed,  1 nodes.
      Class space:        1.00 GB reserved,       1.06 MB ( <1%) committed,  1 nodes.
             Both:        1.06 GB reserved,       8.81 MB ( <1%) committed. 

Chunk freelists:
   Non-Class:  8.23 MB
       Class:  14.75 MB
        Both:  22.98 MB

MaxMetaspaceSize: unlimited
CompressedClassSpaceSize: 1.00 GB
Initial GC threshold: 21.00 MB
Current GC threshold: 21.00 MB
CDS: on
 - commit_granule_bytes: 65536.
 - commit_granule_words: 8192.
 - virtual_space_node_default_size: 8388608.
 - enlarge_chunks_in_place: 1.
 - use_allocation_guard: 0.


Internal statistics:

num_allocs_failed_limit: 0.
num_arena_births: 150.
num_arena_deaths: 0.
num_vsnodes_births: 2.
num_vsnodes_deaths: 0.
num_space_committed: 141.
num_space_uncommitted: 0.
num_chunks_returned_to_freelist: 0.
num_chunks_taken_from_freelist: 199.
num_chunk_merges: 0.
num_chunk_splits: 112.
num_chunks_enlarged: 41.
num_inconsistent_stats: 0.

CodeHeap 'non-profiled nmethods': size=119232Kb used=375Kb max_used=375Kb free=118856Kb
 bounds [0x00000157c6370000, 0x00000157c65e0000, 0x00000157cd7e0000]
CodeHeap 'profiled nmethods': size=119104Kb used=1864Kb max_used=1864Kb free=117239Kb
 bounds [0x00000157be7e0000, 0x00000157bea50000, 0x00000157c5c30000]
CodeHeap 'non-nmethods': size=7424Kb used=3450Kb max_used=3463Kb free=3973Kb
 bounds [0x00000157c5c30000, 0x00000157c5fa0000, 0x00000157c6370000]
CodeCache: size=245760Kb, used=5689Kb, max_used=5702Kb, free=240068Kb
 total_blobs=2121, nmethods=1442, adapters=582, full_count=0
Compilation: enabled, stopped_count=0, restarted_count=0

Compilation events (20 events):
Event: 0.411 Thread 0x00000157db49a820 nmethod 1430 0x00000157be9aed08 code [0x00000157be9aee20, 0x00000157be9aef58]
Event: 0.411 Thread 0x00000157db499a80 nmethod 1429 0x00000157be9af008 code [0x00000157be9af140, 0x00000157be9af358]
Event: 0.411 Thread 0x00000157db499a80 1437       3       java.util.concurrent.locks.AbstractQueuedSynchronizer$ConditionObject::signalAll (34 bytes)
Event: 0.411 Thread 0x00000157db49a820 1434   !   3       java.lang.ref.NativeReferenceQueue::enqueue (20 bytes)
Event: 0.411 Thread 0x00000157db49a150 nmethod 1436 0x00000157be9af388 code [0x00000157be9af4a0, 0x00000157be9af630]
Event: 0.411 Thread 0x00000157db49a820 nmethod 1434 0x00000157be9af688 code [0x00000157be9af7c0, 0x00000157be9afa90]
Event: 0.412 Thread 0x00000157db49bc90 nmethod 1431 0x00000157be9afb08 code [0x00000157be9afc60, 0x00000157be9b0258]
Event: 0.412 Thread 0x00000157db49a150 1438   !   3       java.lang.ref.ReferenceQueue::enqueue (32 bytes)
Event: 0.412 Thread 0x00000157db49a820 1439       3       java.lang.ref.ReferenceQueue::signal (10 bytes)
Event: 0.412 Thread 0x00000157db499a80 nmethod 1437 0x00000157be9b0288 code [0x00000157be9b03e0, 0x00000157be9b0730]
Event: 0.412 Thread 0x00000157db49bc90 1435       3       java.lang.ref.NativeReferenceQueue::signal (8 bytes)
Event: 0.412 Thread 0x00000157db49bc90 nmethod 1435 0x00000157be9b0788 code [0x00000157be9b08a0, 0x00000157be9b09e8]
Event: 0.412 Thread 0x00000157db49a820 nmethod 1439 0x00000157be9b0a88 code [0x00000157be9b0be0, 0x00000157be9b0ff0]
Event: 0.412 Thread 0x00000157db49a150 nmethod 1438 0x00000157be9b1088 code [0x00000157be9b1240, 0x00000157be9b1b90]
Event: 0.413 Thread 0x00000157db49a150 1440       1       java.util.EventObject::getSource (5 bytes)
Event: 0.413 Thread 0x00000157db49bc90 1441       1       java.awt.AWTEvent::getID (5 bytes)
Event: 0.413 Thread 0x00000157db49a150 nmethod 1440 0x00000157c63cd808 code [0x00000157c63cd920, 0x00000157c63cd9f0]
Event: 0.413 Thread 0x00000157db49bc90 nmethod 1441 0x00000157c63cdb08 code [0x00000157c63cdc20, 0x00000157c63cdce8]
Event: 0.413 Thread 0x00000157db499a80 1442       3       java.lang.ref.ReferenceQueue::poll0 (65 bytes)
Event: 0.413 Thread 0x00000157db499a80 nmethod 1442 0x00000157be9b1c08 code [0x00000157be9b1d60, 0x00000157be9b2248]

GC Heap History (2 events):
Event: 0.408 GC heap before
{Heap before GC invocations=0 (full 0):
 garbage-first heap   total reserved 8171520K, committed 512000K, used 32768K [0x000000060d400000, 0x0000000800000000)
  region size 4096K, 6 young (24576K), 0 survivors (0K)
 Metaspace       used 8797K, committed 9024K, reserved 1114112K
  class space    used 997K, committed 1088K, reserved 1048576K
}
Event: 0.411 GC heap after
{Heap after GC invocations=1 (full 0):
 garbage-first heap   total reserved 8171520K, committed 512000K, used 12525K [0x000000060d400000, 0x0000000800000000)
  region size 4096K, 1 young (4096K), 1 survivors (4096K)
 Metaspace       used 8797K, committed 9024K, reserved 1114112K
  class space    used 997K, committed 1088K, reserved 1048576K
}

Dll operation events (10 events):
Event: 0.004 Loaded shared library C:\Program Files\Java\jdk-23\bin\java.dll
Event: 0.019 Loaded shared library C:\Program Files\Java\jdk-23\bin\jsvml.dll
Event: 0.032 Loaded shared library C:\Program Files\Java\jdk-23\bin\net.dll
Event: 0.033 Loaded shared library C:\Program Files\Java\jdk-23\bin\nio.dll
Event: 0.043 Loaded shared library C:\Program Files\Java\jdk-23\bin\zip.dll
Event: 0.049 Loaded shared library C:\Program Files\Java\jdk-23\bin\jimage.dll
Event: 0.056 Loaded shared library C:\Program Files\Java\jdk-23\bin\awt.dll
Event: 0.209 Loaded shared library C:\Program Files\Java\jdk-23\bin\javajpeg.dll
Event: 0.246 Loaded shared library C:\Program Files\Java\jdk-23\bin\freetype.dll
Event: 0.246 Loaded shared library C:\Program Files\Java\jdk-23\bin\fontmanager.dll

Deoptimization events (20 events):
Event: 0.249 Thread 0x00000157b450cf70 Uncommon trap: trap_request=0xffffff45 fr.pc=0x00000157c63a2c68 relative=0x00000000000001e8
Event: 0.249 Thread 0x00000157b450cf70 Uncommon trap: reason=unstable_if action=reinterpret pc=0x00000157c63a2c68 method=java.lang.StringUTF16.compress([CI[BII)I @ 20 c2
Event: 0.249 Thread 0x00000157b450cf70 DEOPT PACKING pc=0x00000157c63a2c68 sp=0x00000029d98fddf0
Event: 0.249 Thread 0x00000157b450cf70 DEOPT UNPACKING pc=0x00000157c5c87982 sp=0x00000029d98fdd60 mode 2
Event: 0.270 Thread 0x00000157db48d0b0 Uncommon trap: trap_request=0xffffff45 fr.pc=0x00000157c63aece4 relative=0x0000000000000064
Event: 0.270 Thread 0x00000157db48d0b0 Uncommon trap: reason=unstable_if action=reinterpret pc=0x00000157c63aece4 method=java.lang.CharacterDataLatin1.toLowerCase(I)I @ 16 c2
Event: 0.270 Thread 0x00000157db48d0b0 DEOPT PACKING pc=0x00000157c63aece4 sp=0x00000029daffc700
Event: 0.270 Thread 0x00000157db48d0b0 DEOPT UNPACKING pc=0x00000157c5c87982 sp=0x00000029daffc680 mode 2
Event: 0.334 Thread 0x00000157db48d0b0 Uncommon trap: trap_request=0xffffff45 fr.pc=0x00000157c637d54c relative=0x000000000000028c
Event: 0.334 Thread 0x00000157db48d0b0 Uncommon trap: reason=unstable_if action=reinterpret pc=0x00000157c637d54c method=java.lang.String.isLatin1()Z @ 10 c2
Event: 0.334 Thread 0x00000157db48d0b0 DEOPT PACKING pc=0x00000157c637d54c sp=0x00000029daffcd50
Event: 0.334 Thread 0x00000157db48d0b0 DEOPT UNPACKING pc=0x00000157c5c87982 sp=0x00000029daffcc80 mode 2
Event: 0.339 Thread 0x00000157db48d0b0 Uncommon trap: trap_request=0xffffff45 fr.pc=0x00000157c63bc27c relative=0x00000000000003bc
Event: 0.339 Thread 0x00000157db48d0b0 Uncommon trap: reason=unstable_if action=reinterpret pc=0x00000157c63bc27c method=java.lang.Character.isSurrogate(C)Z @ 3 c2
Event: 0.339 Thread 0x00000157db48d0b0 DEOPT PACKING pc=0x00000157c63bc27c sp=0x00000029daffca20
Event: 0.339 Thread 0x00000157db48d0b0 DEOPT UNPACKING pc=0x00000157c5c87982 sp=0x00000029daffc928 mode 2
Event: 0.396 Thread 0x00000157db48ddd0 Uncommon trap: trap_request=0xffffff45 fr.pc=0x00000157c63bbccc relative=0x000000000000012c
Event: 0.396 Thread 0x00000157db48ddd0 Uncommon trap: reason=unstable_if action=reinterpret pc=0x00000157c63bbccc method=java.lang.ThreadLocal$ThreadLocalMap.getEntry(Ljava/lang/ThreadLocal;)Ljava/lang/ThreadLocal$ThreadLocalMap$Entry; @ 21 c2
Event: 0.396 Thread 0x00000157db48ddd0 DEOPT PACKING pc=0x00000157c63bbccc sp=0x00000029dd1fd970
Event: 0.396 Thread 0x00000157db48ddd0 DEOPT UNPACKING pc=0x00000157c5c87982 sp=0x00000029dd1fd890 mode 2

Classes loaded (20 events):
Event: 0.403 Loading class javax/swing/event/ChangeEvent
Event: 0.403 Loading class javax/swing/event/ChangeEvent done
Event: 0.403 Loading class java/applet/Applet
Event: 0.403 Loading class java/awt/Panel
Event: 0.403 Loading class java/awt/Panel done
Event: 0.403 Loading class java/applet/Applet done
Event: 0.403 Loading class javax/swing/plaf/metal/MetalUtils
Event: 0.403 Loading class javax/swing/plaf/metal/MetalUtils done
Event: 0.413 Loading class java/awt/KeyboardFocusManager$3
Event: 0.413 Loading class java/awt/KeyboardFocusManager$3 done
Event: 0.413 Loading class java/awt/im/InputContext
Event: 0.413 Loading class java/awt/im/InputContext done
Event: 0.413 Loading class sun/awt/im/InputMethodContext
Event: 0.413 Loading class java/awt/im/spi/InputMethodContext
Event: 0.413 Loading class java/awt/im/InputMethodRequests
Event: 0.413 Loading class java/awt/im/InputMethodRequests done
Event: 0.413 Loading class java/awt/im/spi/InputMethodContext done
Event: 0.413 Loading class sun/awt/im/InputContext
Event: 0.413 Loading class sun/awt/im/InputContext done
Event: 0.413 Loading class sun/awt/im/InputMethodContext done

Classes unloaded (0 events):
No events

Classes redefined (0 events):
No events

Internal exceptions (15 events):
Event: 0.033 Thread 0x00000157b450cf70 Exception <a 'sun/nio/fs/WindowsException'{0x000000062c6377b0}> (0x000000062c6377b0) 
thrown [s\open\src\hotspot\share\prims\jni.cpp, line 520]
Event: 0.035 Thread 0x00000157b450cf70 Exception <a 'sun/nio/fs/WindowsException'{0x000000062c639f50}> (0x000000062c639f50) 
thrown [s\open\src\hotspot\share\prims\jni.cpp, line 520]
Event: 0.035 Thread 0x00000157b450cf70 Exception <a 'sun/nio/fs/WindowsException'{0x000000062c63aa80}> (0x000000062c63aa80) 
thrown [s\open\src\hotspot\share\prims\jni.cpp, line 520]
Event: 0.052 Thread 0x00000157b450cf70 Exception <a 'java/lang/ClassNotFoundException'{0x000000062c7fd3d0}: sun/awt/resources/spi/awtProvider> (0x000000062c7fd3d0) 
thrown [s\open\src\hotspot\share\classfile\systemDictionary.cpp, line 313]
Event: 0.061 Thread 0x00000157b450cf70 Exception <a 'java/io/FileNotFoundException'{0x000000062c0511b0}> (0x000000062c0511b0) 
thrown [s\open\src\hotspot\share\prims\jni.cpp, line 520]
Event: 0.064 Thread 0x00000157b450cf70 Exception <a 'java/io/FileNotFoundException'{0x000000062c07f758}> (0x000000062c07f758) 
thrown [s\open\src\hotspot\share\prims\jni.cpp, line 520]
Event: 0.167 Thread 0x00000157b450cf70 Exception <a 'java/lang/NoSuchMethodError'{0x000000062c210898}: 'void java.lang.invoke.DirectMethodHandle$Holder.invokeSpecial(java.lang.Object, java.lang.Object, java.lang.Object)'> (0x000000062c210898) 
thrown [s\open\src\hotspot\share\interpreter\linkResolver.cpp, line 796]
Event: 0.172 Thread 0x00000157b450cf70 Exception <a 'java/lang/NoSuchMethodError'{0x000000062c25ffe8}: 'java.lang.Object java.lang.invoke.DirectMethodHandle$Holder.invokeStatic(java.lang.Object, int, java.lang.Object)'> (0x000000062c25ffe8) 
thrown [s\open\src\hotspot\share\interpreter\linkResolver.cpp, line 796]
Event: 0.181 Thread 0x00000157b450cf70 Exception <a 'java/lang/ClassNotFoundException'{0x000000062c307128}: com/sun/swing/internal/plaf/metal/resources/spi/metalProvider> (0x000000062c307128) 
thrown [s\open\src\hotspot\share\classfile\systemDictionary.cpp, line 313]
Event: 0.181 Thread 0x00000157b450cf70 Exception <a 'java/lang/ClassNotFoundException'{0x000000062c30b138}: com/sun/swing/internal/plaf/basic/resources/spi/basicProvider> (0x000000062c30b138) 
thrown [s\open\src\hotspot\share\classfile\systemDictionary.cpp, line 313]
Event: 0.185 Thread 0x00000157b450cf70 Exception <a 'java/lang/NoSuchMethodError'{0x000000062c32aaa0}: 'int java.lang.invoke.Invokers$Holder.invokeExact_MT(java.lang.Object, java.lang.Object)'> (0x000000062c32aaa0) 
thrown [s\open\src\hotspot\share\interpreter\linkResolver.cpp, line 796]
Event: 0.210 Thread 0x00000157db48e460 Exception <a 'java/lang/NoSuchMethodError'{0x000000062bd83940}: 'java.lang.Object java.lang.invoke.DirectMethodHandle$Holder.newInvokeSpecial(java.lang.Object, java.lang.Object, java.lang.Object, int, int, int, int, int)'> (0x000000062bd83940) 
thrown [s\open\src\hotspot\share\interpreter\linkResolver.cpp, line 796]
Event: 0.244 Thread 0x00000157b450cf70 Exception <a 'java/lang/NoSuchMethodError'{0x000000062ba13d40}: 'void java.lang.invoke.DirectMethodHandle$Holder.invokeStaticInit(java.lang.Object)'> (0x000000062ba13d40) 
thrown [s\open\src\hotspot\share\interpreter\linkResolver.cpp, line 796]
Event: 0.380 Thread 0x00000157db48d0b0 Exception <a 'java/lang/NoSuchMethodError'{0x000000062b3ad708}: 'void java.lang.invoke.DirectMethodHandle$Holder.invokeVirtual(java.lang.Object, java.lang.Object)'> (0x000000062b3ad708) 
thrown [s\open\src\hotspot\share\interpreter\linkResolver.cpp, line 796]
Event: 0.396 Thread 0x00000157db48ddd0 Implicit null exception at 0x00000157c63bbbf5 to 0x00000157c63bbcac

VM Operations (14 events):
Event: 0.035 Executing VM operation: HandshakeAllThreads (Deoptimize)
Event: 0.035 Executing VM operation: HandshakeAllThreads (Deoptimize) done
Event: 0.068 Executing VM operation: HandshakeAllThreads (Deoptimize)
Event: 0.068 Executing VM operation: HandshakeAllThreads (Deoptimize) done
Event: 0.186 Executing VM operation: HandshakeAllThreads (Deoptimize)
Event: 0.186 Executing VM operation: HandshakeAllThreads (Deoptimize) done
Event: 0.205 Executing VM operation: HandshakeAllThreads (Deoptimize)
Event: 0.205 Executing VM operation: HandshakeAllThreads (Deoptimize) done
Event: 0.350 Executing VM operation: HandshakeAllThreads (Deoptimize)
Event: 0.350 Executing VM operation: HandshakeAllThreads (Deoptimize) done
Event: 0.350 Executing VM operation: HandshakeAllThreads (Deoptimize)
Event: 0.350 Executing VM operation: HandshakeAllThreads (Deoptimize) done
Event: 0.408 Executing VM operation: G1CollectForAllocation (G1 Evacuation Pause)
Event: 0.411 Executing VM operation: G1CollectForAllocation (G1 Evacuation Pause) done

Memory protections (0 events):
No events

Nmethod flushes (0 events):
No events

Events (20 events):
Event: 0.018 Thread 0x00000157b450cf70 Thread added: 0x00000157db466e60
Event: 0.018 Thread 0x00000157b450cf70 Thread added: 0x00000157db489dc0
Event: 0.018 Thread 0x00000157b450cf70 Thread added: 0x00000157db48b0b0
Event: 0.018 Thread 0x00000157b450cf70 Thread added: 0x00000157db48f180
Event: 0.018 Thread 0x00000157b450cf70 Thread added: 0x00000157db493310
Event: 0.018 Thread 0x00000157b450cf70 Thread added: 0x00000157db499a80
Event: 0.019 Thread 0x00000157db499a80 Thread added: 0x00000157db49a150
Event: 0.028 Thread 0x00000157b450cf70 Thread added: 0x00000157db48f810
Event: 0.036 Thread 0x00000157db49a150 Thread added: 0x00000157db49bc90
Event: 0.040 Thread 0x00000157b450cf70 Thread added: 0x00000157db48c390
Event: 0.042 Thread 0x00000157db499a80 Thread added: 0x00000157db49c360
Event: 0.084 Thread 0x00000157b450cf70 Thread added: 0x00000157db48eaf0
Event: 0.085 Thread 0x00000157b450cf70 Thread added: 0x00000157db48ca20
Event: 0.085 Thread 0x00000157b450cf70 Thread added: 0x00000157db48d0b0
Event: 0.188 Thread 0x00000157b450cf70 Thread added: 0x00000157db48e460
Event: 0.193 Thread 0x00000157db49bc90 Thread added: 0x00000157db49a820
Event: 0.237 Thread 0x00000157db48d0b0 Thread added: 0x00000157db48ddd0
Event: 0.383 Thread 0x00000157b450cf70 Thread exited: 0x00000157b450cf70
Event: 0.383 Thread 0x00000157db48d740 Thread added: 0x00000157db48d740
Event: 0.387 Thread 0x00000157db48ddd0 Thread added: 0x000001582e4f0e30


Dynamic libraries:
0x00007ff6eb1b0000 - 0x00007ff6eb1c0000 	C:\Program Files\Java\jdk-23\bin\java.exe
0x00007ffbe0830000 - 0x00007ffbe0a47000 	C:\Windows\SYSTEM32\ntdll.dll
0x00007ffbdeb00000 - 0x00007ffbdebc4000 	C:\Windows\System32\KERNEL32.DLL
0x00007ffbddb30000 - 0x00007ffbddee9000 	C:\Windows\System32\KERNELBASE.dll
0x00007ffbde080000 - 0x00007ffbde191000 	C:\Windows\System32\ucrtbase.dll
0x00007ffbd8570000 - 0x00007ffbd858b000 	C:\Program Files\Java\jdk-23\bin\VCRUNTIME140.dll
0x00007ffbcd760000 - 0x00007ffbcd777000 	C:\Program Files\Java\jdk-23\bin\jli.dll
0x00007ffbdf760000 - 0x00007ffbdf90e000 	C:\Windows\System32\USER32.dll
0x00007ffbc1100000 - 0x00007ffbc1392000 	C:\Windows\WinSxS\amd64_microsoft.windows.common-controls_6595b64144ccf1df_6.0.22621.4391_none_2715d37f73803e96\COMCTL32.dll
0x00007ffbddf90000 - 0x00007ffbddfb6000 	C:\Windows\System32\win32u.dll
0x00007ffbdf060000 - 0x00007ffbdf089000 	C:\Windows\System32\GDI32.dll
0x00007ffbe06e0000 - 0x00007ffbe0787000 	C:\Windows\System32\msvcrt.dll
0x00007ffbde240000 - 0x00007ffbde35b000 	C:\Windows\System32\gdi32full.dll
0x00007ffbde1a0000 - 0x00007ffbde23a000 	C:\Windows\System32\msvcp_win.dll
0x00007ffbded40000 - 0x00007ffbded71000 	C:\Windows\System32\IMM32.DLL
0x00007ffbd98a0000 - 0x00007ffbd98ac000 	C:\Program Files\Java\jdk-23\bin\vcruntime140_1.dll
0x00007ffbcd990000 - 0x00007ffbcda1e000 	C:\Program Files\Java\jdk-23\bin\msvcp140.dll
0x00007ffb4f650000 - 0x00007ffb5039f000 	C:\Program Files\Java\jdk-23\bin\server\jvm.dll
0x00007ffbdea40000 - 0x00007ffbdeaf2000 	C:\Windows\System32\ADVAPI32.dll
0x00007ffbdf1d0000 - 0x00007ffbdf277000 	C:\Windows\System32\sechost.dll
0x00007ffbddf60000 - 0x00007ffbddf88000 	C:\Windows\System32\bcrypt.dll
0x00007ffbded80000 - 0x00007ffbdee94000 	C:\Windows\System32\RPCRT4.dll
0x00007ffbde560000 - 0x00007ffbde5d1000 	C:\Windows\System32\WS2_32.dll
0x00007ffbdd4d0000 - 0x00007ffbdd51d000 	C:\Windows\SYSTEM32\POWRPROF.dll
0x00007ffbd3be0000 - 0x00007ffbd3c14000 	C:\Windows\SYSTEM32\WINMM.dll
0x00007ffbcf530000 - 0x00007ffbcf53a000 	C:\Windows\SYSTEM32\VERSION.dll
0x00007ffbdd440000 - 0x00007ffbdd453000 	C:\Windows\SYSTEM32\UMPDC.dll
0x00007ffbdcb30000 - 0x00007ffbdcb48000 	C:\Windows\SYSTEM32\kernel.appcore.dll
0x00007ffbd7310000 - 0x00007ffbd731a000 	C:\Program Files\Java\jdk-23\bin\jimage.dll
0x00007ffbd4c70000 - 0x00007ffbd4ea2000 	C:\Windows\SYSTEM32\DBGHELP.DLL
0x00007ffbdf910000 - 0x00007ffbdfc9f000 	C:\Windows\System32\combase.dll
0x00007ffbdeea0000 - 0x00007ffbdef77000 	C:\Windows\System32\OLEAUT32.dll
0x00007ffbc1030000 - 0x00007ffbc1062000 	C:\Windows\SYSTEM32\dbgcore.DLL
0x00007ffbde4d0000 - 0x00007ffbde54b000 	C:\Windows\System32\bcryptPrimitives.dll
0x00007ffbd72c0000 - 0x00007ffbd72de000 	C:\Program Files\Java\jdk-23\bin\java.dll
0x00007ffbde630000 - 0x00007ffbde7d5000 	C:\Windows\System32\ole32.dll
0x00007ffbdfe60000 - 0x00007ffbe06d6000 	C:\Windows\System32\SHELL32.dll
0x00007ffbdba20000 - 0x00007ffbdc323000 	C:\Windows\SYSTEM32\windows.storage.dll
0x00007ffbdb8e0000 - 0x00007ffbdba1f000 	C:\Windows\SYSTEM32\wintypes.dll
0x00007ffbde940000 - 0x00007ffbdea39000 	C:\Windows\System32\SHCORE.dll
0x00007ffbdf700000 - 0x00007ffbdf75e000 	C:\Windows\System32\shlwapi.dll
0x00007ffbdda60000 - 0x00007ffbdda8b000 	C:\Windows\SYSTEM32\profapi.dll
0x00007ffbcdbb0000 - 0x00007ffbcdc87000 	C:\Program Files\Java\jdk-23\bin\jsvml.dll
0x00007ffbcf540000 - 0x00007ffbcf550000 	C:\Program Files\Java\jdk-23\bin\net.dll
0x00007ffbdcfa0000 - 0x00007ffbdd009000 	C:\Windows\system32\mswsock.dll
0x00007ffbce500000 - 0x00007ffbce516000 	C:\Program Files\Java\jdk-23\bin\nio.dll
0x00007ffbce430000 - 0x00007ffbce447000 	C:\Program Files\Java\jdk-23\bin\zip.dll
0x00007ffbcda20000 - 0x00007ffbcdbae000 	C:\Program Files\Java\jdk-23\bin\awt.dll
0x00007ffbd9150000 - 0x00007ffbd91e7000 	C:\Windows\SYSTEM32\apphelp.dll
0x00007ffbdb260000 - 0x00007ffbdb28b000 	C:\Windows\system32\DWMAPI.DLL
0x00007ffbdafc0000 - 0x00007ffbdb071000 	C:\Windows\system32\uxtheme.dll
0x00007ffbab550000 - 0x00007ffbab650000 	C:\Windows\system32\opengl32.dll
0x00007ffbb6580000 - 0x00007ffbb65ad000 	C:\Windows\SYSTEM32\GLU32.dll
0x00007ffbdb110000 - 0x00007ffbdb147000 	C:\Windows\SYSTEM32\dxcore.dll
0x00007ffbdebd0000 - 0x00007ffbded30000 	C:\Windows\System32\MSCTF.dll
0x00007ffbce960000 - 0x00007ffbceb08000 	C:\Windows\system32\d3d9.dll
0x00007ffb8e6a0000 - 0x00007ffb916c7000 	C:\Windows\System32\DriverStore\FileRepository\u0402338.inf_amd64_d4de815aa579b06a\B402197\amdxn64.dll
0x00007ffbdf280000 - 0x00007ffbdf6f4000 	C:\Windows\System32\SETUPAPI.dll
0x00007ffbdb150000 - 0x00007ffbdb247000 	C:\Windows\SYSTEM32\dxgi.dll
0x00007ffbd3a80000 - 0x00007ffbd3ab7000 	C:\Windows\System32\DriverStore\FileRepository\u0402338.inf_amd64_d4de815aa579b06a\B402197\amdihk64.dll
0x00007ffbd67f0000 - 0x00007ffbd6839000 	C:\Windows\SYSTEM32\directxdatabasehelper.dll
0x00007ffbcd730000 - 0x00007ffbcd75e000 	C:\Program Files\Java\jdk-23\bin\javajpeg.dll
0x00007ffbcd900000 - 0x00007ffbcd987000 	C:\Program Files\Java\jdk-23\bin\freetype.dll
0x00007ffbcd820000 - 0x00007ffbcd8f7000 	C:\Program Files\Java\jdk-23\bin\fontmanager.dll
0x00007ffbdef90000 - 0x00007ffbdf040000 	C:\Windows\System32\clbcatq.dll
0x00007ffbdad40000 - 0x00007ffbdaef0000 	C:\Windows\SYSTEM32\WindowsCodecs.dll
0x00007ffbbd2b0000 - 0x00007ffbbd30e000 	C:\Windows\system32\dataexchange.dll
0x00007ffbd3c20000 - 0x00007ffbd3ec4000 	C:\Windows\system32\twinapi.appcore.dll
0x00007ffbbe3c0000 - 0x00007ffbbe505000 	C:\Windows\SYSTEM32\textinputframework.dll

dbghelp: loaded successfully - version: 4.0.5 - missing functions: none
symbol engine: initialized successfully - sym options: 0x614 - pdb path: .;C:\Program Files\Java\jdk-23\bin;C:\Windows\SYSTEM32;C:\Windows\WinSxS\amd64_microsoft.windows.common-controls_6595b64144ccf1df_6.0.22621.4391_none_2715d37f73803e96;C:\Program Files\Java\jdk-23\bin\server;C:\Windows\System32\DriverStore\FileRepository\u0402338.inf_amd64_d4de815aa579b06a\B402197

VM Arguments:
jvm_args: -Dfile.encoding=UTF-8 --module-path=C:\Users\carlo\Documents\NetBeansProjects\Electricity_Bills_System\build\classes 
java_command: electricity_bills_system.Login
java_class_path (initial): A:\PROGRAMACION\SQLJAR\mysql-connector-j-9.0.0\mysql-connector-j-9.0.0.jar;C:\Users\carlo\Documents\NetBeansProjects\Electricity_Bills_System\build\classes
Launcher Type: SUN_STANDARD

[Global flags]
     intx CICompilerCount                          = 12                                        {product} {ergonomic}
     uint ConcGCThreads                            = 3                                         {product} {ergonomic}
     uint G1ConcRefinementThreads                  = 13                                        {product} {ergonomic}
   size_t G1HeapRegionSize                         = 4194304                                   {product} {ergonomic}
   size_t InitialHeapSize                          = 524288000                                 {product} {ergonomic}
   size_t MarkStackSize                            = 4194304                                   {product} {ergonomic}
   size_t MarkStackSizeMax                         = 536870912                                 {product} {ergonomic}
   size_t MaxHeapSize                              = 8367636480                                {product} {ergonomic}
   size_t MaxNewSize                               = 5020581888                                {product} {ergonomic}
   size_t MinHeapDeltaBytes                        = 4194304                                   {product} {ergonomic}
   size_t MinHeapSize                              = 8388608                                   {product} {ergonomic}
    uintx NonNMethodCodeHeapSize                   = 7602176                                {pd product} {ergonomic}
    uintx NonProfiledCodeHeapSize                  = 122093568                              {pd product} {ergonomic}
    uintx ProfiledCodeHeapSize                     = 121962496                              {pd product} {ergonomic}
    uintx ReservedCodeCacheSize                    = 251658240                              {pd product} {ergonomic}
     bool SegmentedCodeCache                       = true                                      {product} {ergonomic}
   size_t SoftMaxHeapSize                          = 8367636480                             {manageable} {ergonomic}
     bool UseCompressedOops                        = true                           {product lp64_product} {ergonomic}
     bool UseG1GC                                  = true                                      {product} {ergonomic}
     bool UseLargePagesIndividualAllocation        = false                                  {pd product} {ergonomic}

Logging:
Log output configuration:
 #0: stdout all=warning uptime,level,tags foldmultilines=false
 #1: stderr all=off uptime,level,tags foldmultilines=false

Environment Variables:
PATH=C:\Program Files\Common Files\Oracle\Java\javapath;C:\Program Files (x86)\NVIDIA Corporation\PhysX\Common;C:\Windows\system32;C:\Windows;C:\Windows\System32\Wbem;C:\Windows\System32\WindowsPowerShell\v1.0\;C:\Windows\System32\OpenSSH\;W:\Programas\Git\cmd;C:\Program Files (x86)\Git\cmd;C:\Program Files\MySQL\MySQL Shell 8.0\bin\;C:\Users\carlo\AppData\Local\Programs\Python\Launcher\;C:\Users\carlo\AppData\Local\Microsoft\WindowsApps;W:\Programas\Microsoft VS Code\bin
USERNAME=carlo
OS=Windows_NT
PROCESSOR_IDENTIFIER=AMD64 Family 25 Model 97 Stepping 2, AuthenticAMD
TMP=C:\Users\carlo\AppData\Local\Temp
TEMP=C:\Users\carlo\AppData\Local\Temp




Periodic native trim disabled

---------------  S Y S T E M  ---------------

OS:
 Windows 11 , 64 bit Build 22621 (10.0.22621.4391)
OS uptime: 5 days 12:53 hours
Hyper-V role detected

CPU: total 16 (initial active 16) (16 cores per cpu, 2 threads per core) family 25 model 97 stepping 2 microcode 0x0, cx8, cmov, fxsr, ht, mmx, 3dnowpref, sse, sse2, sse3, ssse3, sse4a, sse4.1, sse4.2, popcnt, lzcnt, tsc, tscinvbit, avx, avx2, aes, erms, clmul, bmi1, bmi2, adx, avx512f, avx512dq, avx512cd, avx512bw, avx512vl, sha, fma, vzeroupper, avx512_vpopcntdq, avx512_vpclmulqdq, avx512_vaes, avx512_vnni, clflush, clflushopt, avx512_vbmi2, avx512_vbmi, hv, rdtscp, rdpid, fsrm, gfni, avx512_bitalg, f16c, cet_ss, avx512_ifma
Processor Information for the first 16 processors :
  Max Mhz: 4201, Current Mhz: 4201, Mhz Limit: 4201

Memory: 4k page, system-wide physical 31904M (11409M free)
TotalPageFile size 50981M (AvailPageFile size 5M)
current process WorkingSet (physical memory assigned to process): 160M, peak: 160M
current process commit charge ("private bytes"): 700M, peak: 702M

vm_info: Java HotSpot(TM) 64-Bit Server VM (23+37-2369) for windows-amd64 JRE (23+37-2369), built on 2024-08-20T16:01:23Z with MS VC++ 17.6 (VS2022)

END.
