#
# There is insufficient memory for the Java Runtime Environment to continue.
# Native memory allocation (mmap) failed to map 524288000 bytes. Error detail: G1 virtual space
# Possible reasons:
#   The system is out of physical RAM or swap space
#   This process is running with CompressedOops enabled, and the Java Heap may be blocking the growth of the native heap
# Possible solutions:
#   Reduce memory load on the system
#   Increase physical memory or swap space
#   Check if swap backing store is full
#   Decrease Java heap size (-Xmx/-Xms)
#   Decrease number of Java threads
#   Decrease Java thread stack sizes (-Xss)
#   Set larger code cache with -XX:ReservedCodeCacheSize=
#   JVM is running with Zero Based Compressed Oops mode in which the Java heap is
#     placed in the first 32GB address space. The Java Heap base address is the
#     maximum limit for the native heap growth. Please use -XX:HeapBaseMinAddress
#     to set the Java Heap base and to place the Java Heap above 32GB virtual address.
# This output file may be truncated or incomplete.
#
#  Out of Memory Error (os_windows.cpp:3703), pid=105308, tid=105368
#
# JRE version:  (23.0+37) (build )
# Java VM: Java HotSpot(TM) 64-Bit Server VM (23+37-2369, mixed mode, sharing, tiered, compressed oops, compressed class ptrs, g1 gc, windows-amd64)
# No core dump will be written. Minidumps are not enabled by default on client versions of Windows
#

---------------  S U M M A R Y ------------

Command Line: -Dfile.encoding=UTF-8 --module-path=C:\Users\carlo\Documents\NetBeansProjects\Electricity_Bills_System\build\classes electricity_bills_system.newClient

Host: AMD Ryzen 7 7800X3D 8-Core Processor           , 16 cores, 31G,  Windows 11 , 64 bit Build 22621 (10.0.22621.4391)
Time: Fri Dec  6 01:56:33 2024 Hora estándar romance elapsed time: 0.006425 seconds (0d 0h 0m 0s)

---------------  T H R E A D  ---------------

Current thread (0x000002d5a0bdbe70):  JavaThread "Unknown thread" [_thread_in_vm, id=105368, stack(0x000000dffba00000,0x000000dffbb00000) (1024K)]

Stack: [0x000000dffba00000,0x000000dffbb00000]
Native frames: (J=compiled Java code, j=interpreted, Vv=VM code, C=native code)
V  [jvm.dll+0x6e08a9]  (no source info available)
V  [jvm.dll+0x87da63]  (no source info available)
V  [jvm.dll+0x87feee]  (no source info available)
V  [jvm.dll+0x8805c3]  (no source info available)
V  [jvm.dll+0x27aee6]  (no source info available)
V  [jvm.dll+0x6dd1b5]  (no source info available)
V  [jvm.dll+0x6d103a]  (no source info available)
V  [jvm.dll+0x35b3ea]  (no source info available)
V  [jvm.dll+0x3637f6]  (no source info available)
V  [jvm.dll+0x34fd5e]  (no source info available)
V  [jvm.dll+0x34fff8]  (no source info available)
V  [jvm.dll+0x3289cc]  (no source info available)
V  [jvm.dll+0x32966e]  (no source info available)
V  [jvm.dll+0x8442e5]  (no source info available)
V  [jvm.dll+0x3b9848]  (no source info available)
V  [jvm.dll+0x82d0dc]  (no source info available)
V  [jvm.dll+0x454d4e]  (no source info available)
V  [jvm.dll+0x456bd1]  (no source info available)
C  [jli.dll+0x52a3]  (no source info available)
C  [ucrtbase.dll+0x29333]  (no source info available)
C  [KERNEL32.DLL+0x1259d]  (no source info available)
C  [ntdll.dll+0x5af38]  (no source info available)

Lock stack of current Java thread (top to bottom):


---------------  P R O C E S S  ---------------

Threads class SMR info:
_java_thread_list=0x00007ffb50243618, length=0, elements={
}

Java Threads: ( => current thread )
Total: 0

Other Threads:
  0x000002d5a309f6c0 WorkerThread "GC Thread#0"                     [id=105372, stack(0x000000dffbb00000,0x000000dffbc00000) (1024K)]
  0x000002d5a30b5070 ConcurrentGCThread "G1 Main Marker"            [id=105376, stack(0x000000dffbc00000,0x000000dffbd00000) (1024K)]
  0x000002d5a30b6320 WorkerThread "G1 Conc#0"                       [id=105380, stack(0x000000dffbd00000,0x000000dffbe00000) (1024K)]

[error occurred during error reporting (printing all threads), id 0xc0000005, EXCEPTION_ACCESS_VIOLATION (0xc0000005) at pc=0x00007ffb4f98bfba]
VM state: not at safepoint (not fully initialized)

VM Mutex/Monitor currently owned by a thread:  ([mutex/lock_event])
[0x00007ffb502c3a10] Heap_lock - owner thread: 0x000002d5a0bdbe70

Heap address: 0x000000060d400000, size: 7980 MB, Compressed Oops mode: Zero based, Oop shift amount: 3

CDS archive(s) mapped at: [0x0000000000000000-0x0000000000000000-0x0000000000000000), size 0, SharedBaseAddress: 0x0000000800000000, ArchiveRelocationMode: 1.
Narrow klass base: 0x0000000000000000, Narrow klass shift: 0, Narrow klass range: 0x0

GC Precious Log:
 CardTable entry size: 512
 Card Set container configuration: InlinePtr #cards 4 size 8 Array Of Cards #cards 32 size 80 Howl #buckets 8 coarsen threshold 7372 Howl Bitmap #cards 1024 size 144 coarsen threshold 921 Card regions per heap region 1 cards per card region 8192

Heap:
 garbage-first heap   total reserved 8171520K, committed 0K, used 0K [0x000000060d400000, 0x0000000800000000)
  region size 4096K, 0 young (0K), 0 survivors (0K)

[error occurred during error reporting (printing heap information), id 0xc0000005, EXCEPTION_ACCESS_VIOLATION (0xc0000005) at pc=0x00007ffb4fd8c3b9]
GC Heap History (0 events):
No events

Dll operation events (1 events):
Event: 0.004 Loaded shared library C:\Program Files\Java\jdk-23\bin\java.dll

Deoptimization events (0 events):
No events

Classes loaded (0 events):
No events

Classes unloaded (0 events):
No events

Classes redefined (0 events):
No events

Internal exceptions (0 events):
No events

VM Operations (0 events):
No events

Memory protections (0 events):
No events

Nmethod flushes (0 events):
No events

Events (0 events):
No events


Dynamic libraries:
0x00007ff6eb1b0000 - 0x00007ff6eb1c0000 	C:\Program Files\Java\jdk-23\bin\java.exe
0x00007ffbe0830000 - 0x00007ffbe0a47000 	C:\Windows\SYSTEM32\ntdll.dll
0x00007ffbdeb00000 - 0x00007ffbdebc4000 	C:\Windows\System32\KERNEL32.DLL
0x00007ffbddb30000 - 0x00007ffbddee9000 	C:\Windows\System32\KERNELBASE.dll
0x00007ffbde080000 - 0x00007ffbde191000 	C:\Windows\System32\ucrtbase.dll
0x00007ffbce500000 - 0x00007ffbce51b000 	C:\Program Files\Java\jdk-23\bin\VCRUNTIME140.dll
0x00007ffbc69d0000 - 0x00007ffbc69e7000 	C:\Program Files\Java\jdk-23\bin\jli.dll
0x00007ffbdf760000 - 0x00007ffbdf90e000 	C:\Windows\System32\USER32.dll
0x00007ffbddf90000 - 0x00007ffbddfb6000 	C:\Windows\System32\win32u.dll
0x00007ffbc1100000 - 0x00007ffbc1392000 	C:\Windows\WinSxS\amd64_microsoft.windows.common-controls_6595b64144ccf1df_6.0.22621.4391_none_2715d37f73803e96\COMCTL32.dll
0x00007ffbdf060000 - 0x00007ffbdf089000 	C:\Windows\System32\GDI32.dll
0x00007ffbe06e0000 - 0x00007ffbe0787000 	C:\Windows\System32\msvcrt.dll
0x00007ffbde240000 - 0x00007ffbde35b000 	C:\Windows\System32\gdi32full.dll
0x00007ffbde1a0000 - 0x00007ffbde23a000 	C:\Windows\System32\msvcp_win.dll
0x00007ffbded40000 - 0x00007ffbded71000 	C:\Windows\System32\IMM32.DLL
0x00007ffbcf430000 - 0x00007ffbcf43c000 	C:\Program Files\Java\jdk-23\bin\vcruntime140_1.dll
0x00007ffbcd8b0000 - 0x00007ffbcd93e000 	C:\Program Files\Java\jdk-23\bin\msvcp140.dll
0x00007ffb4f650000 - 0x00007ffb5039f000 	C:\Program Files\Java\jdk-23\bin\server\jvm.dll
0x00007ffbdea40000 - 0x00007ffbdeaf2000 	C:\Windows\System32\ADVAPI32.dll
0x00007ffbdf1d0000 - 0x00007ffbdf277000 	C:\Windows\System32\sechost.dll
0x00007ffbddf60000 - 0x00007ffbddf88000 	C:\Windows\System32\bcrypt.dll
0x00007ffbded80000 - 0x00007ffbdee94000 	C:\Windows\System32\RPCRT4.dll
0x00007ffbde560000 - 0x00007ffbde5d1000 	C:\Windows\System32\WS2_32.dll
0x00007ffbdd4d0000 - 0x00007ffbdd51d000 	C:\Windows\SYSTEM32\POWRPROF.dll
0x00007ffbd3be0000 - 0x00007ffbd3c14000 	C:\Windows\SYSTEM32\WINMM.dll
0x00007ffbcf530000 - 0x00007ffbcf53a000 	C:\Windows\SYSTEM32\VERSION.dll
0x00007ffbdd440000 - 0x00007ffbdd453000 	C:\Windows\SYSTEM32\UMPDC.dll
0x00007ffbdcb30000 - 0x00007ffbdcb48000 	C:\Windows\SYSTEM32\kernel.appcore.dll
0x00007ffbcdc20000 - 0x00007ffbcdc2a000 	C:\Program Files\Java\jdk-23\bin\jimage.dll
0x00007ffbd4c70000 - 0x00007ffbd4ea2000 	C:\Windows\SYSTEM32\DBGHELP.DLL
0x00007ffbdf910000 - 0x00007ffbdfc9f000 	C:\Windows\System32\combase.dll
0x00007ffbdeea0000 - 0x00007ffbdef77000 	C:\Windows\System32\OLEAUT32.dll
0x00007ffbc1030000 - 0x00007ffbc1062000 	C:\Windows\SYSTEM32\dbgcore.DLL
0x00007ffbde4d0000 - 0x00007ffbde54b000 	C:\Windows\System32\bcryptPrimitives.dll
0x00007ffbcdc30000 - 0x00007ffbcdc4e000 	C:\Program Files\Java\jdk-23\bin\java.dll
0x00007ffbde630000 - 0x00007ffbde7d5000 	C:\Windows\System32\ole32.dll
0x00007ffbdfe60000 - 0x00007ffbe06d6000 	C:\Windows\System32\SHELL32.dll

dbghelp: loaded successfully - version: 4.0.5 - missing functions: none
symbol engine: initialized successfully - sym options: 0x614 - pdb path: .;C:\Program Files\Java\jdk-23\bin;C:\Windows\SYSTEM32;C:\Windows\WinSxS\amd64_microsoft.windows.common-controls_6595b64144ccf1df_6.0.22621.4391_none_2715d37f73803e96;C:\Program Files\Java\jdk-23\bin\server

VM Arguments:
jvm_args: -Dfile.encoding=UTF-8 --module-path=C:\Users\carlo\Documents\NetBeansProjects\Electricity_Bills_System\build\classes 
java_command: electricity_bills_system.newClient
java_class_path (initial): A:\PROGRAMACION\SQLJAR\mysql-connector-j-9.0.0\mysql-connector-j-9.0.0.jar;C:\Users\carlo\Documents\NetBeansProjects\Electricity_Bills_System\build\classes
Launcher Type: SUN_STANDARD

[Global flags]
     intx CICompilerCount                          = 12                                        {product} {ergonomic}
     uint ConcGCThreads                            = 3                                         {product} {ergonomic}
     uint G1ConcRefinementThreads                  = 13                                        {product} {ergonomic}
   size_t G1HeapRegionSize                         = 4194304                                   {product} {ergonomic}
   size_t InitialHeapSize                          = 524288000                                 {product} {ergonomic}
   size_t MarkStackSize                            = 4194304                                   {product} {ergonomic}
   size_t MarkStackSizeMax                         = 536870912                                 {product} {ergonomic}
   size_t MaxHeapSize                              = 8367636480                                {product} {ergonomic}
   size_t MinHeapDeltaBytes                        = 4194304                                   {product} {ergonomic}
   size_t MinHeapSize                              = 8388608                                   {product} {ergonomic}
    uintx NonNMethodCodeHeapSize                   = 7602176                                {pd product} {ergonomic}
    uintx NonProfiledCodeHeapSize                  = 122093568                              {pd product} {ergonomic}
    uintx ProfiledCodeHeapSize                     = 121962496                              {pd product} {ergonomic}
    uintx ReservedCodeCacheSize                    = 251658240                              {pd product} {ergonomic}
     bool SegmentedCodeCache                       = true                                      {product} {ergonomic}
   size_t SoftMaxHeapSize                          = 8367636480                             {manageable} {ergonomic}
     bool UseCompressedOops                        = true                           {product lp64_product} {ergonomic}
     bool UseG1GC                                  = true                                      {product} {ergonomic}
     bool UseLargePagesIndividualAllocation        = false                                  {pd product} {ergonomic}

Logging:
Log output configuration:
 #0: stdout all=warning uptime,level,tags foldmultilines=false
 #1: stderr all=off uptime,level,tags foldmultilines=false

Environment Variables:
PATH=C:\Program Files\Common Files\Oracle\Java\javapath;C:\Program Files (x86)\NVIDIA Corporation\PhysX\Common;C:\Windows\system32;C:\Windows;C:\Windows\System32\Wbem;C:\Windows\System32\WindowsPowerShell\v1.0\;C:\Windows\System32\OpenSSH\;W:\Programas\Git\cmd;C:\Program Files (x86)\Git\cmd;C:\Program Files\MySQL\MySQL Shell 8.0\bin\;C:\Users\carlo\AppData\Local\Programs\Python\Launcher\;C:\Users\carlo\AppData\Local\Microsoft\WindowsApps;W:\Programas\Microsoft VS Code\bin
USERNAME=carlo
OS=Windows_NT
PROCESSOR_IDENTIFIER=AMD64 Family 25 Model 97 Stepping 2, AuthenticAMD
TMP=C:\Users\carlo\AppData\Local\Temp
TEMP=C:\Users\carlo\AppData\Local\Temp




Periodic native trim disabled

---------------  S Y S T E M  ---------------

OS:
 Windows 11 , 64 bit Build 22621 (10.0.22621.4391)
OS uptime: 5 days 11:53 hours
Hyper-V role detected

CPU: total 16 (initial active 16) (16 cores per cpu, 2 threads per core) family 25 model 97 stepping 2 microcode 0x0, cx8, cmov, fxsr, ht, mmx, 3dnowpref, sse, sse2, sse3, ssse3, sse4a, sse4.1, sse4.2, popcnt, lzcnt, tsc, tscinvbit, avx, avx2, aes, erms, clmul, bmi1, bmi2, adx, avx512f, avx512dq, avx512cd, avx512bw, avx512vl, sha, fma, vzeroupper, avx512_vpopcntdq, avx512_vpclmulqdq, avx512_vaes, avx512_vnni, clflush, clflushopt, avx512_vbmi2, avx512_vbmi, hv, rdtscp, rdpid, fsrm, gfni, avx512_bitalg, f16c, cet_ss, avx512_ifma
Processor Information for the first 16 processors :
  Max Mhz: 4201, Current Mhz: 4201, Mhz Limit: 4201

Memory: 4k page, system-wide physical 31904M (12737M free)
TotalPageFile size 50822M (AvailPageFile size 239M)
current process WorkingSet (physical memory assigned to process): 12M, peak: 12M
current process commit charge ("private bytes"): 71M, peak: 571M

vm_info: Java HotSpot(TM) 64-Bit Server VM (23+37-2369) for windows-amd64 JRE (23+37-2369), built on 2024-08-20T16:01:23Z with MS VC++ 17.6 (VS2022)

END.
